#
# There is insufficient memory for the Java Runtime Environment to continue.
# Native memory allocation (malloc) failed to allocate 595248 bytes for Chunk::new
# Possible reasons:
#   The system is out of physical RAM or swap space
#   The process is running with CompressedOops enabled, and the Java Heap may be blocking the growth of the native heap
# Possible solutions:
#   Reduce memory load on the system
#   Increase physical memory or swap space
#   Check if swap backing store is full
#   Decrease Java heap size (-Xmx/-Xms)
#   Decrease number of Java threads
#   Decrease Java thread stack sizes (-Xss)
#   Set larger code cache with -XX:ReservedCodeCacheSize=
#   JVM is running with Unscaled Compressed Oops mode in which the Java heap is
#     placed in the first 4GB address space. The Java Heap base address is the
#     maximum limit for the native heap growth. Please use -XX:HeapBaseMinAddress
#     to set the Java Heap base and to place the Java Heap above 4GB virtual address.
# This output file may be truncated or incomplete.
#
#  Out of Memory Error (arena.cpp:168), pid=9540, tid=10988
#
# JRE version: Java(TM) SE Runtime Environment (21.0.3+7) (build 21.0.3+7-LTS-152)
# Java VM: Java HotSpot(TM) 64-Bit Server VM (21.0.3+7-LTS-152, mixed mode, sharing, tiered, compressed oops, compressed class ptrs, g1 gc, windows-amd64)
# No core dump will be written. Minidumps are not enabled by default on client versions of Windows
#

---------------  S U M M A R Y ------------

Command Line: -javaagent:C:\\Users\\Nikshepa\\.m2\\repository\\org\\jacoco\\org.jacoco.agent\\0.8.7\\org.jacoco.agent-0.8.7-runtime.jar=destfile=C:\\UIAndAPIFramework\\UIAndAPIAutomationFramework\\target\\jacoco.exec C:\Users\Nikshepa\AppData\Local\Temp\surefire63421041604192615\surefirebooter-20250114165453421_3.jar C:\Users\Nikshepa\AppData\Local\Temp\surefire63421041604192615 2025-01-14T16-54-52_649-jvmRun1 surefire-20250114165453421_1tmp surefire_0-20250114165453421_2tmp

Host: Intel(R) Core(TM) i5-8265U CPU @ 1.60GHz, 8 cores, 3G,  Windows 11 , 64 bit Build 22621 (10.0.22621.4391)
Time: Tue Jan 14 16:54:54 2025 India Standard Time elapsed time: 0.996033 seconds (0d 0h 0m 0s)

---------------  T H R E A D  ---------------

Current thread (0x00000151c84b9d20):  JavaThread "C2 CompilerThread0" daemon [_thread_in_native, id=10988, stack(0x00000043ecb00000,0x00000043ecc00000) (1024K)]


Current CompileTask:
C2:    996  965       4       org.jacoco.agent.rt.internal_3570298.asm.Type::getDescriptor (93 bytes)

Stack: [0x00000043ecb00000,0x00000043ecc00000]
Native frames: (J=compiled Java code, j=interpreted, Vv=VM code, C=native code)
V  [jvm.dll+0x6c63b9]
V  [jvm.dll+0x84fa11]
V  [jvm.dll+0x851f3e]
V  [jvm.dll+0x852613]
V  [jvm.dll+0x27cd46]
V  [jvm.dll+0xc4aad]
V  [jvm.dll+0xc4fe3]
V  [jvm.dll+0x3b1d5c]
V  [jvm.dll+0x37e485]
V  [jvm.dll+0x37d8fa]
V  [jvm.dll+0x245b40]
V  [jvm.dll+0x24511f]
V  [jvm.dll+0x1c689e]
V  [jvm.dll+0x254609]
V  [jvm.dll+0x252b9a]
V  [jvm.dll+0x3eb056]
V  [jvm.dll+0x7f9ffb]
V  [jvm.dll+0x6c4a9d]
C  [ucrtbase.dll+0x29333]
C  [KERNEL32.DLL+0x1259d]
C  [ntdll.dll+0x5af38]


---------------  P R O C E S S  ---------------

Threads class SMR info:
_java_thread_list=0x000001520e839370, length=12, elements={
0x00000151aace3420, 0x00000151c8498b90, 0x00000151c8499ab0, 0x00000151c849ec90,
0x00000151c849faa0, 0x00000151c84a2910, 0x00000151c84a3370, 0x00000151c84b9d20,
0x00000151c84da7d0, 0x00000151c846c450, 0x000001520e26f980, 0x000001520e4df0f0
}

Java Threads: ( => current thread )
  0x00000151aace3420 JavaThread "main"                              [_thread_in_Java, id=4700, stack(0x00000043ebd00000,0x00000043ebe00000) (1024K)]
  0x00000151c8498b90 JavaThread "Reference Handler"          daemon [_thread_blocked, id=2344, stack(0x00000043ec500000,0x00000043ec600000) (1024K)]
  0x00000151c8499ab0 JavaThread "Finalizer"                  daemon [_thread_blocked, id=23064, stack(0x00000043ec600000,0x00000043ec700000) (1024K)]
  0x00000151c849ec90 JavaThread "Signal Dispatcher"          daemon [_thread_blocked, id=20648, stack(0x00000043ec700000,0x00000043ec800000) (1024K)]
  0x00000151c849faa0 JavaThread "Attach Listener"            daemon [_thread_blocked, id=21852, stack(0x00000043ec800000,0x00000043ec900000) (1024K)]
  0x00000151c84a2910 JavaThread "Service Thread"             daemon [_thread_blocked, id=16348, stack(0x00000043ec900000,0x00000043eca00000) (1024K)]
  0x00000151c84a3370 JavaThread "Monitor Deflation Thread"   daemon [_thread_blocked, id=1816, stack(0x00000043eca00000,0x00000043ecb00000) (1024K)]
=>0x00000151c84b9d20 JavaThread "C2 CompilerThread0"         daemon [_thread_in_native, id=10988, stack(0x00000043ecb00000,0x00000043ecc00000) (1024K)]
  0x00000151c84da7d0 JavaThread "C1 CompilerThread0"         daemon [_thread_blocked, id=15156, stack(0x00000043ecc00000,0x00000043ecd00000) (1024K)]
  0x00000151c846c450 JavaThread "Common-Cleaner"             daemon [_thread_blocked, id=6692, stack(0x00000043ecd00000,0x00000043ece00000) (1024K)]
  0x000001520e26f980 JavaThread "Notification Thread"        daemon [_thread_blocked, id=12276, stack(0x00000043ece00000,0x00000043ecf00000) (1024K)]
  0x000001520e4df0f0 JavaThread "surefire-forkedjvm-stream-flusher" daemon [_thread_blocked, id=19400, stack(0x00000043ecf00000,0x00000043ed000000) (1024K)]
Total: 12

Other Threads:
  0x00000151c847bf20 VMThread "VM Thread"                           [id=22172, stack(0x00000043ec400000,0x00000043ec500000) (1024K)]
  0x00000151ad042790 WatcherThread "VM Periodic Task Thread"        [id=15656, stack(0x00000043ec300000,0x00000043ec400000) (1024K)]
  0x00000151acfc6650 WorkerThread "GC Thread#0"                     [id=15200, stack(0x00000043ebe00000,0x00000043ebf00000) (1024K)]
  0x00000151acfcf1c0 ConcurrentGCThread "G1 Main Marker"            [id=19472, stack(0x00000043ebf00000,0x00000043ec000000) (1024K)]
  0x00000151acfcfd80 WorkerThread "G1 Conc#0"                       [id=8880, stack(0x00000043ec000000,0x00000043ec100000) (1024K)]
  0x00000151ad035ff0 ConcurrentGCThread "G1 Refine#0"               [id=5744, stack(0x00000043ec100000,0x00000043ec200000) (1024K)]
  0x00000151ad036a70 ConcurrentGCThread "G1 Service"                [id=6104, stack(0x00000043ec200000,0x00000043ec300000) (1024K)]
Total: 7

Threads with active compile tasks:
C2 CompilerThread0     1057  965       4       org.jacoco.agent.rt.internal_3570298.asm.Type::getDescriptor (93 bytes)
Total: 1

VM state: not at safepoint (normal execution)

VM Mutex/Monitor currently owned by a thread: None

Heap address: 0x00000000c1c00000, size: 996 MB, Compressed Oops mode: 32-bit

CDS archive(s) mapped at: [0x00000151c9000000-0x00000151c9c90000-0x00000151c9c90000), size 13172736, SharedBaseAddress: 0x00000151c9000000, ArchiveRelocationMode: 1.
Compressed class space mapped at: 0x00000151ca000000-0x000001520a000000, reserved size: 1073741824
Narrow klass base: 0x00000151c9000000, Narrow klass shift: 0, Narrow klass range: 0x100000000

GC Precious Log:
 CardTable entry size: 512
 Card Set container configuration: InlinePtr #cards 5 size 8 Array Of Cards #cards 12 size 40 Howl #buckets 4 coarsen threshold 1843 Howl Bitmap #cards 512 size 80 coarsen threshold 460 Card regions per heap region 1 cards per card region 2048
 CPUs: 8 total, 8 available
 Memory: 3982M
 Large Page Support: Disabled
 NUMA Support: Disabled
 Compressed Oops: Enabled (32-bit)
 Heap Region Size: 1M
 Heap Min Capacity: 8M
 Heap Initial Capacity: 64M
 Heap Max Capacity: 996M
 Pre-touch: Disabled
 Parallel Workers: 8
 Concurrent Workers: 2
 Concurrent Refinement Workers: 8
 Periodic GC: Disabled

Heap:
 garbage-first heap   total 65536K, used 23552K [0x00000000c1c00000, 0x0000000100000000)
  region size 1024K, 23 young (23552K), 0 survivors (0K)
 Metaspace       used 3341K, committed 3520K, reserved 1114112K
  class space    used 303K, committed 384K, reserved 1048576K

Heap Regions: E=young(eden), S=young(survivor), O=old, HS=humongous(starts), HC=humongous(continues), CS=collection set, F=free, TAMS=top-at-mark-start, PB=parsable bottom
|   0|0x00000000c1c00000, 0x00000000c1d00000, 0x00000000c1d00000|100%|HS|  |TAMS 0x00000000c1c00000| PB 0x00000000c1c00000| Complete 
|   1|0x00000000c1d00000, 0x00000000c1e00000, 0x00000000c1e00000|100%|HS|  |TAMS 0x00000000c1d00000| PB 0x00000000c1d00000| Complete 
|   2|0x00000000c1e00000, 0x00000000c1e00000, 0x00000000c1f00000|  0%| F|  |TAMS 0x00000000c1e00000| PB 0x00000000c1e00000| Untracked 
|   3|0x00000000c1f00000, 0x00000000c1f00000, 0x00000000c2000000|  0%| F|  |TAMS 0x00000000c1f00000| PB 0x00000000c1f00000| Untracked 
|   4|0x00000000c2000000, 0x00000000c2000000, 0x00000000c2100000|  0%| F|  |TAMS 0x00000000c2000000| PB 0x00000000c2000000| Untracked 
|   5|0x00000000c2100000, 0x00000000c2100000, 0x00000000c2200000|  0%| F|  |TAMS 0x00000000c2100000| PB 0x00000000c2100000| Untracked 
|   6|0x00000000c2200000, 0x00000000c2200000, 0x00000000c2300000|  0%| F|  |TAMS 0x00000000c2200000| PB 0x00000000c2200000| Untracked 
|   7|0x00000000c2300000, 0x00000000c2300000, 0x00000000c2400000|  0%| F|  |TAMS 0x00000000c2300000| PB 0x00000000c2300000| Untracked 
|   8|0x00000000c2400000, 0x00000000c2400000, 0x00000000c2500000|  0%| F|  |TAMS 0x00000000c2400000| PB 0x00000000c2400000| Untracked 
|   9|0x00000000c2500000, 0x00000000c2500000, 0x00000000c2600000|  0%| F|  |TAMS 0x00000000c2500000| PB 0x00000000c2500000| Untracked 
|  10|0x00000000c2600000, 0x00000000c2600000, 0x00000000c2700000|  0%| F|  |TAMS 0x00000000c2600000| PB 0x00000000c2600000| Untracked 
|  11|0x00000000c2700000, 0x00000000c2700000, 0x00000000c2800000|  0%| F|  |TAMS 0x00000000c2700000| PB 0x00000000c2700000| Untracked 
|  12|0x00000000c2800000, 0x00000000c2800000, 0x00000000c2900000|  0%| F|  |TAMS 0x00000000c2800000| PB 0x00000000c2800000| Untracked 
|  13|0x00000000c2900000, 0x00000000c2900000, 0x00000000c2a00000|  0%| F|  |TAMS 0x00000000c2900000| PB 0x00000000c2900000| Untracked 
|  14|0x00000000c2a00000, 0x00000000c2a00000, 0x00000000c2b00000|  0%| F|  |TAMS 0x00000000c2a00000| PB 0x00000000c2a00000| Untracked 
|  15|0x00000000c2b00000, 0x00000000c2b00000, 0x00000000c2c00000|  0%| F|  |TAMS 0x00000000c2b00000| PB 0x00000000c2b00000| Untracked 
|  16|0x00000000c2c00000, 0x00000000c2c00000, 0x00000000c2d00000|  0%| F|  |TAMS 0x00000000c2c00000| PB 0x00000000c2c00000| Untracked 
|  17|0x00000000c2d00000, 0x00000000c2d00000, 0x00000000c2e00000|  0%| F|  |TAMS 0x00000000c2d00000| PB 0x00000000c2d00000| Untracked 
|  18|0x00000000c2e00000, 0x00000000c2e00000, 0x00000000c2f00000|  0%| F|  |TAMS 0x00000000c2e00000| PB 0x00000000c2e00000| Untracked 
|  19|0x00000000c2f00000, 0x00000000c2f00000, 0x00000000c3000000|  0%| F|  |TAMS 0x00000000c2f00000| PB 0x00000000c2f00000| Untracked 
|  20|0x00000000c3000000, 0x00000000c3000000, 0x00000000c3100000|  0%| F|  |TAMS 0x00000000c3000000| PB 0x00000000c3000000| Untracked 
|  21|0x00000000c3100000, 0x00000000c3100000, 0x00000000c3200000|  0%| F|  |TAMS 0x00000000c3100000| PB 0x00000000c3100000| Untracked 
|  22|0x00000000c3200000, 0x00000000c3200000, 0x00000000c3300000|  0%| F|  |TAMS 0x00000000c3200000| PB 0x00000000c3200000| Untracked 
|  23|0x00000000c3300000, 0x00000000c3300000, 0x00000000c3400000|  0%| F|  |TAMS 0x00000000c3300000| PB 0x00000000c3300000| Untracked 
|  24|0x00000000c3400000, 0x00000000c3400000, 0x00000000c3500000|  0%| F|  |TAMS 0x00000000c3400000| PB 0x00000000c3400000| Untracked 
|  25|0x00000000c3500000, 0x00000000c3500000, 0x00000000c3600000|  0%| F|  |TAMS 0x00000000c3500000| PB 0x00000000c3500000| Untracked 
|  26|0x00000000c3600000, 0x00000000c3600000, 0x00000000c3700000|  0%| F|  |TAMS 0x00000000c3600000| PB 0x00000000c3600000| Untracked 
|  27|0x00000000c3700000, 0x00000000c3700000, 0x00000000c3800000|  0%| F|  |TAMS 0x00000000c3700000| PB 0x00000000c3700000| Untracked 
|  28|0x00000000c3800000, 0x00000000c3800000, 0x00000000c3900000|  0%| F|  |TAMS 0x00000000c3800000| PB 0x00000000c3800000| Untracked 
|  29|0x00000000c3900000, 0x00000000c3900000, 0x00000000c3a00000|  0%| F|  |TAMS 0x00000000c3900000| PB 0x00000000c3900000| Untracked 
|  30|0x00000000c3a00000, 0x00000000c3a00000, 0x00000000c3b00000|  0%| F|  |TAMS 0x00000000c3a00000| PB 0x00000000c3a00000| Untracked 
|  31|0x00000000c3b00000, 0x00000000c3b00000, 0x00000000c3c00000|  0%| F|  |TAMS 0x00000000c3b00000| PB 0x00000000c3b00000| Untracked 
|  32|0x00000000c3c00000, 0x00000000c3c00000, 0x00000000c3d00000|  0%| F|  |TAMS 0x00000000c3c00000| PB 0x00000000c3c00000| Untracked 
|  33|0x00000000c3d00000, 0x00000000c3d00000, 0x00000000c3e00000|  0%| F|  |TAMS 0x00000000c3d00000| PB 0x00000000c3d00000| Untracked 
|  34|0x00000000c3e00000, 0x00000000c3e00000, 0x00000000c3f00000|  0%| F|  |TAMS 0x00000000c3e00000| PB 0x00000000c3e00000| Untracked 
|  35|0x00000000c3f00000, 0x00000000c3f00000, 0x00000000c4000000|  0%| F|  |TAMS 0x00000000c3f00000| PB 0x00000000c3f00000| Untracked 
|  36|0x00000000c4000000, 0x00000000c4000000, 0x00000000c4100000|  0%| F|  |TAMS 0x00000000c4000000| PB 0x00000000c4000000| Untracked 
|  37|0x00000000c4100000, 0x00000000c4100000, 0x00000000c4200000|  0%| F|  |TAMS 0x00000000c4100000| PB 0x00000000c4100000| Untracked 
|  38|0x00000000c4200000, 0x00000000c4200000, 0x00000000c4300000|  0%| F|  |TAMS 0x00000000c4200000| PB 0x00000000c4200000| Untracked 
|  39|0x00000000c4300000, 0x00000000c4300000, 0x00000000c4400000|  0%| F|  |TAMS 0x00000000c4300000| PB 0x00000000c4300000| Untracked 
|  40|0x00000000c4400000, 0x00000000c4400000, 0x00000000c4500000|  0%| F|  |TAMS 0x00000000c4400000| PB 0x00000000c4400000| Untracked 
|  41|0x00000000c4500000, 0x00000000c45ec0e8, 0x00000000c4600000| 92%| E|  |TAMS 0x00000000c4500000| PB 0x00000000c4500000| Complete 
|  42|0x00000000c4600000, 0x00000000c4700000, 0x00000000c4700000|100%| E|CS|TAMS 0x00000000c4600000| PB 0x00000000c4600000| Complete 
|  43|0x00000000c4700000, 0x00000000c4800000, 0x00000000c4800000|100%| E|CS|TAMS 0x00000000c4700000| PB 0x00000000c4700000| Complete 
|  44|0x00000000c4800000, 0x00000000c4900000, 0x00000000c4900000|100%| E|CS|TAMS 0x00000000c4800000| PB 0x00000000c4800000| Complete 
|  45|0x00000000c4900000, 0x00000000c4a00000, 0x00000000c4a00000|100%| E|CS|TAMS 0x00000000c4900000| PB 0x00000000c4900000| Complete 
|  46|0x00000000c4a00000, 0x00000000c4b00000, 0x00000000c4b00000|100%| E|CS|TAMS 0x00000000c4a00000| PB 0x00000000c4a00000| Complete 
|  47|0x00000000c4b00000, 0x00000000c4c00000, 0x00000000c4c00000|100%| E|CS|TAMS 0x00000000c4b00000| PB 0x00000000c4b00000| Complete 
|  48|0x00000000c4c00000, 0x00000000c4d00000, 0x00000000c4d00000|100%| E|CS|TAMS 0x00000000c4c00000| PB 0x00000000c4c00000| Complete 
|  49|0x00000000c4d00000, 0x00000000c4e00000, 0x00000000c4e00000|100%| E|CS|TAMS 0x00000000c4d00000| PB 0x00000000c4d00000| Complete 
|  50|0x00000000c4e00000, 0x00000000c4f00000, 0x00000000c4f00000|100%| E|CS|TAMS 0x00000000c4e00000| PB 0x00000000c4e00000| Complete 
|  51|0x00000000c4f00000, 0x00000000c5000000, 0x00000000c5000000|100%| E|CS|TAMS 0x00000000c4f00000| PB 0x00000000c4f00000| Complete 
|  52|0x00000000c5000000, 0x00000000c5100000, 0x00000000c5100000|100%| E|CS|TAMS 0x00000000c5000000| PB 0x00000000c5000000| Complete 
|  53|0x00000000c5100000, 0x00000000c5200000, 0x00000000c5200000|100%| E|CS|TAMS 0x00000000c5100000| PB 0x00000000c5100000| Complete 
|  54|0x00000000c5200000, 0x00000000c5300000, 0x00000000c5300000|100%| E|CS|TAMS 0x00000000c5200000| PB 0x00000000c5200000| Complete 
|  55|0x00000000c5300000, 0x00000000c5400000, 0x00000000c5400000|100%| E|CS|TAMS 0x00000000c5300000| PB 0x00000000c5300000| Complete 
|  56|0x00000000c5400000, 0x00000000c5500000, 0x00000000c5500000|100%| E|CS|TAMS 0x00000000c5400000| PB 0x00000000c5400000| Complete 
|  57|0x00000000c5500000, 0x00000000c5600000, 0x00000000c5600000|100%| E|CS|TAMS 0x00000000c5500000| PB 0x00000000c5500000| Complete 
|  58|0x00000000c5600000, 0x00000000c5700000, 0x00000000c5700000|100%| E|CS|TAMS 0x00000000c5600000| PB 0x00000000c5600000| Complete 
|  59|0x00000000c5700000, 0x00000000c5800000, 0x00000000c5800000|100%| E|CS|TAMS 0x00000000c5700000| PB 0x00000000c5700000| Complete 
|  60|0x00000000c5800000, 0x00000000c5900000, 0x00000000c5900000|100%| E|CS|TAMS 0x00000000c5800000| PB 0x00000000c5800000| Complete 
|  61|0x00000000c5900000, 0x00000000c5a00000, 0x00000000c5a00000|100%| E|  |TAMS 0x00000000c5900000| PB 0x00000000c5900000| Complete 
|  62|0x00000000c5a00000, 0x00000000c5b00000, 0x00000000c5b00000|100%| E|CS|TAMS 0x00000000c5a00000| PB 0x00000000c5a00000| Complete 
|  63|0x00000000c5b00000, 0x00000000c5c00000, 0x00000000c5c00000|100%| E|CS|TAMS 0x00000000c5b00000| PB 0x00000000c5b00000| Complete 

Card table byte_map: [0x00000151c4940000,0x00000151c4b40000] _byte_map_base: 0x00000151c4332000

Marking Bits: (CMBitMap*) 0x00000151acfc6c60
 Bits: [0x00000151c4b40000, 0x00000151c5ad0000)

Polling page: 0x00000151aaeb0000

Metaspace:

Usage:
  Non-class:      2.99 MB used.
      Class:    307.88 KB used.
       Both:      3.29 MB used.

Virtual space:
  Non-class space:       64.00 MB reserved,       3.06 MB (  5%) committed,  1 nodes.
      Class space:        1.00 GB reserved,     384.00 KB ( <1%) committed,  1 nodes.
             Both:        1.06 GB reserved,       3.44 MB ( <1%) committed. 

Chunk freelists:
   Non-Class:  10.75 MB
       Class:  15.59 MB
        Both:  26.34 MB

MaxMetaspaceSize: unlimited
CompressedClassSpaceSize: 1.00 GB
Initial GC threshold: 21.00 MB
Current GC threshold: 21.00 MB
CDS: on
 - commit_granule_bytes: 65536.
 - commit_granule_words: 8192.
 - virtual_space_node_default_size: 8388608.
 - enlarge_chunks_in_place: 1.
 - use_allocation_guard: 0.


Internal statistics:

num_allocs_failed_limit: 0.
num_arena_births: 70.
num_arena_deaths: 0.
num_vsnodes_births: 2.
num_vsnodes_deaths: 0.
num_space_committed: 55.
num_space_uncommitted: 0.
num_chunks_returned_to_freelist: 0.
num_chunks_taken_from_freelist: 122.
num_chunk_merges: 0.
num_chunk_splits: 95.
num_chunks_enlarged: 72.
num_inconsistent_stats: 0.

CodeHeap 'non-profiled nmethods': size=120000Kb used=327Kb max_used=327Kb free=119672Kb
 bounds [0x00000151bced0000, 0x00000151bd140000, 0x00000151c4400000]
CodeHeap 'profiled nmethods': size=120000Kb used=2261Kb max_used=2261Kb free=117738Kb
 bounds [0x00000151b5400000, 0x00000151b5670000, 0x00000151bc930000]
CodeHeap 'non-nmethods': size=5760Kb used=1333Kb max_used=1358Kb free=4426Kb
 bounds [0x00000151bc930000, 0x00000151bcba0000, 0x00000151bced0000]
 total_blobs=1486 nmethods=1044 adapters=347
 compilation: enabled
              stopped_count=0, restarted_count=0
 full_count=0

Compilation events (20 events):
Event: 0.975 Thread 0x00000151c84da7d0 nmethod 964 0x00000151b55e1190 code [0x00000151b55e1340, 0x00000151b55e1570]
Event: 0.975 Thread 0x00000151c84da7d0  969       3       java.util.concurrent.ConcurrentHashMap$BaseIterator::hasNext (13 bytes)
Event: 0.975 Thread 0x00000151c84da7d0 nmethod 969 0x00000151b55e1690 code [0x00000151b55e1820, 0x00000151b55e1988]
Event: 0.975 Thread 0x00000151c84da7d0  961       3       java.util.zip.ZipFile$ZipFileInputStream::<init> (96 bytes)
Event: 0.975 Thread 0x00000151c84da7d0 nmethod 961 0x00000151b55e1a10 code [0x00000151b55e1c60, 0x00000151b55e2698]
Event: 0.975 Thread 0x00000151c84da7d0  962       3       java.nio.Buffer::hasRemaining (17 bytes)
Event: 0.975 Thread 0x00000151c84da7d0 nmethod 962 0x00000151b55e2b10 code [0x00000151b55e2ca0, 0x00000151b55e2e08]
Event: 0.978 Thread 0x00000151c84da7d0  970       1       sun.instrument.TransformerManager::getSnapshotTransformerList (5 bytes)
Event: 0.978 Thread 0x00000151c84da7d0 nmethod 970 0x00000151bcf21490 code [0x00000151bcf21620, 0x00000151bcf216e8]
Event: 0.978 Thread 0x00000151c84da7d0  971       1       sun.instrument.TransformerManager$TransformerInfo::transformer (5 bytes)
Event: 0.979 Thread 0x00000151c84da7d0 nmethod 971 0x00000151bcf21790 code [0x00000151bcf21920, 0x00000151bcf219e8]
Event: 0.989 Thread 0x00000151c84da7d0  974       3       java.util.zip.ZipCoder$UTF8ZipCoder::hasTrailingSlash (20 bytes)
Event: 0.989 Thread 0x00000151c84da7d0 nmethod 974 0x00000151b55e2e90 code [0x00000151b55e3040, 0x00000151b55e3208]
Event: 0.989 Thread 0x00000151c84da7d0  975       3       java.util.jar.JavaUtilJarAccessImpl::entryFor (6 bytes)
Event: 0.989 Thread 0x00000151c84da7d0 nmethod 975 0x00000151b55e3310 code [0x00000151b55e34e0, 0x00000151b55e3900]
Event: 0.990 Thread 0x00000151c84da7d0  976       3       java.util.zip.ZipUtils::CENVEM_FA (8 bytes)
Event: 0.990 Thread 0x00000151c84da7d0 nmethod 976 0x00000151b55e3a90 code [0x00000151b55e3c40, 0x00000151b55e3db8]
Event: 0.991 Thread 0x00000151c84da7d0  977       3       java.util.regex.Matcher::reset (128 bytes)
Event: 0.991 Thread 0x00000151c84da7d0 nmethod 977 0x00000151b55e3e90 code [0x00000151b55e4080, 0x00000151b55e4630]
Event: 0.991 Thread 0x00000151c84da7d0  979       3       org.jacoco.agent.rt.internal_3570298.asm.commons.AnalyzerAdapter::execute (2009 bytes)

GC Heap History (0 events):
No events

Dll operation events (11 events):
Event: 0.025 Loaded shared library C:\Program Files\Java\jdk-21\bin\java.dll
Event: 0.074 Loaded shared library C:\Program Files\Java\jdk-21\bin\jsvml.dll
Event: 0.132 Loaded shared library C:\Program Files\Java\jdk-21\bin\zip.dll
Event: 0.140 Loaded shared library C:\Program Files\Java\jdk-21\bin\instrument.dll
Event: 0.147 Loaded shared library C:\Program Files\Java\jdk-21\bin\net.dll
Event: 0.152 Loaded shared library C:\Program Files\Java\jdk-21\bin\nio.dll
Event: 0.155 Loaded shared library C:\Program Files\Java\jdk-21\bin\zip.dll
Event: 0.301 Loaded shared library C:\Program Files\Java\jdk-21\bin\verify.dll
Event: 0.389 Loaded shared library C:\Program Files\Java\jdk-21\bin\jimage.dll
Event: 0.850 Loaded shared library C:\Program Files\Java\jdk-21\bin\management.dll
Event: 0.867 Loaded shared library C:\Program Files\Java\jdk-21\bin\management_ext.dll

Deoptimization events (20 events):
Event: 0.880 Thread 0x00000151aace3420 Uncommon trap: trap_request=0xffffff45 fr.pc=0x00000151bcede314 relative=0x0000000000000ab4
Event: 0.880 Thread 0x00000151aace3420 Uncommon trap: reason=unstable_if action=reinterpret pc=0x00000151bcede314 method=java.util.HashMap.putVal(ILjava/lang/Object;Ljava/lang/Object;ZZ)Ljava/lang/Object; @ 181 c2
Event: 0.880 Thread 0x00000151aace3420 DEOPT PACKING pc=0x00000151bcede314 sp=0x00000043ebdfe820
Event: 0.880 Thread 0x00000151aace3420 DEOPT UNPACKING pc=0x00000151bc9846a2 sp=0x00000043ebdfe7e0 mode 2
Event: 0.982 Thread 0x00000151aace3420 Uncommon trap: trap_request=0xffffff45 fr.pc=0x00000151bcee6e98 relative=0x0000000000000078
Event: 0.982 Thread 0x00000151aace3420 Uncommon trap: reason=unstable_if action=reinterpret pc=0x00000151bcee6e98 method=java.io.WinNTFileSystem.isSlash(C)Z @ 9 c2
Event: 0.982 Thread 0x00000151aace3420 DEOPT PACKING pc=0x00000151bcee6e98 sp=0x00000043ebdfed70
Event: 0.982 Thread 0x00000151aace3420 DEOPT UNPACKING pc=0x00000151bc9846a2 sp=0x00000043ebdfecf8 mode 2
Event: 0.982 Thread 0x00000151aace3420 Uncommon trap: trap_request=0xffffff45 fr.pc=0x00000151bcf097f0 relative=0x00000000000006f0
Event: 0.982 Thread 0x00000151aace3420 Uncommon trap: reason=unstable_if action=reinterpret pc=0x00000151bcf097f0 method=java.util.jar.JarFile.checkForSpecialAttributes()V @ 4 c2
Event: 0.982 Thread 0x00000151aace3420 DEOPT PACKING pc=0x00000151bcf097f0 sp=0x00000043ebdff130
Event: 0.982 Thread 0x00000151aace3420 DEOPT UNPACKING pc=0x00000151bc9846a2 sp=0x00000043ebdff038 mode 2
Event: 0.988 Thread 0x00000151aace3420 Uncommon trap: trap_request=0xffffff45 fr.pc=0x00000151bcf0f160 relative=0x0000000000000680
Event: 0.988 Thread 0x00000151aace3420 Uncommon trap: reason=unstable_if action=reinterpret pc=0x00000151bcf0f160 method=java.lang.StringLatin1.newString([BII)Ljava/lang/String; @ 1 c2
Event: 0.988 Thread 0x00000151aace3420 DEOPT PACKING pc=0x00000151bcf0f160 sp=0x00000043ebdff210
Event: 0.988 Thread 0x00000151aace3420 DEOPT UNPACKING pc=0x00000151bc9846a2 sp=0x00000043ebdff170 mode 2
Event: 0.991 Thread 0x00000151aace3420 Uncommon trap: trap_request=0xffffff45 fr.pc=0x00000151bcf1d02c relative=0x000000000000236c
Event: 0.991 Thread 0x00000151aace3420 Uncommon trap: reason=unstable_if action=reinterpret pc=0x00000151bcf1d02c method=org.jacoco.agent.rt.internal_3570298.asm.commons.AnalyzerAdapter.execute(IILjava/lang/String;)V @ 39 c2
Event: 0.991 Thread 0x00000151aace3420 DEOPT PACKING pc=0x00000151bcf1d02c sp=0x00000043ebdfad10
Event: 0.991 Thread 0x00000151aace3420 DEOPT UNPACKING pc=0x00000151bc9846a2 sp=0x00000043ebdfacb0 mode 2

Classes loaded (20 events):
Event: 0.981 Loading class sun/net/www/protocol/jar/URLJarFile
Event: 0.981 Loading class sun/net/www/protocol/jar/URLJarFile done
Event: 0.982 Loading class sun/net/www/protocol/jar/URLJarFile$URLJarFileEntry
Event: 0.982 Loading class sun/net/www/protocol/jar/URLJarFile$URLJarFileEntry done
Event: 0.982 Loading class sun/net/www/protocol/jar/JarURLConnection$JarURLInputStream
Event: 0.982 Loading class sun/net/www/protocol/jar/JarURLConnection$JarURLInputStream done
Event: 0.983 Loading class java/io/BufferedReader
Event: 0.983 Loading class java/io/Reader
Event: 0.984 Loading class java/io/Reader done
Event: 0.984 Loading class java/io/BufferedReader done
Event: 0.984 Loading class java/io/InputStreamReader
Event: 0.984 Loading class java/io/InputStreamReader done
Event: 0.984 Loading class sun/nio/cs/StreamDecoder
Event: 0.985 Loading class sun/nio/cs/StreamDecoder done
Event: 0.985 Loading class sun/nio/cs/UTF_8$Decoder
Event: 0.986 Loading class sun/nio/cs/UTF_8$Decoder done
Event: 0.988 Loading class java/util/LinkedHashMap$LinkedKeySet
Event: 0.989 Loading class java/util/LinkedHashMap$LinkedKeySet done
Event: 0.989 Loading class java/util/LinkedHashMap$LinkedKeyIterator
Event: 0.989 Loading class java/util/LinkedHashMap$LinkedKeyIterator done

Classes unloaded (0 events):
No events

Classes redefined (0 events):
No events

Internal exceptions (9 events):
Event: 0.305 Thread 0x00000151aace3420 Exception <a 'java/lang/NoSuchMethodError'{0x00000000c521b678}: 'void java.lang.invoke.DirectMethodHandle$Holder.invokeStatic(java.lang.Object, java.lang.Object, java.lang.Object)'> (0x00000000c521b678) 
thrown [s\open\src\hotspot\share\interpreter\linkResolver.cpp, line 773]
Event: 0.310 Thread 0x00000151aace3420 Exception <a 'java/lang/NoSuchMethodError'{0x00000000c5232b80}: 'java.lang.Object java.lang.invoke.Invokers$Holder.invokeExact_MT(java.lang.Object, java.lang.Object, java.lang.Object, java.lang.Object, java.lang.Object)'> (0x00000000c5232b80) 
thrown [s\open\src\hotspot\share\interpreter\linkResolver.cpp, line 773]
Event: 0.496 Thread 0x00000151aace3420 Exception <a 'java/lang/NoSuchMethodError'{0x00000000c52bd288}: 'void java.lang.invoke.DelegatingMethodHandle$Holder.reinvoke_L(java.lang.Object, java.lang.Object, java.lang.Object, java.lang.Object, java.lang.Object, java.lang.Object, java.lang.Object, java.lang.Object)'> (0x00000000c52bd288) 
thrown [s\open\src\hotspot\share\interpreter\linkResolver.cpp, line 773]
Event: 0.500 Thread 0x00000151aace3420 Exception <a 'java/lang/NoSuchMethodError'{0x00000000c52d1b58}: 'java.lang.Object java.lang.invoke.DirectMethodHandle$Holder.invokeStatic(java.lang.Object, java.lang.Object, int)'> (0x00000000c52d1b58) 
thrown [s\open\src\hotspot\share\interpreter\linkResolver.cpp, line 773]
Event: 0.503 Thread 0x00000151aace3420 Exception <a 'java/lang/NoSuchMethodError'{0x00000000c52dd058}: 'void java.lang.invoke.DelegatingMethodHandle$Holder.delegate(java.lang.Object, java.lang.Object, int, java.lang.Object)'> (0x00000000c52dd058) 
thrown [s\open\src\hotspot\share\interpreter\linkResolver.cpp, line 773]
Event: 0.503 Thread 0x00000151aace3420 Exception <a 'java/lang/NoSuchMethodError'{0x00000000c52e0a88}: 'int java.lang.invoke.DirectMethodHandle$Holder.invokeSpecial(java.lang.Object, java.lang.Object, java.lang.Object)'> (0x00000000c52e0a88) 
thrown [s\open\src\hotspot\share\interpreter\linkResolver.cpp, line 773]
Event: 0.508 Thread 0x00000151aace3420 Exception <a 'java/lang/NoSuchMethodError'{0x00000000c52f7340}: 'void java.lang.invoke.DirectMethodHandle$Holder.invokeStatic(java.lang.Object, java.lang.Object, java.lang.Object, java.lang.Object)'> (0x00000000c52f7340) 
thrown [s\open\src\hotspot\share\interpreter\linkResolver.cpp, line 773]
Event: 0.575 Thread 0x00000151aace3420 Exception <a 'java/lang/NoSuchMethodError'{0x00000000c5004e68}: 'void java.lang.invoke.DirectMethodHandle$Holder.invokeSpecial(java.lang.Object, java.lang.Object, java.lang.Object)'> (0x00000000c5004e68) 
thrown [s\open\src\hotspot\share\interpreter\linkResolver.cpp, line 773]
Event: 0.575 Thread 0x00000151aace3420 Exception <a 'java/lang/NoSuchMethodError'{0x00000000c5007ea8}: 'void java.lang.invoke.Invokers$Holder.invokeExact_MT(java.lang.Object, java.lang.Object, java.lang.Object)'> (0x00000000c5007ea8) 
thrown [s\open\src\hotspot\share\interpreter\linkResolver.cpp, line 773]

ZGC Phase Switch (0 events):
No events

VM Operations (14 events):
Event: 0.114 Executing VM operation: HandshakeAllThreads (Deoptimize)
Event: 0.115 Executing VM operation: HandshakeAllThreads (Deoptimize) done
Event: 0.326 Executing VM operation: HandshakeAllThreads (Deoptimize)
Event: 0.326 Executing VM operation: HandshakeAllThreads (Deoptimize) done
Event: 0.497 Executing VM operation: HandshakeAllThreads (Deoptimize)
Event: 0.497 Executing VM operation: HandshakeAllThreads (Deoptimize) done
Event: 0.500 Executing VM operation: HandshakeAllThreads (Deoptimize)
Event: 0.500 Executing VM operation: HandshakeAllThreads (Deoptimize) done
Event: 0.823 Executing VM operation: ICBufferFull
Event: 0.823 Executing VM operation: ICBufferFull done
Event: 0.893 Executing VM operation: HandshakeAllThreads (Deoptimize)
Event: 0.893 Executing VM operation: HandshakeAllThreads (Deoptimize) done
Event: 0.981 Executing VM operation: HandshakeAllThreads (Deoptimize)
Event: 0.981 Executing VM operation: HandshakeAllThreads (Deoptimize) done

Events (11 events):
Event: 0.049 Thread 0x00000151aace3420 Thread added: 0x00000151aace3420
Event: 0.071 Thread 0x00000151c8498b90 Thread added: 0x00000151c8498b90
Event: 0.071 Thread 0x00000151c8499ab0 Thread added: 0x00000151c8499ab0
Event: 0.072 Thread 0x00000151c849ec90 Thread added: 0x00000151c849ec90
Event: 0.072 Thread 0x00000151c849faa0 Thread added: 0x00000151c849faa0
Event: 0.072 Thread 0x00000151c84a2910 Thread added: 0x00000151c84a2910
Event: 0.072 Thread 0x00000151c84a3370 Thread added: 0x00000151c84a3370
Event: 0.072 Thread 0x00000151c84b9d20 Thread added: 0x00000151c84b9d20
Event: 0.072 Thread 0x00000151c84da7d0 Thread added: 0x00000151c84da7d0
Event: 0.102 Thread 0x00000151c846c450 Thread added: 0x00000151c846c450
Event: 0.590 Thread 0x000001520e26f980 Thread added: 0x000001520e26f980


Dynamic libraries:
0x00007ff7bcef0000 - 0x00007ff7bcf00000 	C:\Program Files\Java\jdk-21\bin\java.exe
0x00007ffaae110000 - 0x00007ffaae327000 	C:\WINDOWS\SYSTEM32\ntdll.dll
0x00007ffaad8e0000 - 0x00007ffaad9a4000 	C:\WINDOWS\System32\KERNEL32.DLL
0x00007ffaab880000 - 0x00007ffaabc3a000 	C:\WINDOWS\System32\KERNELBASE.dll
0x00007ffaab4a0000 - 0x00007ffaab5b1000 	C:\WINDOWS\System32\ucrtbase.dll
0x00007ffa7cef0000 - 0x00007ffa7cf0b000 	C:\Program Files\Java\jdk-21\bin\VCRUNTIME140.dll
0x00007ffa7cf10000 - 0x00007ffa7cf29000 	C:\Program Files\Java\jdk-21\bin\jli.dll
0x00007ffaac730000 - 0x00007ffaac7e2000 	C:\WINDOWS\System32\ADVAPI32.dll
0x00007ffaae020000 - 0x00007ffaae0c7000 	C:\WINDOWS\System32\msvcrt.dll
0x00007ffaadf70000 - 0x00007ffaae017000 	C:\WINDOWS\System32\sechost.dll
0x00007ffaab850000 - 0x00007ffaab878000 	C:\WINDOWS\System32\bcrypt.dll
0x00007ffaad5b0000 - 0x00007ffaad6c4000 	C:\WINDOWS\System32\RPCRT4.dll
0x00007ffaadcc0000 - 0x00007ffaade6e000 	C:\WINDOWS\System32\USER32.dll
0x00007ffaabce0000 - 0x00007ffaabd06000 	C:\WINDOWS\System32\win32u.dll
0x00007ffaac920000 - 0x00007ffaac949000 	C:\WINDOWS\System32\GDI32.dll
0x00007ffaab730000 - 0x00007ffaab84b000 	C:\WINDOWS\System32\gdi32full.dll
0x00007ffaabc40000 - 0x00007ffaabcda000 	C:\WINDOWS\System32\msvcp_win.dll
0x00007ffaa2f20000 - 0x00007ffaa2f2a000 	C:\WINDOWS\SYSTEM32\VERSION.dll
0x00007ffa92130000 - 0x00007ffa923c2000 	C:\WINDOWS\WinSxS\amd64_microsoft.windows.common-controls_6595b64144ccf1df_6.0.22621.4541_none_2710d1c57384c085\COMCTL32.dll
0x00007ffaadc80000 - 0x00007ffaadcb1000 	C:\WINDOWS\System32\IMM32.DLL
0x00007ffa80bd0000 - 0x00007ffa80bdc000 	C:\Program Files\Java\jdk-21\bin\vcruntime140_1.dll
0x00007ffa7cc00000 - 0x00007ffa7cc8e000 	C:\Program Files\Java\jdk-21\bin\msvcp140.dll
0x00007ffa7bef0000 - 0x00007ffa7cbfd000 	C:\Program Files\Java\jdk-21\bin\server\jvm.dll
0x00007ffaac8a0000 - 0x00007ffaac911000 	C:\WINDOWS\System32\WS2_32.dll
0x00007ffaab2b0000 - 0x00007ffaab2fd000 	C:\WINDOWS\SYSTEM32\POWRPROF.dll
0x00007ffaa57f0000 - 0x00007ffaa5824000 	C:\WINDOWS\SYSTEM32\WINMM.dll
0x00007ffaab290000 - 0x00007ffaab2a3000 	C:\WINDOWS\SYSTEM32\UMPDC.dll
0x00007ffaaa3e0000 - 0x00007ffaaa3f8000 	C:\WINDOWS\SYSTEM32\kernel.appcore.dll
0x00007ffa90b50000 - 0x00007ffa90b5a000 	C:\Program Files\Java\jdk-21\bin\jimage.dll
0x00007ffaa8ca0000 - 0x00007ffaa8ed2000 	C:\WINDOWS\SYSTEM32\DBGHELP.DLL
0x00007ffaacd50000 - 0x00007ffaad0df000 	C:\WINDOWS\System32\combase.dll
0x00007ffaad9b0000 - 0x00007ffaada87000 	C:\WINDOWS\System32\OLEAUT32.dll
0x00007ffa8cce0000 - 0x00007ffa8cd12000 	C:\WINDOWS\SYSTEM32\dbgcore.DLL
0x00007ffaabd90000 - 0x00007ffaabe0b000 	C:\WINDOWS\System32\bcryptPrimitives.dll
0x00007ffaa2380000 - 0x00007ffaa238f000 	C:\Program Files\Java\jdk-21\bin\instrument.dll
0x00007ffa7f2f0000 - 0x00007ffa7f30f000 	C:\Program Files\Java\jdk-21\bin\java.dll
0x00007ffaabe30000 - 0x00007ffaac6a8000 	C:\WINDOWS\System32\SHELL32.dll
0x00007ffaa92d0000 - 0x00007ffaa9bd8000 	C:\WINDOWS\SYSTEM32\windows.storage.dll
0x00007ffaa9190000 - 0x00007ffaa92cf000 	C:\WINDOWS\SYSTEM32\wintypes.dll
0x00007ffaacb90000 - 0x00007ffaacc8a000 	C:\WINDOWS\System32\SHCORE.dll
0x00007ffaac970000 - 0x00007ffaac9ce000 	C:\WINDOWS\System32\shlwapi.dll
0x00007ffaab310000 - 0x00007ffaab33b000 	C:\WINDOWS\SYSTEM32\profapi.dll
0x00007ffa7b4a0000 - 0x00007ffa7b577000 	C:\Program Files\Java\jdk-21\bin\jsvml.dll
0x00007ffa7b480000 - 0x00007ffa7b498000 	C:\Program Files\Java\jdk-21\bin\zip.dll
0x00007ffa7cd90000 - 0x00007ffa7cda0000 	C:\Program Files\Java\jdk-21\bin\net.dll
0x00007ffaa5d80000 - 0x00007ffaa5eb6000 	C:\WINDOWS\SYSTEM32\WINHTTP.dll
0x00007ffaaa850000 - 0x00007ffaaa8b9000 	C:\WINDOWS\system32\mswsock.dll
0x00007ffa7bc70000 - 0x00007ffa7bc86000 	C:\Program Files\Java\jdk-21\bin\nio.dll
0x00007ffa6f480000 - 0x00007ffa6f490000 	C:\Program Files\Java\jdk-21\bin\verify.dll
0x00007ffa7e9a0000 - 0x00007ffa7e9b7000 	C:\WINDOWS\system32\napinsp.dll
0x00007ffa7ea20000 - 0x00007ffa7ea3b000 	C:\WINDOWS\system32\pnrpnsp.dll
0x00007ffaa9eb0000 - 0x00007ffaa9fb2000 	C:\WINDOWS\SYSTEM32\DNSAPI.dll
0x00007ffaa9e40000 - 0x00007ffaa9e6d000 	C:\WINDOWS\SYSTEM32\IPHLPAPI.DLL
0x00007ffaacd40000 - 0x00007ffaacd49000 	C:\WINDOWS\System32\NSI.dll
0x00007ffa7e980000 - 0x00007ffa7e991000 	C:\WINDOWS\System32\winrnr.dll
0x00007ffaa57d0000 - 0x00007ffaa57e5000 	C:\WINDOWS\system32\wshbth.dll
0x00007ffa7e870000 - 0x00007ffa7e897000 	C:\WINDOWS\system32\nlansp_c.dll
0x00007ffa906a0000 - 0x00007ffa906aa000 	C:\Windows\System32\rasadhlp.dll
0x00007ffaa2de0000 - 0x00007ffaa2e63000 	C:\WINDOWS\System32\fwpuclnt.dll
0x00007ffa6bc30000 - 0x00007ffa6bc3a000 	C:\Program Files\Java\jdk-21\bin\management.dll
0x00007ffa6bc20000 - 0x00007ffa6bc2b000 	C:\Program Files\Java\jdk-21\bin\management_ext.dll
0x00007ffaada90000 - 0x00007ffaada98000 	C:\WINDOWS\System32\PSAPI.DLL

dbghelp: loaded successfully - version: 4.0.5 - missing functions: none
symbol engine: initialized successfully - sym options: 0x614 - pdb path: .;C:\Program Files\Java\jdk-21\bin;C:\WINDOWS\SYSTEM32;C:\WINDOWS\WinSxS\amd64_microsoft.windows.common-controls_6595b64144ccf1df_6.0.22621.4541_none_2710d1c57384c085;C:\Program Files\Java\jdk-21\bin\server

VM Arguments:
jvm_args: -javaagent:C:\\Users\\Nikshepa\\.m2\\repository\\org\\jacoco\\org.jacoco.agent\\0.8.7\\org.jacoco.agent-0.8.7-runtime.jar=destfile=C:\\UIAndAPIFramework\\UIAndAPIAutomationFramework\\target\\jacoco.exec 
java_command: C:\Users\Nikshepa\AppData\Local\Temp\surefire63421041604192615\surefirebooter-20250114165453421_3.jar C:\Users\Nikshepa\AppData\Local\Temp\surefire63421041604192615 2025-01-14T16-54-52_649-jvmRun1 surefire-20250114165453421_1tmp surefire_0-20250114165453421_2tmp
java_class_path (initial): C:\Users\Nikshepa\AppData\Local\Temp\surefire63421041604192615\surefirebooter-20250114165453421_3.jar
Launcher Type: SUN_STANDARD

[Global flags]
     intx CICompilerCount                          = 4                                         {product} {ergonomic}
     uint ConcGCThreads                            = 2                                         {product} {ergonomic}
     uint G1ConcRefinementThreads                  = 8                                         {product} {ergonomic}
   size_t G1HeapRegionSize                         = 1048576                                   {product} {ergonomic}
    uintx GCDrainStackTargetSize                   = 64                                        {product} {ergonomic}
   size_t InitialHeapSize                          = 67108864                                  {product} {ergonomic}
   size_t MarkStackSize                            = 4194304                                   {product} {ergonomic}
   size_t MaxHeapSize                              = 1044381696                                {product} {ergonomic}
   size_t MaxNewSize                               = 625999872                                 {product} {ergonomic}
   size_t MinHeapDeltaBytes                        = 1048576                                   {product} {ergonomic}
   size_t MinHeapSize                              = 8388608                                   {product} {ergonomic}
    uintx NonNMethodCodeHeapSize                   = 5839372                                {pd product} {ergonomic}
    uintx NonProfiledCodeHeapSize                  = 122909434                              {pd product} {ergonomic}
    uintx ProfiledCodeHeapSize                     = 122909434                              {pd product} {ergonomic}
    uintx ReservedCodeCacheSize                    = 251658240                              {pd product} {ergonomic}
     bool SegmentedCodeCache                       = true                                      {product} {ergonomic}
   size_t SoftMaxHeapSize                          = 1044381696                             {manageable} {ergonomic}
     bool UseCompressedOops                        = true                           {product lp64_product} {ergonomic}
     bool UseG1GC                                  = true                                      {product} {ergonomic}
     bool UseLargePagesIndividualAllocation        = false                                  {pd product} {ergonomic}

Logging:
Log output configuration:
 #0: stdout all=warning uptime,level,tags foldmultilines=false
 #1: stderr all=off uptime,level,tags foldmultilines=false

Environment Variables:
JAVA_HOME=C:\Program Files\Java\jdk-21
PATH=C:\Program Files (x86)\TRICENTIS\Tosca Testsuite\ToscaCommander;;C:\Program Files\Java\jdk-21\bin;C:\app\Nikshepa\product\18.0.0\dbhomeXE\bin;C:\Users\Nikshepa\Downloads\instantclient-sqlplus-windows.x64-23.6.0.24.10\instantclient_23_6;C:\Program Files\maven\apache-maven-3.9.6\bin;C:\Windows\System32;C:\Program Files\Docker\Docker\Resources\bin;C:\Program Files\dotnet\;C:\Users\Nikshepa\AppData\Local\Microsoft\WindowsApps;C:\sonarqube\sonarqube-9.9.5.90363\bin\windows-x86-64;C:\Users\Nikshepa\AppData\Roaming\npm
USERNAME=Nikshepa
OS=Windows_NT
PROCESSOR_IDENTIFIER=Intel64 Family 6 Model 142 Stepping 12, GenuineIntel
TMP=C:\Users\Nikshepa\AppData\Local\Temp
TEMP=C:\Users\Nikshepa\AppData\Local\Temp




Periodic native trim disabled

---------------  S Y S T E M  ---------------

OS:
 Windows 11 , 64 bit Build 22621 (10.0.22621.4391)
OS uptime: 3 days 19:28 hours
Hyper-V role detected

CPU: total 8 (initial active 8) (4 cores per cpu, 2 threads per core) family 6 model 142 stepping 12 microcode 0xde, cx8, cmov, fxsr, ht, mmx, 3dnowpref, sse, sse2, sse3, ssse3, sse4.1, sse4.2, popcnt, lzcnt, tsc, tscinvbit, avx, avx2, aes, erms, clmul, bmi1, bmi2, adx, fma, vzeroupper, clflush, clflushopt, hv, rdtscp, f16c
Processor Information for all 8 processors :
  Max Mhz: 1800, Current Mhz: 1600, Mhz Limit: 1584

Memory: 4k page, system-wide physical 3982M (15M free)
TotalPageFile size 16270M (AvailPageFile size 0M)
current process WorkingSet (physical memory assigned to process): 83M, peak: 83M
current process commit charge ("private bytes"): 159M, peak: 159M

vm_info: Java HotSpot(TM) 64-Bit Server VM (21.0.3+7-LTS-152) for windows-amd64 JRE (21.0.3+7-LTS-152), built on 2024-03-11T17:42:26Z by "mach5one" with MS VC++ 17.6 (VS2022)

END.
