#
# There is insufficient memory for the Java Runtime Environment to continue.
# Native memory allocation (malloc) failed to allocate 32744 bytes for Chunk::new
# Possible reasons:
#   The system is out of physical RAM or swap space
#   The process is running with CompressedOops enabled, and the Java Heap may be blocking the growth of the native heap
# Possible solutions:
#   Reduce memory load on the system
#   Increase physical memory or swap space
#   Check if swap backing store is full
#   Decrease Java heap size (-Xmx/-Xms)
#   Decrease number of Java threads
#   Decrease Java thread stack sizes (-Xss)
#   Set larger code cache with -XX:ReservedCodeCacheSize=
#   JVM is running with Unscaled Compressed Oops mode in which the Java heap is
#     placed in the first 4GB address space. The Java Heap base address is the
#     maximum limit for the native heap growth. Please use -XX:HeapBaseMinAddress
#     to set the Java Heap base and to place the Java Heap above 4GB virtual address.
# This output file may be truncated or incomplete.
#
#  Out of Memory Error (arena.cpp:168), pid=6352, tid=7348
#
# JRE version: Java(TM) SE Runtime Environment (21.0.3+7) (build 21.0.3+7-LTS-152)
# Java VM: Java HotSpot(TM) 64-Bit Server VM (21.0.3+7-LTS-152, mixed mode, sharing, tiered, compressed oops, compressed class ptrs, g1 gc, windows-amd64)
# No core dump will be written. Minidumps are not enabled by default on client versions of Windows
#

---------------  S U M M A R Y ------------

Command Line: -javaagent:C:\\Users\\Nikshepa\\.m2\\repository\\org\\jacoco\\org.jacoco.agent\\0.8.12\\org.jacoco.agent-0.8.12-runtime.jar=destfile=C:\\UIAndAPIFramework\\UIAndAPIAutomationFramework\\target\\jacoco.exec C:\Users\Nikshepa\AppData\Local\Temp\surefire16882547539859975807\surefirebooter-20250114173349041_3.jar C:\Users\Nikshepa\AppData\Local\Temp\surefire16882547539859975807 2025-01-14T17-33-48_211-jvmRun1 surefire-20250114173349041_1tmp surefire_0-20250114173349041_2tmp

Host: Intel(R) Core(TM) i5-8265U CPU @ 1.60GHz, 8 cores, 3G,  Windows 11 , 64 bit Build 22621 (10.0.22621.4391)
Time: Tue Jan 14 17:34:16 2025 India Standard Time elapsed time: 26.596725 seconds (0d 0h 0m 26s)

---------------  T H R E A D  ---------------

Current thread (0x000001e96979a680):  JavaThread "C2 CompilerThread0" daemon [_thread_in_native, id=7348, stack(0x0000006472f00000,0x0000006473000000) (1024K)]


Current CompileTask:
C2:  26599 3249       4       org.jacoco.agent.rt.internal_aeaf9ab.asm.SymbolTable::addBootstrapMethod (209 bytes)

Stack: [0x0000006472f00000,0x0000006473000000]
Native frames: (J=compiled Java code, j=interpreted, Vv=VM code, C=native code)
V  [jvm.dll+0x6c63b9]
V  [jvm.dll+0x84fa11]
V  [jvm.dll+0x851f3e]
V  [jvm.dll+0x852613]
V  [jvm.dll+0x27cd46]
V  [jvm.dll+0xc4aad]
V  [jvm.dll+0xc4fe3]
V  [jvm.dll+0x1cd32e]
V  [jvm.dll+0x6a22e4]
V  [jvm.dll+0x38fa13]
V  [jvm.dll+0x6d65bb]
V  [jvm.dll+0x6d5c51]
V  [jvm.dll+0x1c9bcc]
V  [jvm.dll+0x1ca74c]
V  [jvm.dll+0x2eed0f]
V  [jvm.dll+0x6e0568]
V  [jvm.dll+0x6d8795]
V  [jvm.dll+0x6d7dde]
V  [jvm.dll+0x6d6004]
V  [jvm.dll+0x1c9bcc]
V  [jvm.dll+0x1ca74c]
V  [jvm.dll+0x2eed0f]
V  [jvm.dll+0x6e0568]
V  [jvm.dll+0x6d8795]
V  [jvm.dll+0x6d7dde]
V  [jvm.dll+0x6d6004]
V  [jvm.dll+0x1c9bcc]
V  [jvm.dll+0x1ca74c]
V  [jvm.dll+0x2eed0f]
V  [jvm.dll+0x6e0568]
V  [jvm.dll+0x6d8795]
V  [jvm.dll+0x6d7dde]
V  [jvm.dll+0x6d6004]
V  [jvm.dll+0x1c9bcc]
V  [jvm.dll+0x1ca74c]
V  [jvm.dll+0x2eed0f]
V  [jvm.dll+0x6e0568]
V  [jvm.dll+0x6d8795]
V  [jvm.dll+0x6d7dde]
V  [jvm.dll+0x6d6004]
V  [jvm.dll+0x1c9bcc]
V  [jvm.dll+0x1ca74c]
V  [jvm.dll+0x2eed0f]
V  [jvm.dll+0x6e0568]
V  [jvm.dll+0x6d8795]
V  [jvm.dll+0x6d7dde]
V  [jvm.dll+0x6d6004]
V  [jvm.dll+0x1c9bcc]
V  [jvm.dll+0x1ca74c]
V  [jvm.dll+0x2eed0f]
V  [jvm.dll+0x6e0568]
V  [jvm.dll+0x6d8795]
V  [jvm.dll+0x6d7dde]
V  [jvm.dll+0x6d6004]
V  [jvm.dll+0x1c9bcc]
V  [jvm.dll+0x1ca74c]
V  [jvm.dll+0x2eed0f]
V  [jvm.dll+0x6e0568]
V  [jvm.dll+0x6d8795]
V  [jvm.dll+0x6d7dde]
V  [jvm.dll+0x6d6004]
V  [jvm.dll+0x1c9bcc]
V  [jvm.dll+0x244c8e]
V  [jvm.dll+0x1c689e]
V  [jvm.dll+0x254609]
V  [jvm.dll+0x252b9a]
V  [jvm.dll+0x3eb056]
V  [jvm.dll+0x7f9ffb]
V  [jvm.dll+0x6c4a9d]
C  [ucrtbase.dll+0x29333]
C  [KERNEL32.DLL+0x1259d]
C  [ntdll.dll+0x5af38]


---------------  P R O C E S S  ---------------

Threads class SMR info:
_java_thread_list=0x000001e96e0e1610, length=46, elements={
0x000001e94c148960, 0x000001e96976da90, 0x000001e96976e9b0, 0x000001e969773130,
0x000001e969773df0, 0x000001e969776c10, 0x000001e9697977b0, 0x000001e96979a680,
0x000001e9697a6a40, 0x000001e96973d150, 0x000001e96e37fd70, 0x000001e96e67f9d0,
0x000001e969bacaa0, 0x000001e970810010, 0x000001e96f7a2c30, 0x000001e96f439290,
0x000001e96f421ff0, 0x000001e96f4be760, 0x000001e97074c440, 0x000001e97074b090,
0x000001e970749650, 0x000001e97074a370, 0x000001e970748fc0, 0x000001e97074aa00,
0x000001e970749ce0, 0x000001e97074bdb0, 0x000001e96e792970, 0x000001e96e7908a0,
0x000001e96e790210, 0x000001e96e7915c0, 0x000001e96e793000, 0x000001e96e7950d0,
0x000001e96e795760, 0x000001e96e790f30, 0x000001e96e796480, 0x000001e96e793690,
0x000001e96e791c50, 0x000001e96e7922e0, 0x000001e96e795df0, 0x000001e96e796b10,
0x000001e96e793d20, 0x000001e96e7943b0, 0x000001e96e7971a0, 0x000001e96e797830,
0x000001e9706cbed0, 0x000001e971141920
}

Java Threads: ( => current thread )
  0x000001e94c148960 JavaThread "main"                              [_thread_blocked, id=19124, stack(0x0000006472100000,0x0000006472200000) (1024K)]
  0x000001e96976da90 JavaThread "Reference Handler"          daemon [_thread_blocked, id=19400, stack(0x0000006472900000,0x0000006472a00000) (1024K)]
  0x000001e96976e9b0 JavaThread "Finalizer"                  daemon [_thread_blocked, id=1580, stack(0x0000006472a00000,0x0000006472b00000) (1024K)]
  0x000001e969773130 JavaThread "Signal Dispatcher"          daemon [_thread_blocked, id=14832, stack(0x0000006472b00000,0x0000006472c00000) (1024K)]
  0x000001e969773df0 JavaThread "Attach Listener"            daemon [_thread_blocked, id=13376, stack(0x0000006472c00000,0x0000006472d00000) (1024K)]
  0x000001e969776c10 JavaThread "Service Thread"             daemon [_thread_blocked, id=13408, stack(0x0000006472d00000,0x0000006472e00000) (1024K)]
  0x000001e9697977b0 JavaThread "Monitor Deflation Thread"   daemon [_thread_blocked, id=18932, stack(0x0000006472e00000,0x0000006472f00000) (1024K)]
=>0x000001e96979a680 JavaThread "C2 CompilerThread0"         daemon [_thread_in_native, id=7348, stack(0x0000006472f00000,0x0000006473000000) (1024K)]
  0x000001e9697a6a40 JavaThread "C1 CompilerThread0"         daemon [_thread_blocked, id=13492, stack(0x0000006473000000,0x0000006473100000) (1024K)]
  0x000001e96973d150 JavaThread "Common-Cleaner"             daemon [_thread_blocked, id=21496, stack(0x0000006473100000,0x0000006473200000) (1024K)]
  0x000001e96e37fd70 JavaThread "Notification Thread"        daemon [_thread_blocked, id=3496, stack(0x0000006473200000,0x0000006473300000) (1024K)]
  0x000001e96e67f9d0 JavaThread "surefire-forkedjvm-stream-flusher" daemon [_thread_blocked, id=13208, stack(0x0000006473300000,0x0000006473400000) (1024K)]
  0x000001e969bacaa0 JavaThread "surefire-forkedjvm-command-thread" daemon [_thread_in_native, id=8096, stack(0x0000006473400000,0x0000006473500000) (1024K)]
  0x000001e970810010 JavaThread "ForkJoinPool.commonPool-worker-1" daemon [_thread_blocked, id=13560, stack(0x0000006473c00000,0x0000006473d00000) (1024K)]
  0x000001e96f7a2c30 JavaThread "ForkJoinPool.commonPool-worker-2" daemon [_thread_blocked, id=15660, stack(0x0000006473d00000,0x0000006473e00000) (1024K)]
  0x000001e96f439290 JavaThread "ForkJoinPool.commonPool-worker-4" daemon [_thread_blocked, id=16836, stack(0x0000006473e00000,0x0000006473f00000) (1024K)]
  0x000001e96f421ff0 JavaThread "ForkJoinPool.commonPool-worker-3" daemon [_thread_blocked, id=17728, stack(0x0000006473f00000,0x0000006474000000) (1024K)]
  0x000001e96f4be760 JavaThread "Forwarding newSession on session null to remote"        [_thread_blocked, id=20872, stack(0x0000006474000000,0x0000006474100000) (1024K)]
  0x000001e97074c440 JavaThread "Forwarding newSession on session null to remote"        [_thread_blocked, id=11180, stack(0x0000006474100000,0x0000006474200000) (1024K)]
  0x000001e97074b090 JavaThread "Forwarding newSession on session null to remote"        [_thread_blocked, id=19752, stack(0x0000006474200000,0x0000006474300000) (1024K)]
  0x000001e970749650 JavaThread "HttpClient-3-SelectorManager" daemon [_thread_in_native, id=19488, stack(0x0000006474300000,0x0000006474400000) (1024K)]
  0x000001e97074a370 JavaThread "HttpClient-1-SelectorManager" daemon [_thread_in_native, id=14088, stack(0x0000006474400000,0x0000006474500000) (1024K)]
  0x000001e970748fc0 JavaThread "HttpClient-2-SelectorManager" daemon [_thread_in_native, id=23432, stack(0x0000006474500000,0x0000006474600000) (1024K)]
  0x000001e97074aa00 JavaThread "External Process Output Forwarder - C:\Users\Nikshepa\.cache\selenium\chromedriver\win64\131.0.6778.264\chromedriver.exe" daemon [_thread_in_native, id=1920, stack(0x0000006474600000,0x0000006474700000) (1024K)]
  0x000001e970749ce0 JavaThread "Driver Service Executor"    daemon [_thread_blocked, id=4112, stack(0x0000006474700000,0x0000006474800000) (1024K)]
  0x000001e97074bdb0 JavaThread "Driver Service Executor"    daemon [_thread_blocked, id=21016, stack(0x0000006474800000,0x0000006474900000) (1024K)]
  0x000001e96e792970 JavaThread "UrlChecker-2"               daemon [_thread_blocked, id=21328, stack(0x0000006474900000,0x0000006474a00000) (1024K)]
  0x000001e96e7908a0 JavaThread "External Process Output Forwarder - C:\Users\Nikshepa\.cache\selenium\chromedriver\win64\131.0.6778.264\chromedriver.exe" daemon [_thread_in_native, id=2536, stack(0x0000006474a00000,0x0000006474b00000) (1024K)]
  0x000001e96e790210 JavaThread "Driver Service Executor"    daemon [_thread_blocked, id=2616, stack(0x0000006474b00000,0x0000006474c00000) (1024K)]
  0x000001e96e7915c0 JavaThread "Driver Service Executor"    daemon [_thread_blocked, id=18444, stack(0x0000006474c00000,0x0000006474d00000) (1024K)]
  0x000001e96e793000 JavaThread "UrlChecker-3"               daemon [_thread_blocked, id=13028, stack(0x0000006474d00000,0x0000006474e00000) (1024K)]
  0x000001e96e7950d0 JavaThread "External Process Output Forwarder - C:\Users\Nikshepa\.cache\selenium\chromedriver\win64\131.0.6778.264\chromedriver.exe" daemon [_thread_in_native, id=10064, stack(0x0000006474f00000,0x0000006475000000) (1024K)]
  0x000001e96e795760 JavaThread "Driver Service Executor"    daemon [_thread_blocked, id=16564, stack(0x0000006475000000,0x0000006475100000) (1024K)]
  0x000001e96e790f30 JavaThread "Driver Service Executor"    daemon [_thread_blocked, id=20380, stack(0x0000006475100000,0x0000006475200000) (1024K)]
  0x000001e96e796480 JavaThread "UrlChecker-4"               daemon [_thread_blocked, id=6496, stack(0x0000006475200000,0x0000006475300000) (1024K)]
  0x000001e96e793690 JavaThread "JdkHttpClient-2-0"          daemon [_thread_blocked, id=1828, stack(0x0000006475400000,0x0000006475500000) (1024K)]
  0x000001e96e791c50 JavaThread "JdkHttpClient-0-0"          daemon [_thread_blocked, id=16496, stack(0x0000006475500000,0x0000006475600000) (1024K)]
  0x000001e96e7922e0 JavaThread "JdkHttpClient-1-0"          daemon [_thread_blocked, id=20648, stack(0x0000006475600000,0x0000006475700000) (1024K)]
  0x000001e96e795df0 JavaThread "CompletableFutureDelayScheduler" daemon [_thread_blocked, id=19800, stack(0x0000006475700000,0x0000006475800000) (1024K)]
  0x000001e96e796b10 JavaThread "JdkHttpClient-1-1"          daemon [_thread_blocked, id=2940, stack(0x0000006475900000,0x0000006475a00000) (1024K)]
  0x000001e96e793d20 JavaThread "JdkHttpClient-0-1"          daemon [_thread_blocked, id=14704, stack(0x0000006475a00000,0x0000006475b00000) (1024K)]
  0x000001e96e7943b0 JavaThread "JdkHttpClient-2-1"          daemon [_thread_in_vm, id=12928, stack(0x0000006475b00000,0x0000006475c00000) (1024K)]
  0x000001e96e7971a0 JavaThread "JdkHttpClient-0-2"          daemon [_thread_blocked, id=8344, stack(0x0000006475c00000,0x0000006475d00000) (1024K)]
  0x000001e96e797830 JavaThread "JdkHttpClient-2-2"          daemon [_thread_blocked, id=21308, stack(0x0000006475d00000,0x0000006475e00000) (1024K)]
  0x000001e9706cbed0 JavaThread "JdkHttpClient-1-2"          daemon [_thread_blocked, id=3932, stack(0x0000006475e00000,0x0000006475f00000) (1024K)]
  0x000001e971141920 JavaThread "C2 CompilerThread1"         daemon [_thread_in_native, id=15464, stack(0x0000006475300000,0x0000006475400000) (1024K)]
Total: 46

Other Threads:
  0x000001e94c11e290 VMThread "VM Thread"                           [id=16956, stack(0x0000006472800000,0x0000006472900000) (1024K)]
  0x000001e96973c0d0 WatcherThread "VM Periodic Task Thread"        [id=12160, stack(0x0000006472700000,0x0000006472800000) (1024K)]
  0x000001e94c11f850 WorkerThread "GC Thread#0"                     [id=7304, stack(0x0000006472200000,0x0000006472300000) (1024K)]
  0x000001e94c11e9d0 WorkerThread "GC Thread#1"                     [id=3792, stack(0x0000006473500000,0x0000006473600000) (1024K)]
  0x000001e96e45d190 WorkerThread "GC Thread#2"                     [id=20936, stack(0x0000006473600000,0x0000006473700000) (1024K)]
  0x000001e96e45ca50 WorkerThread "GC Thread#3"                     [id=5168, stack(0x0000006473700000,0x0000006473800000) (1024K)]
  0x000001e96e45cdf0 WorkerThread "GC Thread#4"                     [id=736, stack(0x0000006473800000,0x0000006473900000) (1024K)]
  0x000001e96e45b0f0 WorkerThread "GC Thread#5"                     [id=20184, stack(0x0000006473900000,0x0000006473a00000) (1024K)]
  0x000001e96e45dc70 WorkerThread "GC Thread#6"                     [id=19288, stack(0x0000006473a00000,0x0000006473b00000) (1024K)]
  0x000001e96e45a9b0 WorkerThread "GC Thread#7"                     [id=7976, stack(0x0000006473b00000,0x0000006473c00000) (1024K)]
  0x000001e94e2af140 ConcurrentGCThread "G1 Main Marker"            [id=14988, stack(0x0000006472300000,0x0000006472400000) (1024K)]
  0x000001e94c11fbf0 WorkerThread "G1 Conc#0"                       [id=14332, stack(0x0000006472400000,0x0000006472500000) (1024K)]
  0x000001e96e45d8d0 WorkerThread "G1 Conc#1"                       [id=16028, stack(0x0000006475800000,0x0000006475900000) (1024K)]
  0x000001e94e317840 ConcurrentGCThread "G1 Refine#0"               [id=3036, stack(0x0000006472500000,0x0000006472600000) (1024K)]
  0x000001e94e3183b0 ConcurrentGCThread "G1 Service"                [id=21144, stack(0x0000006472600000,0x0000006472700000) (1024K)]
Total: 15

Threads with active compile tasks:
C2 CompilerThread0    26812 3249       4       org.jacoco.agent.rt.internal_aeaf9ab.asm.SymbolTable::addBootstrapMethod (209 bytes)
C2 CompilerThread1    26812 3248       4       org.jacoco.agent.rt.internal_aeaf9ab.asm.SymbolTable::addConstantDynamicOrInvokeDynamicReference (140 bytes)
Total: 2

VM state: not at safepoint (normal execution)

VM Mutex/Monitor currently owned by a thread: None

Heap address: 0x00000000c1c00000, size: 996 MB, Compressed Oops mode: 32-bit

CDS archive(s) mapped at: [0x000001e900000000-0x000001e900c90000-0x000001e900c90000), size 13172736, SharedBaseAddress: 0x000001e900000000, ArchiveRelocationMode: 1.
Compressed class space mapped at: 0x000001e901000000-0x000001e941000000, reserved size: 1073741824
Narrow klass base: 0x000001e900000000, Narrow klass shift: 0, Narrow klass range: 0x100000000

GC Precious Log:
 CardTable entry size: 512
 Card Set container configuration: InlinePtr #cards 5 size 8 Array Of Cards #cards 12 size 40 Howl #buckets 4 coarsen threshold 1843 Howl Bitmap #cards 512 size 80 coarsen threshold 460 Card regions per heap region 1 cards per card region 2048
 CPUs: 8 total, 8 available
 Memory: 3982M
 Large Page Support: Disabled
 NUMA Support: Disabled
 Compressed Oops: Enabled (32-bit)
 Heap Region Size: 1M
 Heap Min Capacity: 8M
 Heap Initial Capacity: 64M
 Heap Max Capacity: 996M
 Pre-touch: Disabled
 Parallel Workers: 8
 Concurrent Workers: 2
 Concurrent Refinement Workers: 8
 Periodic GC: Disabled

Heap:
 garbage-first heap   total 61440K, used 28076K [0x00000000c1c00000, 0x0000000100000000)
  region size 1024K, 15 young (15360K), 2 survivors (2048K)
 Metaspace       used 22046K, committed 22592K, reserved 1114112K
  class space    used 2591K, committed 2816K, reserved 1048576K

Heap Regions: E=young(eden), S=young(survivor), O=old, HS=humongous(starts), HC=humongous(continues), CS=collection set, F=free, TAMS=top-at-mark-start, PB=parsable bottom
|   0|0x00000000c1c00000, 0x00000000c1d00000, 0x00000000c1d00000|100%|HS|  |TAMS 0x00000000c1c00000| PB 0x00000000c1c00000| Complete 
|   1|0x00000000c1d00000, 0x00000000c1e00000, 0x00000000c1e00000|100%|HS|  |TAMS 0x00000000c1d00000| PB 0x00000000c1d00000| Complete 
|   2|0x00000000c1e00000, 0x00000000c1f00000, 0x00000000c1f00000|100%| O|  |TAMS 0x00000000c1e00000| PB 0x00000000c1e00000| Untracked 
|   3|0x00000000c1f00000, 0x00000000c2000000, 0x00000000c2000000|100%| O|  |TAMS 0x00000000c1f00000| PB 0x00000000c1f00000| Untracked 
|   4|0x00000000c2000000, 0x00000000c2100000, 0x00000000c2100000|100%| O|  |TAMS 0x00000000c2000000| PB 0x00000000c2000000| Untracked 
|   5|0x00000000c2100000, 0x00000000c2200000, 0x00000000c2200000|100%| O|  |TAMS 0x00000000c2100000| PB 0x00000000c2100000| Untracked 
|   6|0x00000000c2200000, 0x00000000c2300000, 0x00000000c2300000|100%| O|  |TAMS 0x00000000c2200000| PB 0x00000000c2200000| Untracked 
|   7|0x00000000c2300000, 0x00000000c2400000, 0x00000000c2400000|100%| O|  |TAMS 0x00000000c2300000| PB 0x00000000c2300000| Untracked 
|   8|0x00000000c2400000, 0x00000000c2500000, 0x00000000c2500000|100%| O|  |TAMS 0x00000000c2400000| PB 0x00000000c2400000| Untracked 
|   9|0x00000000c2500000, 0x00000000c2600000, 0x00000000c2600000|100%| O|  |TAMS 0x00000000c2500000| PB 0x00000000c2500000| Untracked 
|  10|0x00000000c2600000, 0x00000000c2700000, 0x00000000c2700000|100%| O|  |TAMS 0x00000000c2600000| PB 0x00000000c2600000| Untracked 
|  11|0x00000000c2700000, 0x00000000c2800000, 0x00000000c2800000|100%| O|  |TAMS 0x00000000c2700000| PB 0x00000000c2700000| Untracked 
|  12|0x00000000c2800000, 0x00000000c2900000, 0x00000000c2900000|100%| O|  |TAMS 0x00000000c2800000| PB 0x00000000c2800000| Untracked 
|  13|0x00000000c2900000, 0x00000000c2a00000, 0x00000000c2a00000|100%| O|  |TAMS 0x00000000c2900000| PB 0x00000000c2900000| Untracked 
|  14|0x00000000c2a00000, 0x00000000c2a144c0, 0x00000000c2b00000|  7%| O|Cm|TAMS 0x00000000c2a00000| PB 0x00000000c2a00000| Complete 
|  15|0x00000000c2b00000, 0x00000000c2b00000, 0x00000000c2c00000|  0%| F|  |TAMS 0x00000000c2b00000| PB 0x00000000c2b00000| Untracked 
|  16|0x00000000c2c00000, 0x00000000c2c00000, 0x00000000c2d00000|  0%| F|  |TAMS 0x00000000c2c00000| PB 0x00000000c2c00000| Untracked 
|  17|0x00000000c2d00000, 0x00000000c2d00000, 0x00000000c2e00000|  0%| F|  |TAMS 0x00000000c2d00000| PB 0x00000000c2d00000| Untracked 
|  18|0x00000000c2e00000, 0x00000000c2e00000, 0x00000000c2f00000|  0%| F|  |TAMS 0x00000000c2e00000| PB 0x00000000c2e00000| Untracked 
|  19|0x00000000c2f00000, 0x00000000c2f00000, 0x00000000c3000000|  0%| F|  |TAMS 0x00000000c2f00000| PB 0x00000000c2f00000| Untracked 
|  20|0x00000000c3000000, 0x00000000c3000000, 0x00000000c3100000|  0%| F|  |TAMS 0x00000000c3000000| PB 0x00000000c3000000| Untracked 
|  21|0x00000000c3100000, 0x00000000c3100000, 0x00000000c3200000|  0%| F|  |TAMS 0x00000000c3100000| PB 0x00000000c3100000| Untracked 
|  22|0x00000000c3200000, 0x00000000c3200000, 0x00000000c3300000|  0%| F|  |TAMS 0x00000000c3200000| PB 0x00000000c3200000| Untracked 
|  23|0x00000000c3300000, 0x00000000c3300000, 0x00000000c3400000|  0%| F|  |TAMS 0x00000000c3300000| PB 0x00000000c3300000| Untracked 
|  24|0x00000000c3400000, 0x00000000c3400000, 0x00000000c3500000|  0%| F|  |TAMS 0x00000000c3400000| PB 0x00000000c3400000| Untracked 
|  25|0x00000000c3500000, 0x00000000c3500000, 0x00000000c3600000|  0%| F|  |TAMS 0x00000000c3500000| PB 0x00000000c3500000| Untracked 
|  26|0x00000000c3600000, 0x00000000c3600000, 0x00000000c3700000|  0%| F|  |TAMS 0x00000000c3600000| PB 0x00000000c3600000| Untracked 
|  27|0x00000000c3700000, 0x00000000c3700000, 0x00000000c3800000|  0%| F|  |TAMS 0x00000000c3700000| PB 0x00000000c3700000| Untracked 
|  28|0x00000000c3800000, 0x00000000c3800000, 0x00000000c3900000|  0%| F|  |TAMS 0x00000000c3800000| PB 0x00000000c3800000| Untracked 
|  29|0x00000000c3900000, 0x00000000c3900000, 0x00000000c3a00000|  0%| F|  |TAMS 0x00000000c3900000| PB 0x00000000c3900000| Untracked 
|  30|0x00000000c3a00000, 0x00000000c3a00000, 0x00000000c3b00000|  0%| F|  |TAMS 0x00000000c3a00000| PB 0x00000000c3a00000| Untracked 
|  31|0x00000000c3b00000, 0x00000000c3b00000, 0x00000000c3c00000|  0%| F|  |TAMS 0x00000000c3b00000| PB 0x00000000c3b00000| Untracked 
|  32|0x00000000c3c00000, 0x00000000c3c00000, 0x00000000c3d00000|  0%| F|  |TAMS 0x00000000c3c00000| PB 0x00000000c3c00000| Untracked 
|  33|0x00000000c3d00000, 0x00000000c3d00000, 0x00000000c3e00000|  0%| F|  |TAMS 0x00000000c3d00000| PB 0x00000000c3d00000| Untracked 
|  34|0x00000000c3e00000, 0x00000000c3e56eb0, 0x00000000c3f00000| 33%| S|CS|TAMS 0x00000000c3e00000| PB 0x00000000c3e00000| Complete 
|  35|0x00000000c3f00000, 0x00000000c4000000, 0x00000000c4000000|100%| S|CS|TAMS 0x00000000c3f00000| PB 0x00000000c3f00000| Complete 
|  36|0x00000000c4000000, 0x00000000c4000000, 0x00000000c4100000|  0%| F|  |TAMS 0x00000000c4000000| PB 0x00000000c4000000| Untracked 
|  37|0x00000000c4100000, 0x00000000c4100000, 0x00000000c4200000|  0%| F|  |TAMS 0x00000000c4100000| PB 0x00000000c4100000| Untracked 
|  38|0x00000000c4200000, 0x00000000c4200000, 0x00000000c4300000|  0%| F|  |TAMS 0x00000000c4200000| PB 0x00000000c4200000| Untracked 
|  39|0x00000000c4300000, 0x00000000c4300000, 0x00000000c4400000|  0%| F|  |TAMS 0x00000000c4300000| PB 0x00000000c4300000| Untracked 
|  40|0x00000000c4400000, 0x00000000c4400000, 0x00000000c4500000|  0%| F|  |TAMS 0x00000000c4400000| PB 0x00000000c4400000| Untracked 
|  41|0x00000000c4500000, 0x00000000c4500000, 0x00000000c4600000|  0%| F|  |TAMS 0x00000000c4500000| PB 0x00000000c4500000| Untracked 
|  42|0x00000000c4600000, 0x00000000c4600000, 0x00000000c4700000|  0%| F|  |TAMS 0x00000000c4600000| PB 0x00000000c4600000| Untracked 
|  43|0x00000000c4700000, 0x00000000c4700000, 0x00000000c4800000|  0%| F|  |TAMS 0x00000000c4700000| PB 0x00000000c4700000| Untracked 
|  44|0x00000000c4800000, 0x00000000c4800000, 0x00000000c4900000|  0%| F|  |TAMS 0x00000000c4800000| PB 0x00000000c4800000| Untracked 
|  45|0x00000000c4900000, 0x00000000c4900000, 0x00000000c4a00000|  0%| F|  |TAMS 0x00000000c4900000| PB 0x00000000c4900000| Untracked 
|  46|0x00000000c4a00000, 0x00000000c4a00000, 0x00000000c4b00000|  0%| F|  |TAMS 0x00000000c4a00000| PB 0x00000000c4a00000| Untracked 
|  47|0x00000000c4b00000, 0x00000000c4b5f100, 0x00000000c4c00000| 37%| E|  |TAMS 0x00000000c4b00000| PB 0x00000000c4b00000| Complete 
|  48|0x00000000c4c00000, 0x00000000c4d00000, 0x00000000c4d00000|100%| E|CS|TAMS 0x00000000c4c00000| PB 0x00000000c4c00000| Complete 
|  49|0x00000000c4d00000, 0x00000000c4e00000, 0x00000000c4e00000|100%| E|CS|TAMS 0x00000000c4d00000| PB 0x00000000c4d00000| Complete 
|  50|0x00000000c4e00000, 0x00000000c4f00000, 0x00000000c4f00000|100%| E|CS|TAMS 0x00000000c4e00000| PB 0x00000000c4e00000| Complete 
|  51|0x00000000c4f00000, 0x00000000c5000000, 0x00000000c5000000|100%| E|CS|TAMS 0x00000000c4f00000| PB 0x00000000c4f00000| Complete 
|  52|0x00000000c5000000, 0x00000000c5100000, 0x00000000c5100000|100%| E|CS|TAMS 0x00000000c5000000| PB 0x00000000c5000000| Complete 
|  53|0x00000000c5100000, 0x00000000c5200000, 0x00000000c5200000|100%| E|CS|TAMS 0x00000000c5100000| PB 0x00000000c5100000| Complete 
|  54|0x00000000c5200000, 0x00000000c5300000, 0x00000000c5300000|100%| E|CS|TAMS 0x00000000c5200000| PB 0x00000000c5200000| Complete 
|  55|0x00000000c5300000, 0x00000000c5400000, 0x00000000c5400000|100%| E|CS|TAMS 0x00000000c5300000| PB 0x00000000c5300000| Complete 
|  56|0x00000000c5400000, 0x00000000c5500000, 0x00000000c5500000|100%| E|CS|TAMS 0x00000000c5400000| PB 0x00000000c5400000| Complete 
|  57|0x00000000c5500000, 0x00000000c5600000, 0x00000000c5600000|100%| E|CS|TAMS 0x00000000c5500000| PB 0x00000000c5500000| Complete 
|  58|0x00000000c5600000, 0x00000000c5700000, 0x00000000c5700000|100%| E|CS|TAMS 0x00000000c5600000| PB 0x00000000c5600000| Complete 
|  63|0x00000000c5b00000, 0x00000000c5c00000, 0x00000000c5c00000|100%| E|CS|TAMS 0x00000000c5b00000| PB 0x00000000c5b00000| Complete 

Card table byte_map: [0x000001e965c10000,0x000001e965e10000] _byte_map_base: 0x000001e965602000

Marking Bits: (CMBitMap*) 0x000001e94e2a6be0
 Bits: [0x000001e965e10000, 0x000001e966da0000)

Polling page: 0x000001e94c260000

Metaspace:

Usage:
  Non-class:     19.00 MB used.
      Class:      2.53 MB used.
       Both:     21.53 MB used.

Virtual space:
  Non-class space:       64.00 MB reserved,      19.31 MB ( 30%) committed,  1 nodes.
      Class space:        1.00 GB reserved,       2.75 MB ( <1%) committed,  1 nodes.
             Both:        1.06 GB reserved,      22.06 MB (  2%) committed. 

Chunk freelists:
   Non-Class:  12.59 MB
       Class:  13.27 MB
        Both:  25.86 MB

MaxMetaspaceSize: unlimited
CompressedClassSpaceSize: 1.00 GB
Initial GC threshold: 21.00 MB
Current GC threshold: 35.25 MB
CDS: on
 - commit_granule_bytes: 65536.
 - commit_granule_words: 8192.
 - virtual_space_node_default_size: 8388608.
 - enlarge_chunks_in_place: 1.
 - use_allocation_guard: 0.


Internal statistics:

num_allocs_failed_limit: 3.
num_arena_births: 692.
num_arena_deaths: 0.
num_vsnodes_births: 2.
num_vsnodes_deaths: 0.
num_space_committed: 353.
num_space_uncommitted: 0.
num_chunks_returned_to_freelist: 3.
num_chunks_taken_from_freelist: 1437.
num_chunk_merges: 3.
num_chunk_splits: 847.
num_chunks_enlarged: 396.
num_inconsistent_stats: 0.

CodeHeap 'non-profiled nmethods': size=120000Kb used=1457Kb max_used=1457Kb free=118543Kb
 bounds [0x000001e95e1b0000, 0x000001e95e420000, 0x000001e9656e0000]
CodeHeap 'profiled nmethods': size=120000Kb used=6109Kb max_used=6109Kb free=113890Kb
 bounds [0x000001e9566e0000, 0x000001e956ce0000, 0x000001e95dc10000]
CodeHeap 'non-nmethods': size=5760Kb used=1535Kb max_used=1624Kb free=4224Kb
 bounds [0x000001e95dc10000, 0x000001e95de80000, 0x000001e95e1b0000]
 total_blobs=3851 nmethods=3248 adapters=507
 compilation: enabled
              stopped_count=0, restarted_count=0
 full_count=0

Compilation events (20 events):
Event: 26.397 Thread 0x000001e9697a6a40 nmethod 3240 0x000001e956cd4b90 code [0x000001e956cd4d40, 0x000001e956cd4e80]
Event: 26.397 Thread 0x000001e9697a6a40 3241       3       java.util.concurrent.ThreadPoolExecutor$Worker::tryAcquire (20 bytes)
Event: 26.397 Thread 0x000001e9697a6a40 nmethod 3241 0x000001e956cd4f10 code [0x000001e956cd50c0, 0x000001e956cd5300]
Event: 26.397 Thread 0x000001e9697a6a40 3242       3       java.util.concurrent.ThreadPoolExecutor::beforeExecute (1 bytes)
Event: 26.397 Thread 0x000001e9697a6a40 nmethod 3242 0x000001e956cd5390 code [0x000001e956cd5520, 0x000001e956cd5628]
Event: 26.443 Thread 0x000001e9697a6a40 3243       3       java.nio.HeapByteBuffer::get (14 bytes)
Event: 26.443 Thread 0x000001e9697a6a40 nmethod 3243 0x000001e956cd5690 code [0x000001e956cd5860, 0x000001e956cd5ba8]
Event: 26.448 Thread 0x000001e9697a6a40 3244       3       jdk.internal.net.http.Http1HeaderParser::get (22 bytes)
Event: 26.448 Thread 0x000001e96979a680 3245       4       java.lang.CharacterDataLatin1::toUpperCase (67 bytes)
Event: 26.448 Thread 0x000001e9697a6a40 nmethod 3244 0x000001e956cd5d10 code [0x000001e956cd5ec0, 0x000001e956cd60d8]
Event: 26.449 Thread 0x000001e96979a680 nmethod 3245 0x000001e95e31a590 code [0x000001e95e31a720, 0x000001e95e31a7e0]
Event: 26.451 Thread 0x000001e96979a680 3246   !   4       java.nio.DirectByteBuffer::get (34 bytes)
Event: 26.453 Thread 0x000001e96979a680 nmethod 3246 0x000001e95e31a890 code [0x000001e95e31aa40, 0x000001e95e31aba8]
Event: 26.453 Thread 0x000001e96979a680 3247       4       sun.invoke.util.VerifyAccess::isTypeVisible (118 bytes)
Event: 26.460 Thread 0x000001e9697a6a40 3252       3       org.jacoco.agent.rt.internal_aeaf9ab.asm.ClassWriter::visitInnerClass (130 bytes)
Event: 26.478 Thread 0x000001e9697a6a40 nmethod 3252 0x000001e956cd6210 code [0x000001e956cd6460, 0x000001e956cd6c70]
Event: 26.479 Thread 0x000001e96979a680 nmethod 3247 0x000001e95e31ad10 code [0x000001e95e31af00, 0x000001e95e31b330]
Event: 26.479 Thread 0x000001e96979a680 3250       4       org.jacoco.agent.rt.internal_aeaf9ab.asm.SymbolTable::addBootstrapMethod (144 bytes)
Event: 26.486 Thread 0x000001e96979a680 nmethod 3250 0x000001e95e31b710 code [0x000001e95e31b8c0, 0x000001e95e31bd50]
Event: 26.486 Thread 0x000001e96979a680 3249       4       org.jacoco.agent.rt.internal_aeaf9ab.asm.SymbolTable::addBootstrapMethod (209 bytes)

GC Heap History (14 events):
Event: 0.861 GC heap before
{Heap before GC invocations=0 (full 0):
 garbage-first heap   total 65536K, used 24576K [0x00000000c1c00000, 0x0000000100000000)
  region size 1024K, 23 young (23552K), 0 survivors (0K)
 Metaspace       used 3512K, committed 3648K, reserved 1114112K
  class space    used 322K, committed 384K, reserved 1048576K
}
Event: 0.869 GC heap after
{Heap after GC invocations=1 (full 0):
 garbage-first heap   total 65536K, used 8864K [0x00000000c1c00000, 0x0000000100000000)
  region size 1024K, 3 young (3072K), 3 survivors (3072K)
 Metaspace       used 3512K, committed 3648K, reserved 1114112K
  class space    used 322K, committed 384K, reserved 1048576K
}
Event: 1.274 GC heap before
{Heap before GC invocations=1 (full 0):
 garbage-first heap   total 65536K, used 35488K [0x00000000c1c00000, 0x0000000100000000)
  region size 1024K, 29 young (29696K), 3 survivors (3072K)
 Metaspace       used 5413K, committed 5568K, reserved 1114112K
  class space    used 474K, committed 576K, reserved 1048576K
}
Event: 1.282 GC heap after
{Heap after GC invocations=2 (full 0):
 garbage-first heap   total 65536K, used 10875K [0x00000000c1c00000, 0x0000000100000000)
  region size 1024K, 2 young (2048K), 2 survivors (2048K)
 Metaspace       used 5413K, committed 5568K, reserved 1114112K
  class space    used 474K, committed 576K, reserved 1048576K
}
Event: 2.282 GC heap before
{Heap before GC invocations=2 (full 0):
 garbage-first heap   total 65536K, used 42619K [0x00000000c1c00000, 0x0000000100000000)
  region size 1024K, 33 young (33792K), 2 survivors (2048K)
 Metaspace       used 9173K, committed 9536K, reserved 1114112K
  class space    used 910K, committed 1088K, reserved 1048576K
}
Event: 2.293 GC heap after
{Heap after GC invocations=3 (full 0):
 garbage-first heap   total 65536K, used 11838K [0x00000000c1c00000, 0x0000000100000000)
  region size 1024K, 3 young (3072K), 3 survivors (3072K)
 Metaspace       used 9173K, committed 9536K, reserved 1114112K
  class space    used 910K, committed 1088K, reserved 1048576K
}
Event: 3.259 GC heap before
{Heap before GC invocations=3 (full 0):
 garbage-first heap   total 65536K, used 46654K [0x00000000c1c00000, 0x0000000100000000)
  region size 1024K, 38 young (38912K), 3 survivors (3072K)
 Metaspace       used 10746K, committed 11072K, reserved 1114112K
  class space    used 1071K, committed 1216K, reserved 1048576K
}
Event: 3.268 GC heap after
{Heap after GC invocations=4 (full 0):
 garbage-first heap   total 65536K, used 12802K [0x00000000c1c00000, 0x0000000100000000)
  region size 1024K, 4 young (4096K), 4 survivors (4096K)
 Metaspace       used 10746K, committed 11072K, reserved 1114112K
  class space    used 1071K, committed 1216K, reserved 1048576K
}
Event: 3.743 GC heap before
{Heap before GC invocations=4 (full 0):
 garbage-first heap   total 65536K, used 47618K [0x00000000c1c00000, 0x0000000100000000)
  region size 1024K, 38 young (38912K), 4 survivors (4096K)
 Metaspace       used 13050K, committed 13376K, reserved 1114112K
  class space    used 1343K, committed 1472K, reserved 1048576K
}
Event: 3.746 GC heap after
{Heap after GC invocations=5 (full 0):
 garbage-first heap   total 65536K, used 12555K [0x00000000c1c00000, 0x0000000100000000)
  region size 1024K, 2 young (2048K), 2 survivors (2048K)
 Metaspace       used 13050K, committed 13376K, reserved 1114112K
  class space    used 1343K, committed 1472K, reserved 1048576K
}
Event: 5.726 GC heap before
{Heap before GC invocations=5 (full 0):
 garbage-first heap   total 65536K, used 48395K [0x00000000c1c00000, 0x0000000100000000)
  region size 1024K, 38 young (38912K), 2 survivors (2048K)
 Metaspace       used 17702K, committed 18176K, reserved 1114112K
  class space    used 1930K, committed 2112K, reserved 1048576K
}
Event: 5.733 GC heap after
{Heap after GC invocations=6 (full 0):
 garbage-first heap   total 65536K, used 15752K [0x00000000c1c00000, 0x0000000100000000)
  region size 1024K, 5 young (5120K), 5 survivors (5120K)
 Metaspace       used 17702K, committed 18176K, reserved 1114112K
  class space    used 1930K, committed 2112K, reserved 1048576K
}
Event: 6.757 GC heap before
{Heap before GC invocations=6 (full 0):
 garbage-first heap   total 65536K, used 43400K [0x00000000c1c00000, 0x0000000100000000)
  region size 1024K, 33 young (33792K), 5 survivors (5120K)
 Metaspace       used 21064K, committed 21504K, reserved 1114112K
  class space    used 2399K, committed 2624K, reserved 1048576K
}
Event: 6.764 GC heap after
{Heap after GC invocations=7 (full 0):
 garbage-first heap   total 65536K, used 15788K [0x00000000c1c00000, 0x0000000100000000)
  region size 1024K, 2 young (2048K), 2 survivors (2048K)
 Metaspace       used 21064K, committed 21504K, reserved 1114112K
  class space    used 2399K, committed 2624K, reserved 1048576K
}

Dll operation events (13 events):
Event: 0.028 Loaded shared library C:\Program Files\Java\jdk-21\bin\java.dll
Event: 0.093 Loaded shared library C:\Program Files\Java\jdk-21\bin\jsvml.dll
Event: 0.170 Loaded shared library C:\Program Files\Java\jdk-21\bin\zip.dll
Event: 0.181 Loaded shared library C:\Program Files\Java\jdk-21\bin\instrument.dll
Event: 0.188 Loaded shared library C:\Program Files\Java\jdk-21\bin\net.dll
Event: 0.193 Loaded shared library C:\Program Files\Java\jdk-21\bin\nio.dll
Event: 0.197 Loaded shared library C:\Program Files\Java\jdk-21\bin\zip.dll
Event: 0.310 Loaded shared library C:\Program Files\Java\jdk-21\bin\verify.dll
Event: 0.362 Loaded shared library C:\Program Files\Java\jdk-21\bin\jimage.dll
Event: 0.742 Loaded shared library C:\Program Files\Java\jdk-21\bin\management.dll
Event: 0.752 Loaded shared library C:\Program Files\Java\jdk-21\bin\management_ext.dll
Event: 3.803 Loaded shared library C:\Program Files\Java\jdk-21\bin\extnet.dll
Event: 5.312 Loaded shared library C:\Program Files\Java\jdk-21\bin\sunmscapi.dll

Deoptimization events (20 events):
Event: 6.632 Thread 0x000001e97074b090 DEOPT PACKING pc=0x000001e95e2c6674 sp=0x00000064742fa920
Event: 6.632 Thread 0x000001e97074b090 DEOPT UNPACKING pc=0x000001e95dc646a2 sp=0x00000064742fa890 mode 2
Event: 6.639 Thread 0x000001e97074b090 DEOPT PACKING pc=0x000001e9567669c9 sp=0x00000064742f91c0
Event: 6.639 Thread 0x000001e97074b090 DEOPT UNPACKING pc=0x000001e95dc64e42 sp=0x00000064742f8638 mode 0
Event: 6.643 Thread 0x000001e97074b090 DEOPT PACKING pc=0x000001e956868cca sp=0x00000064742fad60
Event: 6.643 Thread 0x000001e97074b090 DEOPT UNPACKING pc=0x000001e95dc64e42 sp=0x00000064742fa470 mode 0
Event: 6.728 Thread 0x000001e96e791c50 DEOPT PACKING pc=0x000001e956868cca sp=0x00000064755f8a30
Event: 6.728 Thread 0x000001e96e791c50 DEOPT UNPACKING pc=0x000001e95dc64e42 sp=0x00000064755f8140 mode 0
Event: 6.746 Thread 0x000001e96e791c50 DEOPT PACKING pc=0x000001e956869852 sp=0x00000064755fb590
Event: 6.746 Thread 0x000001e96e791c50 DEOPT UNPACKING pc=0x000001e95dc64e42 sp=0x00000064755faca0 mode 0
Event: 6.783 Thread 0x000001e96e791c50 DEOPT PACKING pc=0x000001e956869852 sp=0x00000064755fb6c0
Event: 6.783 Thread 0x000001e96e791c50 DEOPT UNPACKING pc=0x000001e95dc64e42 sp=0x00000064755fadd0 mode 0
Event: 6.803 Thread 0x000001e96e7922e0 DEOPT PACKING pc=0x000001e9568686aa sp=0x00000064756fb220
Event: 6.803 Thread 0x000001e96e7922e0 DEOPT UNPACKING pc=0x000001e95dc64e42 sp=0x00000064756fa930 mode 0
Event: 6.814 Thread 0x000001e96e7922e0 DEOPT PACKING pc=0x000001e9568686aa sp=0x00000064756fb3f0
Event: 6.814 Thread 0x000001e96e7922e0 DEOPT UNPACKING pc=0x000001e95dc64e42 sp=0x00000064756fab00 mode 0
Event: 6.826 Thread 0x000001e96e7922e0 DEOPT PACKING pc=0x000001e9568686aa sp=0x00000064756fb4d0
Event: 6.826 Thread 0x000001e96e7922e0 DEOPT UNPACKING pc=0x000001e95dc64e42 sp=0x00000064756fabe0 mode 0
Event: 6.850 Thread 0x000001e96e793d20 DEOPT PACKING pc=0x000001e956869852 sp=0x0000006475afc010
Event: 6.850 Thread 0x000001e96e793d20 DEOPT UNPACKING pc=0x000001e95dc64e42 sp=0x0000006475afb720 mode 0

Classes loaded (20 events):
Event: 6.843 Loading class java/util/concurrent/CompletableFuture$UniRelay done
Event: 6.843 Loading class java/nio/channels/spi/AbstractSelectionKey done
Event: 6.843 Loading class sun/nio/ch/SelectionKeyImpl done
Event: 6.855 Loading class sun/nio/ch/IOVecWrapper
Event: 6.856 Loading class sun/nio/ch/IOVecWrapper done
Event: 6.856 Loading class sun/nio/ch/AllocatedNativeObject
Event: 6.856 Loading class sun/nio/ch/NativeObject
Event: 6.857 Loading class sun/nio/ch/NativeObject done
Event: 6.857 Loading class sun/nio/ch/AllocatedNativeObject done
Event: 6.857 Loading class sun/nio/ch/IOVecWrapper$Deallocator
Event: 6.857 Loading class sun/nio/ch/IOVecWrapper$Deallocator done
Event: 6.866 Loading class java/util/concurrent/CompletableFuture$UniApply
Event: 6.867 Loading class java/util/concurrent/CompletableFuture$UniApply done
Event: 9.404 Loading class java/util/concurrent/ConcurrentLinkedQueue$Itr
Event: 9.456 Loading class java/util/concurrent/ConcurrentLinkedQueue$Itr done
Event: 26.421 Loading class java/nio/HeapByteBufferR
Event: 26.434 Loading class java/nio/HeapByteBufferR done
Event: 26.449 Loading class java/util/ArrayList$ListItr
Event: 26.450 Loading class java/util/ArrayList$ListItr done
Event: 26.499 Loading class java/util/stream/ReferencePipeline$5

Classes unloaded (0 events):
No events

Classes redefined (0 events):
No events

Internal exceptions (20 events):
Event: 6.483 Thread 0x000001e96e796480 Exception <a 'java/net/ConnectException'{0x00000000c4d213a0}: Connection refused: getsockopt> (0x00000000c4d213a0) 
thrown [s\open\src\hotspot\share\prims\jni.cpp, line 539]
Event: 6.668 Thread 0x000001e97074b090 Exception <a 'java/lang/NoSuchMethodError'{0x00000000c4ac9e90}: 'java.lang.Object java.lang.invoke.DirectMethodHandle$Holder.newInvokeSpecial(java.lang.Object, java.lang.Object, int, int)'> (0x00000000c4ac9e90) 
thrown [s\open\src\hotspot\share\interpreter\linkResolver.cpp, line 773]
Event: 6.668 Thread 0x000001e97074c440 Exception <a 'java/lang/NoSuchMethodError'{0x00000000c4aa4fe0}: 'java.lang.Object java.lang.invoke.DirectMethodHandle$Holder.newInvokeSpecial(java.lang.Object, java.lang.Object, int, int)'> (0x00000000c4aa4fe0) 
thrown [s\open\src\hotspot\share\interpreter\linkResolver.cpp, line 773]
Event: 6.668 Thread 0x000001e96f4be760 Exception <a 'java/lang/NoSuchMethodError'{0x00000000c4adbc90}: 'java.lang.Object java.lang.invoke.DirectMethodHandle$Holder.newInvokeSpecial(java.lang.Object, java.lang.Object, int, int)'> (0x00000000c4adbc90) 
thrown [s\open\src\hotspot\share\interpreter\linkResolver.cpp, line 773]
Event: 6.669 Thread 0x000001e97074b090 Exception <a 'java/lang/NoSuchMethodError'{0x00000000c4ad34c0}: 'void java.lang.invoke.DirectMethodHandle$Holder.invokeStatic(java.lang.Object, java.lang.Object, int)'> (0x00000000c4ad34c0) 
thrown [s\open\src\hotspot\share\interpreter\linkResolver.cpp, line 773]
Event: 6.669 Thread 0x000001e97074c440 Exception <a 'java/lang/NoSuchMethodError'{0x00000000c4aae798}: 'void java.lang.invoke.DirectMethodHandle$Holder.invokeStatic(java.lang.Object, java.lang.Object, int)'> (0x00000000c4aae798) 
thrown [s\open\src\hotspot\share\interpreter\linkResolver.cpp, line 773]
Event: 6.669 Thread 0x000001e96f4be760 Exception <a 'java/lang/NoSuchMethodError'{0x00000000c4ae5c88}: 'void java.lang.invoke.DirectMethodHandle$Holder.invokeStatic(java.lang.Object, java.lang.Object, int)'> (0x00000000c4ae5c88) 
thrown [s\open\src\hotspot\share\interpreter\linkResolver.cpp, line 773]
Event: 6.707 Thread 0x000001e96e791c50 Exception <a 'java/lang/NoSuchMethodError'{0x00000000c460d640}: 'void java.lang.invoke.DirectMethodHandle$Holder.invokeStatic(java.lang.Object, java.lang.Object, java.lang.Object, java.lang.Object, java.lang.Object, java.lang.Object, java.lang.Object)'> (0x00000000c460d640) 
thrown [s\open\src\hotspot\share\interpreter\linkResolver.cpp, line 773]
Event: 6.707 Thread 0x000001e96e7922e0 Exception <a 'java/lang/NoSuchMethodError'{0x00000000c48d49b0}: 'void java.lang.invoke.DirectMethodHandle$Holder.invokeStatic(java.lang.Object, java.lang.Object, java.lang.Object, java.lang.Object, java.lang.Object, java.lang.Object, java.lang.Object)'> (0x00000000c48d49b0) 
thrown [s\open\src\hotspot\share\interpreter\linkResolver.cpp, line 773]
Event: 6.707 Thread 0x000001e96e793690 Exception <a 'java/lang/NoSuchMethodError'{0x00000000c47c3d80}: 'void java.lang.invoke.DirectMethodHandle$Holder.invokeStatic(java.lang.Object, java.lang.Object, java.lang.Object, java.lang.Object, java.lang.Object, java.lang.Object, java.lang.Object)'> (0x00000000c47c3d80) 
thrown [s\open\src\hotspot\share\interpreter\linkResolver.cpp, line 773]
Event: 6.778 Thread 0x000001e96e793690 Exception <a 'java/lang/NoSuchMethodError'{0x00000000c5be0188}: 'long java.lang.invoke.DirectMethodHandle$Holder.invokeSpecial(java.lang.Object, java.lang.Object, java.lang.Object, java.lang.Object, int)'> (0x00000000c5be0188) 
thrown [s\open\src\hotspot\share\interpreter\linkResolver.cpp, line 773]
Event: 6.779 Thread 0x000001e96e791c50 Exception <a 'java/lang/NoSuchMethodError'{0x00000000c56012f0}: 'java.lang.Object java.lang.invoke.DirectMethodHandle$Holder.invokeSpecial(java.lang.Object, java.lang.Object, java.lang.Object, java.lang.Object, int)'> (0x00000000c56012f0) 
thrown [s\open\src\hotspot\share\interpreter\linkResolver.cpp, line 773]
Event: 6.779 Thread 0x000001e96e7922e0 Exception <a 'java/lang/NoSuchMethodError'{0x00000000c5bf8c70}: 'java.lang.Object java.lang.invoke.DirectMethodHandle$Holder.invokeSpecial(java.lang.Object, java.lang.Object, java.lang.Object, java.lang.Object, int)'> (0x00000000c5bf8c70) 
thrown [s\open\src\hotspot\share\interpreter\linkResolver.cpp, line 773]
Event: 6.779 Thread 0x000001e96e793690 Exception <a 'java/lang/NoSuchMethodError'{0x00000000c5bebac8}: 'java.lang.Object java.lang.invoke.DirectMethodHandle$Holder.invokeSpecial(java.lang.Object, java.lang.Object, java.lang.Object, java.lang.Object, int)'> (0x00000000c5bebac8) 
thrown [s\open\src\hotspot\share\interpreter\linkResolver.cpp, line 773]
Event: 6.779 Thread 0x000001e96e7922e0 Exception <a 'java/lang/NoSuchMethodError'{0x00000000c5bfc5b8}: 'java.lang.Object java.lang.invoke.Invokers$Holder.linkToTargetMethod(java.lang.Object, java.lang.Object, int, java.lang.Object)'> (0x00000000c5bfc5b8) 
thrown [s\open\src\hotspot\share\interpreter\linkResolver.cpp, line 773]
Event: 6.779 Thread 0x000001e96e793690 Exception <a 'java/lang/NoSuchMethodError'{0x00000000c5624998}: 'java.lang.Object java.lang.invoke.Invokers$Holder.linkToTargetMethod(java.lang.Object, java.lang.Object, int, java.lang.Object)'> (0x00000000c5624998) 
thrown [s\open\src\hotspot\share\interpreter\linkResolver.cpp, line 773]
Event: 6.779 Thread 0x000001e96e791c50 Exception <a 'java/lang/NoSuchMethodError'{0x00000000c5604be8}: 'java.lang.Object java.lang.invoke.Invokers$Holder.linkToTargetMethod(java.lang.Object, java.lang.Object, int, java.lang.Object)'> (0x00000000c5604be8) 
thrown [s\open\src\hotspot\share\interpreter\linkResolver.cpp, line 773]
Event: 6.823 Thread 0x000001e96e791c50 Exception <a 'java/lang/NoSuchMethodError'{0x00000000c51ac400}: 'void java.lang.invoke.DirectMethodHandle$Holder.invokeSpecial(java.lang.Object, java.lang.Object, java.lang.Object, java.lang.Object, java.lang.Object)'> (0x00000000c51ac400) 
thrown [s\open\src\hotspot\share\interpreter\linkResolver.cpp, line 773]
Event: 6.823 Thread 0x000001e96e7922e0 Exception <a 'java/lang/NoSuchMethodError'{0x00000000c52c07c8}: 'void java.lang.invoke.DirectMethodHandle$Holder.invokeSpecial(java.lang.Object, java.lang.Object, java.lang.Object, java.lang.Object, java.lang.Object)'> (0x00000000c52c07c8) 
thrown [s\open\src\hotspot\share\interpreter\linkResolver.cpp, line 773]
Event: 6.823 Thread 0x000001e96e793690 Exception <a 'java/lang/NoSuchMethodError'{0x00000000c519c4e0}: 'void java.lang.invoke.DirectMethodHandle$Holder.invokeSpecial(java.lang.Object, java.lang.Object, java.lang.Object, java.lang.Object, java.lang.Object)'> (0x00000000c519c4e0) 
thrown [s\open\src\hotspot\share\interpreter\linkResolver.cpp, line 773]

ZGC Phase Switch (0 events):
No events

VM Operations (20 events):
Event: 6.773 Executing VM operation: G1PauseRemark
Event: 6.777 Executing VM operation: G1PauseRemark done
Event: 6.781 Executing VM operation: G1PauseCleanup
Event: 6.781 Executing VM operation: G1PauseCleanup done
Event: 7.795 Executing VM operation: Cleanup
Event: 7.795 Executing VM operation: Cleanup done
Event: 9.814 Executing VM operation: Cleanup
Event: 9.814 Executing VM operation: Cleanup done
Event: 11.819 Executing VM operation: Cleanup
Event: 11.820 Executing VM operation: Cleanup done
Event: 14.846 Executing VM operation: Cleanup
Event: 14.846 Executing VM operation: Cleanup done
Event: 19.881 Executing VM operation: Cleanup
Event: 19.881 Executing VM operation: Cleanup done
Event: 26.442 Executing VM operation: HandshakeAllThreads (Deoptimize)
Event: 26.442 Executing VM operation: HandshakeAllThreads (Deoptimize) done
Event: 26.450 Executing VM operation: HandshakeAllThreads (Deoptimize)
Event: 26.450 Executing VM operation: HandshakeAllThreads (Deoptimize) done
Event: 26.450 Executing VM operation: Cleanup
Event: 26.451 Executing VM operation: Cleanup done

Events (20 events):
Event: 6.205 Thread 0x000001e96e790210 Thread added: 0x000001e96e790210
Event: 6.205 Thread 0x000001e96e7915c0 Thread added: 0x000001e96e7915c0
Event: 6.206 Thread 0x000001e96e793000 Thread added: 0x000001e96e793000
Event: 6.282 Thread 0x000001e96e7950d0 Thread added: 0x000001e96e7950d0
Event: 6.282 Thread 0x000001e96e795760 Thread added: 0x000001e96e795760
Event: 6.283 Thread 0x000001e96e790f30 Thread added: 0x000001e96e790f30
Event: 6.284 Thread 0x000001e96e796480 Thread added: 0x000001e96e796480
Event: 6.625 Thread 0x000001e96e794a40 Thread added: 0x000001e96e794a40
Event: 6.690 Thread 0x000001e96e793690 Thread added: 0x000001e96e793690
Event: 6.690 Thread 0x000001e96e791c50 Thread added: 0x000001e96e791c50
Event: 6.690 Thread 0x000001e96e7922e0 Thread added: 0x000001e96e7922e0
Event: 6.693 Thread 0x000001e96e795df0 Thread added: 0x000001e96e795df0
Event: 6.846 Thread 0x000001e96e796b10 Thread added: 0x000001e96e796b10
Event: 6.847 Thread 0x000001e96e793d20 Thread added: 0x000001e96e793d20
Event: 6.847 Thread 0x000001e96e7943b0 Thread added: 0x000001e96e7943b0
Event: 6.850 Thread 0x000001e96e7971a0 Thread added: 0x000001e96e7971a0
Event: 6.850 Thread 0x000001e96e797830 Thread added: 0x000001e96e797830
Event: 6.850 Thread 0x000001e9706cbed0 Thread added: 0x000001e9706cbed0
Event: 21.672 Thread 0x000001e96e794a40 Thread exited: 0x000001e96e794a40
Event: 26.493 Thread 0x000001e971141920 Thread added: 0x000001e971141920


Dynamic libraries:
0x00007ff7bcef0000 - 0x00007ff7bcf00000 	C:\Program Files\Java\jdk-21\bin\java.exe
0x00007ffaae110000 - 0x00007ffaae327000 	C:\WINDOWS\SYSTEM32\ntdll.dll
0x00007ffaad8e0000 - 0x00007ffaad9a4000 	C:\WINDOWS\System32\KERNEL32.DLL
0x00007ffaab880000 - 0x00007ffaabc3a000 	C:\WINDOWS\System32\KERNELBASE.dll
0x00007ffaab4a0000 - 0x00007ffaab5b1000 	C:\WINDOWS\System32\ucrtbase.dll
0x00007ffa7cf10000 - 0x00007ffa7cf29000 	C:\Program Files\Java\jdk-21\bin\jli.dll
0x00007ffa7cef0000 - 0x00007ffa7cf0b000 	C:\Program Files\Java\jdk-21\bin\VCRUNTIME140.dll
0x00007ffaac730000 - 0x00007ffaac7e2000 	C:\WINDOWS\System32\ADVAPI32.dll
0x00007ffaae020000 - 0x00007ffaae0c7000 	C:\WINDOWS\System32\msvcrt.dll
0x00007ffaadf70000 - 0x00007ffaae017000 	C:\WINDOWS\System32\sechost.dll
0x00007ffaab850000 - 0x00007ffaab878000 	C:\WINDOWS\System32\bcrypt.dll
0x00007ffaad5b0000 - 0x00007ffaad6c4000 	C:\WINDOWS\System32\RPCRT4.dll
0x00007ffaadcc0000 - 0x00007ffaade6e000 	C:\WINDOWS\System32\USER32.dll
0x00007ffaabce0000 - 0x00007ffaabd06000 	C:\WINDOWS\System32\win32u.dll
0x00007ffa92130000 - 0x00007ffa923c2000 	C:\WINDOWS\WinSxS\amd64_microsoft.windows.common-controls_6595b64144ccf1df_6.0.22621.4541_none_2710d1c57384c085\COMCTL32.dll
0x00007ffaac920000 - 0x00007ffaac949000 	C:\WINDOWS\System32\GDI32.dll
0x00007ffaab730000 - 0x00007ffaab84b000 	C:\WINDOWS\System32\gdi32full.dll
0x00007ffaabc40000 - 0x00007ffaabcda000 	C:\WINDOWS\System32\msvcp_win.dll
0x00007ffaa2f20000 - 0x00007ffaa2f2a000 	C:\WINDOWS\SYSTEM32\VERSION.dll
0x00007ffaadc80000 - 0x00007ffaadcb1000 	C:\WINDOWS\System32\IMM32.DLL
0x00007ffa80bd0000 - 0x00007ffa80bdc000 	C:\Program Files\Java\jdk-21\bin\vcruntime140_1.dll
0x00007ffa7cc00000 - 0x00007ffa7cc8e000 	C:\Program Files\Java\jdk-21\bin\msvcp140.dll
0x00007ffa7bef0000 - 0x00007ffa7cbfd000 	C:\Program Files\Java\jdk-21\bin\server\jvm.dll
0x00007ffaac8a0000 - 0x00007ffaac911000 	C:\WINDOWS\System32\WS2_32.dll
0x00007ffaab2b0000 - 0x00007ffaab2fd000 	C:\WINDOWS\SYSTEM32\POWRPROF.dll
0x00007ffaa57f0000 - 0x00007ffaa5824000 	C:\WINDOWS\SYSTEM32\WINMM.dll
0x00007ffaab290000 - 0x00007ffaab2a3000 	C:\WINDOWS\SYSTEM32\UMPDC.dll
0x00007ffaaa3e0000 - 0x00007ffaaa3f8000 	C:\WINDOWS\SYSTEM32\kernel.appcore.dll
0x00007ffa90b50000 - 0x00007ffa90b5a000 	C:\Program Files\Java\jdk-21\bin\jimage.dll
0x00007ffaa8ca0000 - 0x00007ffaa8ed2000 	C:\WINDOWS\SYSTEM32\DBGHELP.DLL
0x00007ffaacd50000 - 0x00007ffaad0df000 	C:\WINDOWS\System32\combase.dll
0x00007ffaad9b0000 - 0x00007ffaada87000 	C:\WINDOWS\System32\OLEAUT32.dll
0x00007ffa8cce0000 - 0x00007ffa8cd12000 	C:\WINDOWS\SYSTEM32\dbgcore.DLL
0x00007ffaabd90000 - 0x00007ffaabe0b000 	C:\WINDOWS\System32\bcryptPrimitives.dll
0x00007ffa984b0000 - 0x00007ffa984bf000 	C:\Program Files\Java\jdk-21\bin\instrument.dll
0x00007ffa7f2f0000 - 0x00007ffa7f30f000 	C:\Program Files\Java\jdk-21\bin\java.dll
0x00007ffaabe30000 - 0x00007ffaac6a8000 	C:\WINDOWS\System32\SHELL32.dll
0x00007ffaa92d0000 - 0x00007ffaa9bd8000 	C:\WINDOWS\SYSTEM32\windows.storage.dll
0x00007ffaa9190000 - 0x00007ffaa92cf000 	C:\WINDOWS\SYSTEM32\wintypes.dll
0x00007ffaacb90000 - 0x00007ffaacc8a000 	C:\WINDOWS\System32\SHCORE.dll
0x00007ffaac970000 - 0x00007ffaac9ce000 	C:\WINDOWS\System32\shlwapi.dll
0x00007ffaab310000 - 0x00007ffaab33b000 	C:\WINDOWS\SYSTEM32\profapi.dll
0x00007ffa7b4a0000 - 0x00007ffa7b577000 	C:\Program Files\Java\jdk-21\bin\jsvml.dll
0x00007ffa7b480000 - 0x00007ffa7b498000 	C:\Program Files\Java\jdk-21\bin\zip.dll
0x00007ffa7cd90000 - 0x00007ffa7cda0000 	C:\Program Files\Java\jdk-21\bin\net.dll
0x00007ffaa5d80000 - 0x00007ffaa5eb6000 	C:\WINDOWS\SYSTEM32\WINHTTP.dll
0x00007ffaaa850000 - 0x00007ffaaa8b9000 	C:\WINDOWS\system32\mswsock.dll
0x00007ffa7bc70000 - 0x00007ffa7bc86000 	C:\Program Files\Java\jdk-21\bin\nio.dll
0x00007ffa6f480000 - 0x00007ffa6f490000 	C:\Program Files\Java\jdk-21\bin\verify.dll
0x00007ffa7e9a0000 - 0x00007ffa7e9b7000 	C:\WINDOWS\system32\napinsp.dll
0x00007ffa7ea20000 - 0x00007ffa7ea3b000 	C:\WINDOWS\system32\pnrpnsp.dll
0x00007ffaa9eb0000 - 0x00007ffaa9fb2000 	C:\WINDOWS\SYSTEM32\DNSAPI.dll
0x00007ffaa9e40000 - 0x00007ffaa9e6d000 	C:\WINDOWS\SYSTEM32\IPHLPAPI.DLL
0x00007ffaacd40000 - 0x00007ffaacd49000 	C:\WINDOWS\System32\NSI.dll
0x00007ffa7e980000 - 0x00007ffa7e991000 	C:\WINDOWS\System32\winrnr.dll
0x00007ffaa57d0000 - 0x00007ffaa57e5000 	C:\WINDOWS\system32\wshbth.dll
0x00007ffa7e870000 - 0x00007ffa7e897000 	C:\WINDOWS\system32\nlansp_c.dll
0x00007ffa906a0000 - 0x00007ffa906aa000 	C:\Windows\System32\rasadhlp.dll
0x00007ffaa2de0000 - 0x00007ffaa2e63000 	C:\WINDOWS\System32\fwpuclnt.dll
0x00007ffa6bc30000 - 0x00007ffa6bc3a000 	C:\Program Files\Java\jdk-21\bin\management.dll
0x00007ffa6bc20000 - 0x00007ffa6bc2b000 	C:\Program Files\Java\jdk-21\bin\management_ext.dll
0x00007ffaada90000 - 0x00007ffaada98000 	C:\WINDOWS\System32\PSAPI.DLL
0x00007ffaaaa90000 - 0x00007ffaaaaab000 	C:\WINDOWS\SYSTEM32\CRYPTSP.dll
0x00007ffaaa340000 - 0x00007ffaaa375000 	C:\WINDOWS\system32\rsaenh.dll
0x00007ffaaa920000 - 0x00007ffaaa948000 	C:\WINDOWS\SYSTEM32\USERENV.dll
0x00007ffaaaa80000 - 0x00007ffaaaa8c000 	C:\WINDOWS\SYSTEM32\CRYPTBASE.dll
0x00007ffa6f4d0000 - 0x00007ffa6f4d9000 	C:\Program Files\Java\jdk-21\bin\extnet.dll
0x00007ffa6c860000 - 0x00007ffa6c86e000 	C:\Program Files\Java\jdk-21\bin\sunmscapi.dll
0x00007ffaab5c0000 - 0x00007ffaab726000 	C:\WINDOWS\System32\CRYPT32.dll
0x00007ffaaacb0000 - 0x00007ffaaacdd000 	C:\WINDOWS\SYSTEM32\ncrypt.dll
0x00007ffaaac70000 - 0x00007ffaaaca7000 	C:\WINDOWS\SYSTEM32\NTASN1.dll
0x00007ffa6bcc0000 - 0x00007ffa6bcc8000 	C:\WINDOWS\system32\wshunix.dll

dbghelp: loaded successfully - version: 4.0.5 - missing functions: none
symbol engine: initialized successfully - sym options: 0x614 - pdb path: .;C:\Program Files\Java\jdk-21\bin;C:\WINDOWS\SYSTEM32;C:\WINDOWS\WinSxS\amd64_microsoft.windows.common-controls_6595b64144ccf1df_6.0.22621.4541_none_2710d1c57384c085;C:\Program Files\Java\jdk-21\bin\server

VM Arguments:
jvm_args: -javaagent:C:\\Users\\Nikshepa\\.m2\\repository\\org\\jacoco\\org.jacoco.agent\\0.8.12\\org.jacoco.agent-0.8.12-runtime.jar=destfile=C:\\UIAndAPIFramework\\UIAndAPIAutomationFramework\\target\\jacoco.exec 
java_command: C:\Users\Nikshepa\AppData\Local\Temp\surefire16882547539859975807\surefirebooter-20250114173349041_3.jar C:\Users\Nikshepa\AppData\Local\Temp\surefire16882547539859975807 2025-01-14T17-33-48_211-jvmRun1 surefire-20250114173349041_1tmp surefire_0-20250114173349041_2tmp
java_class_path (initial): C:\Users\Nikshepa\AppData\Local\Temp\surefire16882547539859975807\surefirebooter-20250114173349041_3.jar
Launcher Type: SUN_STANDARD

[Global flags]
     intx CICompilerCount                          = 4                                         {product} {ergonomic}
     uint ConcGCThreads                            = 2                                         {product} {ergonomic}
     uint G1ConcRefinementThreads                  = 8                                         {product} {ergonomic}
   size_t G1HeapRegionSize                         = 1048576                                   {product} {ergonomic}
    uintx GCDrainStackTargetSize                   = 64                                        {product} {ergonomic}
   size_t InitialHeapSize                          = 67108864                                  {product} {ergonomic}
   size_t MarkStackSize                            = 4194304                                   {product} {ergonomic}
   size_t MaxHeapSize                              = 1044381696                                {product} {ergonomic}
   size_t MaxNewSize                               = 625999872                                 {product} {ergonomic}
   size_t MinHeapDeltaBytes                        = 1048576                                   {product} {ergonomic}
   size_t MinHeapSize                              = 8388608                                   {product} {ergonomic}
    uintx NonNMethodCodeHeapSize                   = 5839372                                {pd product} {ergonomic}
    uintx NonProfiledCodeHeapSize                  = 122909434                              {pd product} {ergonomic}
    uintx ProfiledCodeHeapSize                     = 122909434                              {pd product} {ergonomic}
    uintx ReservedCodeCacheSize                    = 251658240                              {pd product} {ergonomic}
     bool SegmentedCodeCache                       = true                                      {product} {ergonomic}
   size_t SoftMaxHeapSize                          = 1044381696                             {manageable} {ergonomic}
     bool UseCompressedOops                        = true                           {product lp64_product} {ergonomic}
     bool UseG1GC                                  = true                                      {product} {ergonomic}
     bool UseLargePagesIndividualAllocation        = false                                  {pd product} {ergonomic}

Logging:
Log output configuration:
 #0: stdout all=warning uptime,level,tags foldmultilines=false
 #1: stderr all=off uptime,level,tags foldmultilines=false

Environment Variables:
JAVA_HOME=C:\Program Files\Java\jdk-21
PATH=C:\Program Files (x86)\TRICENTIS\Tosca Testsuite\ToscaCommander;;C:\Program Files\Java\jdk-21\bin;C:\app\Nikshepa\product\18.0.0\dbhomeXE\bin;C:\Users\Nikshepa\Downloads\instantclient-sqlplus-windows.x64-23.6.0.24.10\instantclient_23_6;C:\Program Files\maven\apache-maven-3.9.6\bin;C:\Windows\System32;C:\Program Files\Docker\Docker\Resources\bin;C:\Program Files\dotnet\;C:\Users\Nikshepa\AppData\Local\Microsoft\WindowsApps;C:\sonarqube\sonarqube-9.9.5.90363\bin\windows-x86-64;C:\Users\Nikshepa\AppData\Roaming\npm
USERNAME=Nikshepa
OS=Windows_NT
PROCESSOR_IDENTIFIER=Intel64 Family 6 Model 142 Stepping 12, GenuineIntel
TMP=C:\Users\Nikshepa\AppData\Local\Temp
TEMP=C:\Users\Nikshepa\AppData\Local\Temp




Periodic native trim disabled

---------------  S Y S T E M  ---------------

OS:
 Windows 11 , 64 bit Build 22621 (10.0.22621.4391)
OS uptime: 3 days 20:07 hours
Hyper-V role detected

CPU: total 8 (initial active 8) (4 cores per cpu, 2 threads per core) family 6 model 142 stepping 12 microcode 0xde, cx8, cmov, fxsr, ht, mmx, 3dnowpref, sse, sse2, sse3, ssse3, sse4.1, sse4.2, popcnt, lzcnt, tsc, tscinvbit, avx, avx2, aes, erms, clmul, bmi1, bmi2, adx, fma, vzeroupper, clflush, clflushopt, hv, rdtscp, f16c
Processor Information for all 8 processors :
  Max Mhz: 1800, Current Mhz: 1600, Mhz Limit: 1584

Memory: 4k page, system-wide physical 3982M (699M free)
TotalPageFile size 16270M (AvailPageFile size 96M)
current process WorkingSet (physical memory assigned to process): 53M, peak: 161M
current process commit charge ("private bytes"): 189M, peak: 221M

vm_info: Java HotSpot(TM) 64-Bit Server VM (21.0.3+7-LTS-152) for windows-amd64 JRE (21.0.3+7-LTS-152), built on 2024-03-11T17:42:26Z by "mach5one" with MS VC++ 17.6 (VS2022)

END.
