#
# There is insufficient memory for the Java Runtime Environment to continue.
# Native memory allocation (mmap) failed to map 65536 bytes for Failed to commit metaspace.
# Possible reasons:
#   The system is out of physical RAM or swap space
#   The process is running with CompressedOops enabled, and the Java Heap may be blocking the growth of the native heap
# Possible solutions:
#   Reduce memory load on the system
#   Increase physical memory or swap space
#   Check if swap backing store is full
#   Decrease Java heap size (-Xmx/-Xms)
#   Decrease number of Java threads
#   Decrease Java thread stack sizes (-Xss)
#   Set larger code cache with -XX:ReservedCodeCacheSize=
#   JVM is running with Unscaled Compressed Oops mode in which the Java heap is
#     placed in the first 4GB address space. The Java Heap base address is the
#     maximum limit for the native heap growth. Please use -XX:HeapBaseMinAddress
#     to set the Java Heap base and to place the Java Heap above 4GB virtual address.
# This output file may be truncated or incomplete.
#
#  Out of Memory Error (virtualSpaceNode.cpp:112), pid=10540, tid=6928
#
# JRE version: Java(TM) SE Runtime Environment (21.0.3+7) (build 21.0.3+7-LTS-152)
# Java VM: Java HotSpot(TM) 64-Bit Server VM (21.0.3+7-LTS-152, mixed mode, tiered, compressed oops, compressed class ptrs, g1 gc, windows-amd64)
# No core dump will be written. Minidumps are not enabled by default on client versions of Windows
#

---------------  S U M M A R Y ------------

Command Line: -Xmx1024m C:\Users\Nikshepa\AppData\Local\Temp\surefire14278567293206697029\surefirebooter-20250114170538187_3.jar C:\Users\Nikshepa\AppData\Local\Temp\surefire14278567293206697029 2025-01-14T17-05-37_632-jvmRun1 surefire-20250114170538187_1tmp surefire_0-20250114170538187_2tmp

Host: Intel(R) Core(TM) i5-8265U CPU @ 1.60GHz, 8 cores, 3G,  Windows 11 , 64 bit Build 22621 (10.0.22621.4391)
Time: Tue Jan 14 17:05:38 2025 India Standard Time elapsed time: 0.262869 seconds (0d 0h 0m 0s)

---------------  T H R E A D  ---------------

Current thread (0x000002064240ef60):  JavaThread "main"             [_thread_in_vm, id=6928, stack(0x000000e89fe00000,0x000000e89ff00000) (1024K)]

Stack: [0x000000e89fe00000,0x000000e89ff00000]
Native frames: (J=compiled Java code, j=interpreted, Vv=VM code, C=native code)
V  [jvm.dll+0x6c63b9]
V  [jvm.dll+0x84fa11]
V  [jvm.dll+0x851f3e]
V  [jvm.dll+0x852613]
V  [jvm.dll+0x27cd46]
V  [jvm.dll+0x84b63e]
V  [jvm.dll+0x66a1b5]
V  [jvm.dll+0x66a21a]
V  [jvm.dll+0x66ca35]
V  [jvm.dll+0x66c902]
V  [jvm.dll+0x66ab8e]
V  [jvm.dll+0x67c11a]
V  [jvm.dll+0x675222]
V  [jvm.dll+0x241c41]
V  [jvm.dll+0x241db5]
V  [jvm.dll+0x3d0c5c]
V  [jvm.dll+0x3d0a4d]
C  0x0000020653ecbd58

The last pc belongs to method entry point (kind = zerolocals) (printed below).
Java frames: (J=compiled Java code, j=interpreted, Vv=VM code)
j  java.lang.String.startsWith(Ljava/lang/String;I)Z+0 java.base@21.0.3
j  java.lang.String.startsWith(Ljava/lang/String;)Z+3 java.base@21.0.3
j  sun.net.util.IPAddressUtil.checkHost(Ljava/lang/String;)Ljava/lang/String;+3 java.base@21.0.3
j  sun.net.util.IPAddressUtil.checkHostString(Ljava/lang/String;)Ljava/lang/String;+13 java.base@21.0.3
j  java.net.URLStreamHandler.setURL(Ljava/net/URL;Ljava/lang/String;Ljava/lang/String;ILjava/lang/String;Ljava/lang/String;Ljava/lang/String;Ljava/lang/String;Ljava/lang/String;)V+40 java.base@21.0.3
j  java.net.URLStreamHandler.parseURL(Ljava/net/URL;Ljava/lang/String;II)V+1120 java.base@21.0.3
j  sun.net.www.protocol.file.Handler.parseURL(Ljava/net/URL;Ljava/lang/String;II)V+14 java.base@21.0.3
j  java.net.URL.<init>(Ljava/net/URL;Ljava/lang/String;Ljava/net/URLStreamHandler;)V+504 java.base@21.0.3
j  java.net.URL.<init>(Ljava/net/URL;Ljava/lang/String;)V+4 java.base@21.0.3
j  jdk.internal.loader.URLClassPath$JarLoader.tryResolveFile(Ljava/net/URL;Ljava/lang/String;)Ljava/net/URL;+6 java.base@21.0.3
j  jdk.internal.loader.URLClassPath$JarLoader.tryResolve(Ljava/net/URL;Ljava/lang/String;)Ljava/net/URL;+14 java.base@21.0.3
j  jdk.internal.loader.URLClassPath$JarLoader.parseClassPath(Ljava/net/URL;Ljava/lang/String;)[Ljava/net/URL;+55 java.base@21.0.3
j  jdk.internal.loader.URLClassPath$JarLoader.getClassPath()[Ljava/net/URL;+57 java.base@21.0.3
j  jdk.internal.loader.URLClassPath.getLoader(I)Ljdk/internal/loader/URLClassPath$Loader;+88 java.base@21.0.3
j  jdk.internal.loader.URLClassPath.getResource(Ljava/lang/String;Z)Ljdk/internal/loader/Resource;+42 java.base@21.0.3
j  jdk.internal.loader.BuiltinClassLoader.findClassOnClassPathOrNull(Ljava/lang/String;)Ljava/lang/Class;+26 java.base@21.0.3
j  jdk.internal.loader.BuiltinClassLoader.loadClassOrNull(Ljava/lang/String;Z)Ljava/lang/Class;+111 java.base@21.0.3
j  jdk.internal.loader.BuiltinClassLoader.loadClass(Ljava/lang/String;Z)Ljava/lang/Class;+3 java.base@21.0.3
j  jdk.internal.loader.ClassLoaders$AppClassLoader.loadClass(Ljava/lang/String;Z)Ljava/lang/Class;+36 java.base@21.0.3
j  java.lang.ClassLoader.loadClass(Ljava/lang/String;)Ljava/lang/Class;+3 java.base@21.0.3
v  ~StubRoutines::call_stub 0x0000020653ec100d
j  java.lang.Class.forName0(Ljava/lang/String;ZLjava/lang/ClassLoader;Ljava/lang/Class;)Ljava/lang/Class;+0 java.base@21.0.3
j  java.lang.Class.forName(Ljava/lang/String;ZLjava/lang/ClassLoader;Ljava/lang/Class;)Ljava/lang/Class;+37 java.base@21.0.3
j  java.lang.Class.forName(Ljava/lang/String;ZLjava/lang/ClassLoader;)Ljava/lang/Class;+20 java.base@21.0.3
j  sun.launcher.LauncherHelper.loadMainClass(ILjava/lang/String;)Ljava/lang/Class;+95 java.base@21.0.3
j  sun.launcher.LauncherHelper.checkAndLoadMain(ZILjava/lang/String;)Ljava/lang/Class;+42 java.base@21.0.3
v  ~StubRoutines::call_stub 0x0000020653ec100d
method entry point (kind = zerolocals)  [0x0000020653ecba00, 0x0000020653ecbdc0]  960 bytes
[MachCode]
  0x0000020653ecba00: 488b 5308 | 0fb7 4a2e | 0fb7 522c | 2bd1 81fa | f501 0000 | 0f86 2500 | 0000 488b | c248 c1e0 
  0x0000020653ecba20: 0348 83c0 | 5849 0387 | d004 0000 | 483b e00f | 870a 0000 | 0058 498b | e550 e941 | acff ff58 
  0x0000020653ecba40: 4c8d 74cc | f885 d20f | 8e09 0000 | 0068 0000 | 0000 ffca | 7ff7 5055 | 488b ec41 | 5568 0000 
  0x0000020653ecba60: 0000 4c8b | 6b08 4d8d | 6d38 5348 | 8b53 0848 | 8b52 0848 | 8b52 1848 | 8b52 7048 | 8b12 5248 
  0x0000020653ecba80: 8b53 1048 | 85d2 0f84 | 0700 0000 | 4881 c208 | 0100 0052 | 488b 5308 | 488b 5208 | 488b 5210 
  0x0000020653ecbaa0: 5249 8bc6 | 482b c548 | c1e8 0350 | 4155 6800 | 0000 0048 | 8924 2441 | c687 7904 | 0000 0148 
  0x0000020653ecbac0: 8b45 d848 | 85c0 0f84 | 8800 0000 | 8b48 fc85 | c90f 887d | 0000 0048 | 03c1 488b | 4808 4883 
  0x0000020653ecbae0: e902 488b | 54c8 1048 | f7da 498b | 14d6 4885 | d275 10f6 | 44c8 1801 | 7554 f048 | 834c c818 
  0x0000020653ecbb00: 01eb 4b8b | 5208 48c1 | e203 4c8b | d248 3354 | c818 48f7 | c2fc ffff | ff74 33f6 | c202 752e 
  0x0000020653ecbb20: 4883 7cc8 | 1800 7421 | 4883 7cc8 | 1801 7419 | 498b d248 | 3354 c818 | 48f7 c2fc | ffff ff74 
  0x0000020653ecbb40: 0d48 834c | c818 02eb | 0548 8954 | c818 4883 | e902 798e | 488b 4310 | 4885 c074 | 208b 88cc 
  0x0000020653ecbb60: 0000 0083 | c102 8988 | cc00 0000 | 2388 e000 | 0000 0f84 | 9601 0000 | e9cf 0000 | 0048 8b43 
  0x0000020653ecbb80: 1848 85c0 | 0f85 b000 | 0000 e805 | 0000 00e9 | 9900 0000 | 488b d348 | 8d44 2408 | 4c89 6dc0 
  0x0000020653ecbba0: 498b cfc5 | f877 4989 | afa8 0300 | 0049 8987 | 9803 0000 | 4883 ec20 | 40f6 c40f | 0f84 1900 
  0x0000020653ecbbc0: 0000 4883 | ec08 48b8 | a0ff 2b7c | fa7f 0000 | ffd0 4883 | c408 e90c | 0000 0048 | b8a0 ff2b 
  0x0000020653ecbbe0: 7cfa 7f00 | 00ff d048 | 83c4 2049 | c787 9803 | 0000 0000 | 0000 49c7 | 87a8 0300 | 0000 0000 
  0x0000020653ecbc00: 0049 c787 | a003 0000 | 0000 0000 | c5f8 7749 | 837f 0800 | 0f84 0500 | 0000 e9e1 | 52ff ff4c 
  0x0000020653ecbc20: 8b6d c04c | 8b75 c84e | 8d74 f500 | c348 8b43 | 1848 85c0 | 0f84 1200 | 0000 8b48 | 0883 c102 
  0x0000020653ecbc40: 8948 0823 | 481c 0f84 | c200 0000 | 493b a7e8 | 0400 000f | 8748 0000 | 0089 8424 | 00f0 ffff 
  0x0000020653ecbc60: 8984 2400 | e0ff ff89 | 8424 00d0 | ffff 8984 | 2400 c0ff | ff89 8424 | 00b0 ffff | 8984 2400 
  0x0000020653ecbc80: a0ff ff89 | 8424 0090 | ffff 8984 | 2400 80ff | ff49 3ba7 | e004 0000 | 7607 4989 | a7e8 0400 
  0x0000020653ecbca0: 0041 c687 | 7904 0000 | 0049 baf0 | a6b0 7cfa | 7f00 0041 | 803a 000f | 843e 0000 | 0048 8b55 
  0x0000020653ecbcc0: e849 8bcf | 4883 ec20 | 40f6 c40f | 0f84 1900 | 0000 4883 | ec08 48b8 | 20b5 617c | fa7f 0000 
  0x0000020653ecbce0: ffd0 4883 | c408 e90c | 0000 0048 | b820 b561 | 7cfa 7f00 | 00ff d048 | 83c4 2041 | 0fb6 5d00 
  0x0000020653ecbd00: 49ba 406f | b37c fa7f | 0000 41ff | 24da ba00 | 0000 00e8 | 0500 0000 | e996 0000 | 0048 8d44 
  0x0000020653ecbd20: 2408 4c89 | 6dc0 498b | cfc5 f877 | 4989 afa8 | 0300 0049 | 8987 9803 | 0000 4883 | ec20 40f6 
  0x0000020653ecbd40: c40f 0f84 | 1900 0000 | 4883 ec08 | 48b8 300a | 2c7c fa7f | 0000 ffd0 | 4883 c408 | e90c 0000 
  0x0000020653ecbd60: 0048 b830 | 0a2c 7cfa | 7f00 00ff | d048 83c4 | 2049 c787 | 9803 0000 | 0000 0000 | 49c7 87a8 
  0x0000020653ecbd80: 0300 0000 | 0000 0049 | c787 a003 | 0000 0000 | 0000 c5f8 | 7749 837f | 0800 0f84 | 0500 0000 
  0x0000020653ecbda0: e95b 51ff | ff4c 8b6d | c04c 8b75 | c84e 8d74 | f500 c348 | 8b5d e8e9 | 90fe ffff | 0f1f 4000 
[/MachCode]

---------------  P R O C E S S  ---------------

Threads class SMR info:
_java_thread_list=0x000002060031f5c0, length=11, elements={
0x000002064240ef60, 0x0000020600330120, 0x0000020600330ff0, 0x0000020600318070,
0x000002060031a0f0, 0x000002060031ad00, 0x000002060031b910, 0x0000020600320670,
0x00000206003219e0, 0x00000206004d2730, 0x00000206004d81b0
}

Java Threads: ( => current thread )
=>0x000002064240ef60 JavaThread "main"                              [_thread_in_vm, id=6928, stack(0x000000e89fe00000,0x000000e89ff00000) (1024K)]
  0x0000020600330120 JavaThread "Reference Handler"          daemon [_thread_blocked, id=2220, stack(0x000000e8a0600000,0x000000e8a0700000) (1024K)]
  0x0000020600330ff0 JavaThread "Finalizer"                  daemon [_thread_blocked, id=7260, stack(0x000000e8a0700000,0x000000e8a0800000) (1024K)]
  0x0000020600318070 JavaThread "Signal Dispatcher"          daemon [_thread_blocked, id=20464, stack(0x000000e8a0800000,0x000000e8a0900000) (1024K)]
  0x000002060031a0f0 JavaThread "Attach Listener"            daemon [_thread_blocked, id=15540, stack(0x000000e8a0900000,0x000000e8a0a00000) (1024K)]
  0x000002060031ad00 JavaThread "Service Thread"             daemon [_thread_blocked, id=16516, stack(0x000000e8a0a00000,0x000000e8a0b00000) (1024K)]
  0x000002060031b910 JavaThread "Monitor Deflation Thread"   daemon [_thread_blocked, id=18564, stack(0x000000e8a0b00000,0x000000e8a0c00000) (1024K)]
  0x0000020600320670 JavaThread "C2 CompilerThread0"         daemon [_thread_blocked, id=17484, stack(0x000000e8a0c00000,0x000000e8a0d00000) (1024K)]
  0x00000206003219e0 JavaThread "C1 CompilerThread0"         daemon [_thread_in_vm, id=22688, stack(0x000000e8a0d00000,0x000000e8a0e00000) (1024K)]
  0x00000206004d2730 JavaThread "Notification Thread"        daemon [_thread_blocked, id=4940, stack(0x000000e8a0e00000,0x000000e8a0f00000) (1024K)]
  0x00000206004d81b0 JavaThread "Common-Cleaner"             daemon [_thread_blocked, id=12584, stack(0x000000e8a0f00000,0x000000e8a1000000) (1024K)]
Total: 11

Other Threads:
  0x00000206001a9f60 VMThread "VM Thread"                           [id=14292, stack(0x000000e8a0500000,0x000000e8a0600000) (1024K)]
  0x000002060011ca10 WatcherThread "VM Periodic Task Thread"        [id=17116, stack(0x000000e8a0400000,0x000000e8a0500000) (1024K)]
  0x000002064454e4d0 WorkerThread "GC Thread#0"                     [id=23124, stack(0x000000e89ff00000,0x000000e8a0000000) (1024K)]
  0x00000206445574b0 ConcurrentGCThread "G1 Main Marker"            [id=9296, stack(0x000000e8a0000000,0x000000e8a0100000) (1024K)]
  0x0000020644558fc0 WorkerThread "G1 Conc#0"                       [id=21716, stack(0x000000e8a0100000,0x000000e8a0200000) (1024K)]
  0x00000206445becd0 ConcurrentGCThread "G1 Refine#0"               [id=8208, stack(0x000000e8a0200000,0x000000e8a0300000) (1024K)]
  0x00000206445bf840 ConcurrentGCThread "G1 Service"                [id=904, stack(0x000000e8a0300000,0x000000e8a0400000) (1024K)]
Total: 7

Threads with active compile tasks:
C1 CompilerThread0      323  103       3       java.lang.String::indexOf (101 bytes)
Total: 1

VM state: not at safepoint (normal execution)

VM Mutex/Monitor currently owned by a thread:  ([mutex/lock_event])
[0x00007ffa7cb20d28] Metaspace_lock - owner thread: 0x000002064240ef60

Heap address: 0x00000000c0000000, size: 1024 MB, Compressed Oops mode: 32-bit

CDS archive(s) not mapped
Compressed class space mapped at: 0x0000000100000000-0x0000000140000000, reserved size: 1073741824
Narrow klass base: 0x0000000000000000, Narrow klass shift: 3, Narrow klass range: 0x140000000

GC Precious Log:
 CardTable entry size: 512
 Card Set container configuration: InlinePtr #cards 5 size 8 Array Of Cards #cards 12 size 40 Howl #buckets 4 coarsen threshold 1843 Howl Bitmap #cards 512 size 80 coarsen threshold 460 Card regions per heap region 1 cards per card region 2048
 CPUs: 8 total, 8 available
 Memory: 3982M
 Large Page Support: Disabled
 NUMA Support: Disabled
 Compressed Oops: Enabled (32-bit)
 Heap Region Size: 1M
 Heap Min Capacity: 8M
 Heap Initial Capacity: 64M
 Heap Max Capacity: 1G
 Pre-touch: Disabled
 Parallel Workers: 8
 Concurrent Workers: 2
 Concurrent Refinement Workers: 8
 Periodic GC: Disabled

Heap:
 garbage-first heap   total 65536K, used 1024K [0x00000000c0000000, 0x0000000100000000)
  region size 1024K, 2 young (2048K), 0 survivors (0K)
 Metaspace       used 5218K, committed 5248K, reserved 1114112K
  class space    used 419K, committed 448K, reserved 1048576K

Heap Regions: E=young(eden), S=young(survivor), O=old, HS=humongous(starts), HC=humongous(continues), CS=collection set, F=free, TAMS=top-at-mark-start, PB=parsable bottom
|   0|0x00000000c0000000, 0x00000000c0000000, 0x00000000c0100000|  0%| F|  |TAMS 0x00000000c0000000| PB 0x00000000c0000000| Untracked 
|   1|0x00000000c0100000, 0x00000000c0100000, 0x00000000c0200000|  0%| F|  |TAMS 0x00000000c0100000| PB 0x00000000c0100000| Untracked 
|   2|0x00000000c0200000, 0x00000000c0200000, 0x00000000c0300000|  0%| F|  |TAMS 0x00000000c0200000| PB 0x00000000c0200000| Untracked 
|   3|0x00000000c0300000, 0x00000000c0300000, 0x00000000c0400000|  0%| F|  |TAMS 0x00000000c0300000| PB 0x00000000c0300000| Untracked 
|   4|0x00000000c0400000, 0x00000000c0400000, 0x00000000c0500000|  0%| F|  |TAMS 0x00000000c0400000| PB 0x00000000c0400000| Untracked 
|   5|0x00000000c0500000, 0x00000000c0500000, 0x00000000c0600000|  0%| F|  |TAMS 0x00000000c0500000| PB 0x00000000c0500000| Untracked 
|   6|0x00000000c0600000, 0x00000000c0600000, 0x00000000c0700000|  0%| F|  |TAMS 0x00000000c0600000| PB 0x00000000c0600000| Untracked 
|   7|0x00000000c0700000, 0x00000000c0700000, 0x00000000c0800000|  0%| F|  |TAMS 0x00000000c0700000| PB 0x00000000c0700000| Untracked 
|   8|0x00000000c0800000, 0x00000000c0800000, 0x00000000c0900000|  0%| F|  |TAMS 0x00000000c0800000| PB 0x00000000c0800000| Untracked 
|   9|0x00000000c0900000, 0x00000000c0900000, 0x00000000c0a00000|  0%| F|  |TAMS 0x00000000c0900000| PB 0x00000000c0900000| Untracked 
|  10|0x00000000c0a00000, 0x00000000c0a00000, 0x00000000c0b00000|  0%| F|  |TAMS 0x00000000c0a00000| PB 0x00000000c0a00000| Untracked 
|  11|0x00000000c0b00000, 0x00000000c0b00000, 0x00000000c0c00000|  0%| F|  |TAMS 0x00000000c0b00000| PB 0x00000000c0b00000| Untracked 
|  12|0x00000000c0c00000, 0x00000000c0c00000, 0x00000000c0d00000|  0%| F|  |TAMS 0x00000000c0c00000| PB 0x00000000c0c00000| Untracked 
|  13|0x00000000c0d00000, 0x00000000c0d00000, 0x00000000c0e00000|  0%| F|  |TAMS 0x00000000c0d00000| PB 0x00000000c0d00000| Untracked 
|  14|0x00000000c0e00000, 0x00000000c0e00000, 0x00000000c0f00000|  0%| F|  |TAMS 0x00000000c0e00000| PB 0x00000000c0e00000| Untracked 
|  15|0x00000000c0f00000, 0x00000000c0f00000, 0x00000000c1000000|  0%| F|  |TAMS 0x00000000c0f00000| PB 0x00000000c0f00000| Untracked 
|  16|0x00000000c1000000, 0x00000000c1000000, 0x00000000c1100000|  0%| F|  |TAMS 0x00000000c1000000| PB 0x00000000c1000000| Untracked 
|  17|0x00000000c1100000, 0x00000000c1100000, 0x00000000c1200000|  0%| F|  |TAMS 0x00000000c1100000| PB 0x00000000c1100000| Untracked 
|  18|0x00000000c1200000, 0x00000000c1200000, 0x00000000c1300000|  0%| F|  |TAMS 0x00000000c1200000| PB 0x00000000c1200000| Untracked 
|  19|0x00000000c1300000, 0x00000000c1300000, 0x00000000c1400000|  0%| F|  |TAMS 0x00000000c1300000| PB 0x00000000c1300000| Untracked 
|  20|0x00000000c1400000, 0x00000000c1400000, 0x00000000c1500000|  0%| F|  |TAMS 0x00000000c1400000| PB 0x00000000c1400000| Untracked 
|  21|0x00000000c1500000, 0x00000000c1500000, 0x00000000c1600000|  0%| F|  |TAMS 0x00000000c1500000| PB 0x00000000c1500000| Untracked 
|  22|0x00000000c1600000, 0x00000000c1600000, 0x00000000c1700000|  0%| F|  |TAMS 0x00000000c1600000| PB 0x00000000c1600000| Untracked 
|  23|0x00000000c1700000, 0x00000000c1700000, 0x00000000c1800000|  0%| F|  |TAMS 0x00000000c1700000| PB 0x00000000c1700000| Untracked 
|  24|0x00000000c1800000, 0x00000000c1800000, 0x00000000c1900000|  0%| F|  |TAMS 0x00000000c1800000| PB 0x00000000c1800000| Untracked 
|  25|0x00000000c1900000, 0x00000000c1900000, 0x00000000c1a00000|  0%| F|  |TAMS 0x00000000c1900000| PB 0x00000000c1900000| Untracked 
|  26|0x00000000c1a00000, 0x00000000c1a00000, 0x00000000c1b00000|  0%| F|  |TAMS 0x00000000c1a00000| PB 0x00000000c1a00000| Untracked 
|  27|0x00000000c1b00000, 0x00000000c1b00000, 0x00000000c1c00000|  0%| F|  |TAMS 0x00000000c1b00000| PB 0x00000000c1b00000| Untracked 
|  28|0x00000000c1c00000, 0x00000000c1c00000, 0x00000000c1d00000|  0%| F|  |TAMS 0x00000000c1c00000| PB 0x00000000c1c00000| Untracked 
|  29|0x00000000c1d00000, 0x00000000c1d00000, 0x00000000c1e00000|  0%| F|  |TAMS 0x00000000c1d00000| PB 0x00000000c1d00000| Untracked 
|  30|0x00000000c1e00000, 0x00000000c1e00000, 0x00000000c1f00000|  0%| F|  |TAMS 0x00000000c1e00000| PB 0x00000000c1e00000| Untracked 
|  31|0x00000000c1f00000, 0x00000000c1f00000, 0x00000000c2000000|  0%| F|  |TAMS 0x00000000c1f00000| PB 0x00000000c1f00000| Untracked 
|  32|0x00000000c2000000, 0x00000000c2000000, 0x00000000c2100000|  0%| F|  |TAMS 0x00000000c2000000| PB 0x00000000c2000000| Untracked 
|  33|0x00000000c2100000, 0x00000000c2100000, 0x00000000c2200000|  0%| F|  |TAMS 0x00000000c2100000| PB 0x00000000c2100000| Untracked 
|  34|0x00000000c2200000, 0x00000000c2200000, 0x00000000c2300000|  0%| F|  |TAMS 0x00000000c2200000| PB 0x00000000c2200000| Untracked 
|  35|0x00000000c2300000, 0x00000000c2300000, 0x00000000c2400000|  0%| F|  |TAMS 0x00000000c2300000| PB 0x00000000c2300000| Untracked 
|  36|0x00000000c2400000, 0x00000000c2400000, 0x00000000c2500000|  0%| F|  |TAMS 0x00000000c2400000| PB 0x00000000c2400000| Untracked 
|  37|0x00000000c2500000, 0x00000000c2500000, 0x00000000c2600000|  0%| F|  |TAMS 0x00000000c2500000| PB 0x00000000c2500000| Untracked 
|  38|0x00000000c2600000, 0x00000000c2600000, 0x00000000c2700000|  0%| F|  |TAMS 0x00000000c2600000| PB 0x00000000c2600000| Untracked 
|  39|0x00000000c2700000, 0x00000000c2700000, 0x00000000c2800000|  0%| F|  |TAMS 0x00000000c2700000| PB 0x00000000c2700000| Untracked 
|  40|0x00000000c2800000, 0x00000000c2800000, 0x00000000c2900000|  0%| F|  |TAMS 0x00000000c2800000| PB 0x00000000c2800000| Untracked 
|  41|0x00000000c2900000, 0x00000000c2900000, 0x00000000c2a00000|  0%| F|  |TAMS 0x00000000c2900000| PB 0x00000000c2900000| Untracked 
|  42|0x00000000c2a00000, 0x00000000c2a00000, 0x00000000c2b00000|  0%| F|  |TAMS 0x00000000c2a00000| PB 0x00000000c2a00000| Untracked 
|  43|0x00000000c2b00000, 0x00000000c2b00000, 0x00000000c2c00000|  0%| F|  |TAMS 0x00000000c2b00000| PB 0x00000000c2b00000| Untracked 
|  44|0x00000000c2c00000, 0x00000000c2c00000, 0x00000000c2d00000|  0%| F|  |TAMS 0x00000000c2c00000| PB 0x00000000c2c00000| Untracked 
|  45|0x00000000c2d00000, 0x00000000c2d00000, 0x00000000c2e00000|  0%| F|  |TAMS 0x00000000c2d00000| PB 0x00000000c2d00000| Untracked 
|  46|0x00000000c2e00000, 0x00000000c2e00000, 0x00000000c2f00000|  0%| F|  |TAMS 0x00000000c2e00000| PB 0x00000000c2e00000| Untracked 
|  47|0x00000000c2f00000, 0x00000000c2f00000, 0x00000000c3000000|  0%| F|  |TAMS 0x00000000c2f00000| PB 0x00000000c2f00000| Untracked 
|  48|0x00000000c3000000, 0x00000000c3000000, 0x00000000c3100000|  0%| F|  |TAMS 0x00000000c3000000| PB 0x00000000c3000000| Untracked 
|  49|0x00000000c3100000, 0x00000000c3100000, 0x00000000c3200000|  0%| F|  |TAMS 0x00000000c3100000| PB 0x00000000c3100000| Untracked 
|  50|0x00000000c3200000, 0x00000000c3200000, 0x00000000c3300000|  0%| F|  |TAMS 0x00000000c3200000| PB 0x00000000c3200000| Untracked 
|  51|0x00000000c3300000, 0x00000000c3300000, 0x00000000c3400000|  0%| F|  |TAMS 0x00000000c3300000| PB 0x00000000c3300000| Untracked 
|  52|0x00000000c3400000, 0x00000000c3400000, 0x00000000c3500000|  0%| F|  |TAMS 0x00000000c3400000| PB 0x00000000c3400000| Untracked 
|  53|0x00000000c3500000, 0x00000000c3500000, 0x00000000c3600000|  0%| F|  |TAMS 0x00000000c3500000| PB 0x00000000c3500000| Untracked 
|  54|0x00000000c3600000, 0x00000000c3600000, 0x00000000c3700000|  0%| F|  |TAMS 0x00000000c3600000| PB 0x00000000c3600000| Untracked 
|  55|0x00000000c3700000, 0x00000000c3700000, 0x00000000c3800000|  0%| F|  |TAMS 0x00000000c3700000| PB 0x00000000c3700000| Untracked 
|  56|0x00000000c3800000, 0x00000000c3800000, 0x00000000c3900000|  0%| F|  |TAMS 0x00000000c3800000| PB 0x00000000c3800000| Untracked 
|  57|0x00000000c3900000, 0x00000000c3900000, 0x00000000c3a00000|  0%| F|  |TAMS 0x00000000c3900000| PB 0x00000000c3900000| Untracked 
|  58|0x00000000c3a00000, 0x00000000c3a00000, 0x00000000c3b00000|  0%| F|  |TAMS 0x00000000c3a00000| PB 0x00000000c3a00000| Untracked 
|  59|0x00000000c3b00000, 0x00000000c3b00000, 0x00000000c3c00000|  0%| F|  |TAMS 0x00000000c3b00000| PB 0x00000000c3b00000| Untracked 
|  60|0x00000000c3c00000, 0x00000000c3c00000, 0x00000000c3d00000|  0%| F|  |TAMS 0x00000000c3c00000| PB 0x00000000c3c00000| Untracked 
|  61|0x00000000c3d00000, 0x00000000c3d00000, 0x00000000c3e00000|  0%| F|  |TAMS 0x00000000c3d00000| PB 0x00000000c3d00000| Untracked 
|  62|0x00000000c3e00000, 0x00000000c3f00000, 0x00000000c3f00000|100%| E|  |TAMS 0x00000000c3e00000| PB 0x00000000c3e00000| Complete 
|  63|0x00000000c3f00000, 0x00000000c4000000, 0x00000000c4000000|100%| E|CS|TAMS 0x00000000c3f00000| PB 0x00000000c3f00000| Complete 

Card table byte_map: [0x000002065bec0000,0x000002065c0c0000] _byte_map_base: 0x000002065b8c0000

Marking Bits: (CMBitMap*) 0x000002064454ebd0
 Bits: [0x000002065c0c0000, 0x000002065d0c0000)

Polling page: 0x0000020643ce0000

Metaspace:

Usage:
  Non-class:      4.69 MB used.
      Class:    419.61 KB used.
       Both:      5.10 MB used.

Virtual space:
  Non-class space:       64.00 MB reserved,       4.69 MB (  7%) committed,  1 nodes.
      Class space:        1.00 GB reserved,     448.00 KB ( <1%) committed,  1 nodes.
             Both:        1.06 GB reserved,       5.12 MB ( <1%) committed. 

Chunk freelists:
   Non-Class:  11.00 MB
       Class:  15.56 MB
        Both:  26.56 MB

MaxMetaspaceSize: unlimited
CompressedClassSpaceSize: 1.00 GB
Initial GC threshold: 21.00 MB
Current GC threshold: 21.00 MB
CDS: off
 - commit_granule_bytes: 65536.
 - commit_granule_words: 8192.
 - virtual_space_node_default_size: 8388608.
 - enlarge_chunks_in_place: 1.
 - use_allocation_guard: 0.


Internal statistics:

num_allocs_failed_limit: 0.
num_arena_births: 2.
num_arena_deaths: 0.
num_vsnodes_births: 2.
num_vsnodes_deaths: 0.
num_space_committed: 82.
num_space_uncommitted: 0.
num_chunks_returned_to_freelist: 0.
num_chunks_taken_from_freelist: 6.
num_chunk_merges: 0.
num_chunk_splits: 3.
num_chunks_enlarged: 0.
num_inconsistent_stats: 0.

CodeHeap 'non-profiled nmethods': size=120000Kb used=16Kb max_used=16Kb free=119983Kb
 bounds [0x0000020654460000, 0x00000206546d0000, 0x000002065b990000]
CodeHeap 'profiled nmethods': size=120000Kb used=151Kb max_used=151Kb free=119848Kb
 bounds [0x000002064c990000, 0x000002064cc00000, 0x0000020653ec0000]
CodeHeap 'non-nmethods': size=5760Kb used=1204Kb max_used=1218Kb free=4555Kb
 bounds [0x0000020653ec0000, 0x0000020654130000, 0x0000020654460000]
 total_blobs=435 nmethods=101 adapters=239
 compilation: enabled
              stopped_count=0, restarted_count=0
 full_count=0

Compilation events (20 events):
Event: 0.258 Thread 0x00000206003219e0 nmethod 86 0x000002064c9ade90 code [0x000002064c9ae040, 0x000002064c9ae270]
Event: 0.258 Thread 0x00000206003219e0   87       3       java.lang.String::toString (2 bytes)
Event: 0.258 Thread 0x00000206003219e0 nmethod 87 0x000002064c9ae310 code [0x000002064c9ae4a0, 0x000002064c9ae5b0]
Event: 0.258 Thread 0x00000206003219e0   88       3       java.lang.StringConcatHelper::mix (27 bytes)
Event: 0.258 Thread 0x00000206003219e0 nmethod 88 0x000002064c9ae610 code [0x000002064c9ae800, 0x000002064c9aec00]
Event: 0.258 Thread 0x00000206003219e0   89       3       java.util.Arrays::copyOfRangeByte (33 bytes)
Event: 0.259 Thread 0x0000020600320670   98       4       java.lang.String::coder (15 bytes)
Event: 0.259 Thread 0x0000020600320670 nmethod 98 0x0000020654463d10 code [0x0000020654463ea0, 0x0000020654463f30]
Event: 0.259 Thread 0x00000206003219e0 nmethod 89 0x000002064c9aee10 code [0x000002064c9af080, 0x000002064c9af980]
Event: 0.259 Thread 0x00000206003219e0   90       3       jdk.internal.util.Preconditions::checkFromToIndex (24 bytes)
Event: 0.259 Thread 0x0000020600320670   99       4       java.lang.String::length (11 bytes)
Event: 0.259 Thread 0x00000206003219e0 nmethod 90 0x000002064c9afd90 code [0x000002064c9aff40, 0x000002064c9b0118]
Event: 0.259 Thread 0x00000206003219e0   91       3       java.lang.String::substring (58 bytes)
Event: 0.259 Thread 0x0000020600320670 nmethod 99 0x0000020654464010 code [0x00000206544641a0, 0x0000020654464250]
Event: 0.259 Thread 0x00000206003219e0 nmethod 91 0x000002064c9b0210 code [0x000002064c9b0440, 0x000002064c9b0a40]
Event: 0.259 Thread 0x00000206003219e0  102       3       java.lang.StringLatin1::lastIndexOf (40 bytes)
Event: 0.259 Thread 0x00000206003219e0 nmethod 102 0x000002064c9b0c90 code [0x000002064c9b0e60, 0x000002064c9b1250]
Event: 0.259 Thread 0x00000206003219e0   95       3       java.util.Arrays::copyOfRange (25 bytes)
Event: 0.260 Thread 0x00000206003219e0 nmethod 95 0x000002064c9b1390 code [0x000002064c9b1640, 0x000002064c9b21d0]
Event: 0.260 Thread 0x00000206003219e0   96       3       java.util.Arrays::checkLength (38 bytes)

GC Heap History (0 events):
No events

Dll operation events (5 events):
Event: 0.013 Loaded shared library C:\Program Files\Java\jdk-21\bin\java.dll
Event: 0.139 Loaded shared library C:\Program Files\Java\jdk-21\bin\jsvml.dll
Event: 0.229 Loaded shared library C:\Program Files\Java\jdk-21\bin\net.dll
Event: 0.231 Loaded shared library C:\Program Files\Java\jdk-21\bin\nio.dll
Event: 0.247 Loaded shared library C:\Program Files\Java\jdk-21\bin\zip.dll

Deoptimization events (0 events):
No events

Classes loaded (20 events):
Event: 0.251 Loading class java/lang/reflect/Array
Event: 0.252 Loading class java/lang/reflect/Array done
Event: 0.252 Loading class java/io/RandomAccessFile$1
Event: 0.252 Loading class java/io/RandomAccessFile$1 done
Event: 0.252 Loading class sun/net/util/URLUtil
Event: 0.252 Loading class sun/net/util/URLUtil done
Event: 0.252 Loading class jdk/internal/loader/URLClassPath$3
Event: 0.253 Loading class java/security/PrivilegedExceptionAction
Event: 0.253 Loading class java/security/PrivilegedExceptionAction done
Event: 0.253 Loading class jdk/internal/loader/URLClassPath$3 done
Event: 0.253 Loading class jdk/internal/loader/URLClassPath$JarLoader
Event: 0.253 Loading class jdk/internal/loader/URLClassPath$Loader
Event: 0.254 Loading class jdk/internal/loader/URLClassPath$Loader done
Event: 0.254 Loading class jdk/internal/loader/URLClassPath$JarLoader done
Event: 0.254 Loading class jdk/internal/loader/URLClassPath$JarLoader$1
Event: 0.254 Loading class jdk/internal/loader/URLClassPath$JarLoader$1 done
Event: 0.254 Loading class jdk/internal/loader/FileURLMapper
Event: 0.254 Loading class jdk/internal/loader/FileURLMapper done
Event: 0.255 Loading class java/util/StringTokenizer
Event: 0.256 Loading class java/util/StringTokenizer done

Classes unloaded (0 events):
No events

Classes redefined (0 events):
No events

Internal exceptions (0 events):
No events

ZGC Phase Switch (0 events):
No events

VM Operations (2 events):
Event: 0.250 Executing VM operation: HandshakeAllThreads (Deoptimize)
Event: 0.250 Executing VM operation: HandshakeAllThreads (Deoptimize) done

Events (11 events):
Event: 0.022 Thread 0x000002064240ef60 Thread added: 0x000002064240ef60
Event: 0.134 Thread 0x0000020600330120 Thread added: 0x0000020600330120
Event: 0.134 Thread 0x0000020600330ff0 Thread added: 0x0000020600330ff0
Event: 0.136 Thread 0x0000020600318070 Thread added: 0x0000020600318070
Event: 0.136 Thread 0x000002060031a0f0 Thread added: 0x000002060031a0f0
Event: 0.137 Thread 0x000002060031ad00 Thread added: 0x000002060031ad00
Event: 0.137 Thread 0x000002060031b910 Thread added: 0x000002060031b910
Event: 0.137 Thread 0x0000020600320670 Thread added: 0x0000020600320670
Event: 0.137 Thread 0x00000206003219e0 Thread added: 0x00000206003219e0
Event: 0.198 Thread 0x00000206004d2730 Thread added: 0x00000206004d2730
Event: 0.212 Thread 0x00000206004d81b0 Thread added: 0x00000206004d81b0


Dynamic libraries:
0x00007ff7bcef0000 - 0x00007ff7bcf00000 	C:\Program Files\Java\jdk-21\bin\java.exe
0x00007ffaae110000 - 0x00007ffaae327000 	C:\WINDOWS\SYSTEM32\ntdll.dll
0x00007ffaad8e0000 - 0x00007ffaad9a4000 	C:\WINDOWS\System32\KERNEL32.DLL
0x00007ffaab880000 - 0x00007ffaabc3a000 	C:\WINDOWS\System32\KERNELBASE.dll
0x00007ffaab4a0000 - 0x00007ffaab5b1000 	C:\WINDOWS\System32\ucrtbase.dll
0x00007ffa7cf10000 - 0x00007ffa7cf29000 	C:\Program Files\Java\jdk-21\bin\jli.dll
0x00007ffaac730000 - 0x00007ffaac7e2000 	C:\WINDOWS\System32\ADVAPI32.dll
0x00007ffaae020000 - 0x00007ffaae0c7000 	C:\WINDOWS\System32\msvcrt.dll
0x00007ffa7cef0000 - 0x00007ffa7cf0b000 	C:\Program Files\Java\jdk-21\bin\VCRUNTIME140.dll
0x00007ffaadf70000 - 0x00007ffaae017000 	C:\WINDOWS\System32\sechost.dll
0x00007ffaab850000 - 0x00007ffaab878000 	C:\WINDOWS\System32\bcrypt.dll
0x00007ffaad5b0000 - 0x00007ffaad6c4000 	C:\WINDOWS\System32\RPCRT4.dll
0x00007ffaadcc0000 - 0x00007ffaade6e000 	C:\WINDOWS\System32\USER32.dll
0x00007ffaabce0000 - 0x00007ffaabd06000 	C:\WINDOWS\System32\win32u.dll
0x00007ffa92130000 - 0x00007ffa923c2000 	C:\WINDOWS\WinSxS\amd64_microsoft.windows.common-controls_6595b64144ccf1df_6.0.22621.4541_none_2710d1c57384c085\COMCTL32.dll
0x00007ffaac920000 - 0x00007ffaac949000 	C:\WINDOWS\System32\GDI32.dll
0x00007ffaab730000 - 0x00007ffaab84b000 	C:\WINDOWS\System32\gdi32full.dll
0x00007ffaabc40000 - 0x00007ffaabcda000 	C:\WINDOWS\System32\msvcp_win.dll
0x00007ffaa2f20000 - 0x00007ffaa2f2a000 	C:\WINDOWS\SYSTEM32\VERSION.dll
0x00007ffaadc80000 - 0x00007ffaadcb1000 	C:\WINDOWS\System32\IMM32.DLL
0x00007ffa80bd0000 - 0x00007ffa80bdc000 	C:\Program Files\Java\jdk-21\bin\vcruntime140_1.dll
0x00007ffa7cc00000 - 0x00007ffa7cc8e000 	C:\Program Files\Java\jdk-21\bin\msvcp140.dll
0x00007ffa7bef0000 - 0x00007ffa7cbfd000 	C:\Program Files\Java\jdk-21\bin\server\jvm.dll
0x00007ffaac8a0000 - 0x00007ffaac911000 	C:\WINDOWS\System32\WS2_32.dll
0x00007ffaab2b0000 - 0x00007ffaab2fd000 	C:\WINDOWS\SYSTEM32\POWRPROF.dll
0x00007ffaa57f0000 - 0x00007ffaa5824000 	C:\WINDOWS\SYSTEM32\WINMM.dll
0x00007ffaab290000 - 0x00007ffaab2a3000 	C:\WINDOWS\SYSTEM32\UMPDC.dll
0x00007ffaaa3e0000 - 0x00007ffaaa3f8000 	C:\WINDOWS\SYSTEM32\kernel.appcore.dll
0x00007ffa90b50000 - 0x00007ffa90b5a000 	C:\Program Files\Java\jdk-21\bin\jimage.dll
0x00007ffaa8ca0000 - 0x00007ffaa8ed2000 	C:\WINDOWS\SYSTEM32\DBGHELP.DLL
0x00007ffaacd50000 - 0x00007ffaad0df000 	C:\WINDOWS\System32\combase.dll
0x00007ffaad9b0000 - 0x00007ffaada87000 	C:\WINDOWS\System32\OLEAUT32.dll
0x00007ffa8cce0000 - 0x00007ffa8cd12000 	C:\WINDOWS\SYSTEM32\dbgcore.DLL
0x00007ffaabd90000 - 0x00007ffaabe0b000 	C:\WINDOWS\System32\bcryptPrimitives.dll
0x00007ffa7f2f0000 - 0x00007ffa7f30f000 	C:\Program Files\Java\jdk-21\bin\java.dll
0x00007ffaabe30000 - 0x00007ffaac6a8000 	C:\WINDOWS\System32\SHELL32.dll
0x00007ffaa92d0000 - 0x00007ffaa9bd8000 	C:\WINDOWS\SYSTEM32\windows.storage.dll
0x00007ffaa9190000 - 0x00007ffaa92cf000 	C:\WINDOWS\SYSTEM32\wintypes.dll
0x00007ffaacb90000 - 0x00007ffaacc8a000 	C:\WINDOWS\System32\SHCORE.dll
0x00007ffaac970000 - 0x00007ffaac9ce000 	C:\WINDOWS\System32\shlwapi.dll
0x00007ffaab310000 - 0x00007ffaab33b000 	C:\WINDOWS\SYSTEM32\profapi.dll
0x00007ffa7b4a0000 - 0x00007ffa7b577000 	C:\Program Files\Java\jdk-21\bin\jsvml.dll
0x00007ffa7cd90000 - 0x00007ffa7cda0000 	C:\Program Files\Java\jdk-21\bin\net.dll
0x00007ffaa5d80000 - 0x00007ffaa5eb6000 	C:\WINDOWS\SYSTEM32\WINHTTP.dll
0x00007ffaaa850000 - 0x00007ffaaa8b9000 	C:\WINDOWS\system32\mswsock.dll
0x00007ffa7bc70000 - 0x00007ffa7bc86000 	C:\Program Files\Java\jdk-21\bin\nio.dll
0x00007ffa7b480000 - 0x00007ffa7b498000 	C:\Program Files\Java\jdk-21\bin\zip.dll

dbghelp: loaded successfully - version: 4.0.5 - missing functions: none
symbol engine: initialized successfully - sym options: 0x614 - pdb path: .;C:\Program Files\Java\jdk-21\bin;C:\WINDOWS\SYSTEM32;C:\WINDOWS\WinSxS\amd64_microsoft.windows.common-controls_6595b64144ccf1df_6.0.22621.4541_none_2710d1c57384c085;C:\Program Files\Java\jdk-21\bin\server

VM Arguments:
jvm_args: -Xmx1024m 
java_command: C:\Users\Nikshepa\AppData\Local\Temp\surefire14278567293206697029\surefirebooter-20250114170538187_3.jar C:\Users\Nikshepa\AppData\Local\Temp\surefire14278567293206697029 2025-01-14T17-05-37_632-jvmRun1 surefire-20250114170538187_1tmp surefire_0-20250114170538187_2tmp
java_class_path (initial): C:\Users\Nikshepa\AppData\Local\Temp\surefire14278567293206697029\surefirebooter-20250114170538187_3.jar
Launcher Type: SUN_STANDARD

[Global flags]
     intx CICompilerCount                          = 4                                         {product} {ergonomic}
     uint ConcGCThreads                            = 2                                         {product} {ergonomic}
     uint G1ConcRefinementThreads                  = 8                                         {product} {ergonomic}
   size_t G1HeapRegionSize                         = 1048576                                   {product} {ergonomic}
    uintx GCDrainStackTargetSize                   = 64                                        {product} {ergonomic}
   size_t InitialHeapSize                          = 67108864                                  {product} {ergonomic}
   size_t MarkStackSize                            = 4194304                                   {product} {ergonomic}
   size_t MaxHeapSize                              = 1073741824                                {product} {command line}
   size_t MaxNewSize                               = 643825664                                 {product} {ergonomic}
   size_t MinHeapDeltaBytes                        = 1048576                                   {product} {ergonomic}
   size_t MinHeapSize                              = 8388608                                   {product} {ergonomic}
    uintx NonNMethodCodeHeapSize                   = 5839372                                {pd product} {ergonomic}
    uintx NonProfiledCodeHeapSize                  = 122909434                              {pd product} {ergonomic}
    uintx ProfiledCodeHeapSize                     = 122909434                              {pd product} {ergonomic}
    uintx ReservedCodeCacheSize                    = 251658240                              {pd product} {ergonomic}
     bool SegmentedCodeCache                       = true                                      {product} {ergonomic}
   size_t SoftMaxHeapSize                          = 1073741824                             {manageable} {ergonomic}
     bool UseCompressedOops                        = true                           {product lp64_product} {ergonomic}
     bool UseG1GC                                  = true                                      {product} {ergonomic}
     bool UseLargePagesIndividualAllocation        = false                                  {pd product} {ergonomic}

Logging:
Log output configuration:
 #0: stdout all=warning uptime,level,tags foldmultilines=false
 #1: stderr all=off uptime,level,tags foldmultilines=false

Environment Variables:
JAVA_HOME=C:\Program Files\Java\jdk-21
PATH=C:\Program Files (x86)\TRICENTIS\Tosca Testsuite\ToscaCommander;;C:\Program Files\Java\jdk-21\bin;C:\app\Nikshepa\product\18.0.0\dbhomeXE\bin;C:\Users\Nikshepa\Downloads\instantclient-sqlplus-windows.x64-23.6.0.24.10\instantclient_23_6;C:\Program Files\maven\apache-maven-3.9.6\bin;C:\Windows\System32;C:\Program Files\Docker\Docker\Resources\bin;C:\Program Files\dotnet\;C:\Users\Nikshepa\AppData\Local\Microsoft\WindowsApps;C:\sonarqube\sonarqube-9.9.5.90363\bin\windows-x86-64;C:\Users\Nikshepa\AppData\Roaming\npm
USERNAME=Nikshepa
OS=Windows_NT
PROCESSOR_IDENTIFIER=Intel64 Family 6 Model 142 Stepping 12, GenuineIntel
TMP=C:\Users\Nikshepa\AppData\Local\Temp
TEMP=C:\Users\Nikshepa\AppData\Local\Temp




Periodic native trim disabled

---------------  S Y S T E M  ---------------

OS:
 Windows 11 , 64 bit Build 22621 (10.0.22621.4391)
OS uptime: 3 days 19:38 hours
Hyper-V role detected

CPU: total 8 (initial active 8) (4 cores per cpu, 2 threads per core) family 6 model 142 stepping 12 microcode 0xde, cx8, cmov, fxsr, ht, mmx, 3dnowpref, sse, sse2, sse3, ssse3, sse4.1, sse4.2, popcnt, lzcnt, tsc, tscinvbit, avx, avx2, aes, erms, clmul, bmi1, bmi2, adx, fma, vzeroupper, clflush, clflushopt, hv, rdtscp, f16c
Processor Information for all 8 processors :
  Max Mhz: 1800, Current Mhz: 1600, Mhz Limit: 1584

Memory: 4k page, system-wide physical 3982M (516M free)
TotalPageFile size 16270M (AvailPageFile size 2M)
current process WorkingSet (physical memory assigned to process): 29M, peak: 29M
current process commit charge ("private bytes"): 136M, peak: 138M

vm_info: Java HotSpot(TM) 64-Bit Server VM (21.0.3+7-LTS-152) for windows-amd64 JRE (21.0.3+7-LTS-152), built on 2024-03-11T17:42:26Z by "mach5one" with MS VC++ 17.6 (VS2022)

END.
