#
# There is insufficient memory for the Java Runtime Environment to continue.
# Native memory allocation (mmap) failed to map 2147483648 bytes for G1 virtual space
# Possible reasons:
#   The system is out of physical RAM or swap space
#   The process is running with CompressedOops enabled, and the Java Heap may be blocking the growth of the native heap
# Possible solutions:
#   Reduce memory load on the system
#   Increase physical memory or swap space
#   Check if swap backing store is full
#   Decrease Java heap size (-Xmx/-Xms)
#   Decrease number of Java threads
#   Decrease Java thread stack sizes (-Xss)
#   Set larger code cache with -XX:ReservedCodeCacheSize=
#   JVM is running with Zero Based Compressed Oops mode in which the Java heap is
#     placed in the first 32GB address space. The Java Heap base address is the
#     maximum limit for the native heap growth. Please use -XX:HeapBaseMinAddress
#     to set the Java Heap base and to place the Java Heap above 32GB virtual address.
# This output file may be truncated or incomplete.
#
#  Out of Memory Error (os_windows.cpp:3600), pid=15932, tid=21144
#
# JRE version:  (21.0.3+7) (build )
# Java VM: Java HotSpot(TM) 64-Bit Server VM (21.0.3+7-LTS-152, mixed mode, sharing, tiered, compressed oops, compressed class ptrs, g1 gc, windows-amd64)
# No core dump will be written. Minidumps are not enabled by default on client versions of Windows
#

---------------  S U M M A R Y ------------

Command Line: -Xmx8g -Xms2g -Djdk.java.options=--add-opens=java.base/java.util=ALL-UNNAMED --add-opens=java.base/java.lang.reflect=ALL-UNNAMED --add-opens=java.base/java.text=ALL-UNNAMED --add-opens=java.desktop/java.awt.font=ALL-UNNAMED -Dclassworlds.conf=C:\Program Files\maven\apache-maven-3.9.6\bin\m2.conf -Dmaven.home=C:\Program Files\maven\apache-maven-3.9.6 -Dlibrary.jansi.path=C:\Program Files\maven\apache-maven-3.9.6\lib\jansi-native -Dmaven.multiModuleProjectDirectory=C:\UI&APIFramework\UIAndAPIAutomationFramework org.codehaus.plexus.classworlds.launcher.Launcher clean verify sonar:sonar -Dsonar .login=ab21cc1b34671deced4a4fc399adddfe58e0cae4

Host: Intel(R) Core(TM) i5-8265U CPU @ 1.60GHz, 8 cores, 3G,  Windows 11 , 64 bit Build 22621 (10.0.22621.4391)
Time: Tue Jan 14 15:44:43 2025 India Standard Time elapsed time: 0.041922 seconds (0d 0h 0m 0s)

---------------  T H R E A D  ---------------

Current thread (0x0000020325363910):  JavaThread "Unknown thread" [_thread_in_vm, id=21144, stack(0x0000002cde200000,0x0000002cde300000) (1024K)]

Stack: [0x0000002cde200000,0x0000002cde300000]
Native frames: (J=compiled Java code, j=interpreted, Vv=VM code, C=native code)
V  [jvm.dll+0x6c63b9]
V  [jvm.dll+0x84fa11]
V  [jvm.dll+0x851f3e]
V  [jvm.dll+0x852613]
V  [jvm.dll+0x27cd46]
V  [jvm.dll+0x6c2b55]
V  [jvm.dll+0x6b76da]
V  [jvm.dll+0x35051a]
V  [jvm.dll+0x358176]
V  [jvm.dll+0x3aa84e]
V  [jvm.dll+0x3aaaf8]
V  [jvm.dll+0x32491c]
V  [jvm.dll+0x32547b]
V  [jvm.dll+0x818f69]
V  [jvm.dll+0x3b7771]
V  [jvm.dll+0x802358]
V  [jvm.dll+0x44c7ce]
V  [jvm.dll+0x44e2a1]
C  [jli.dll+0x52a3]
C  [ucrtbase.dll+0x29333]
C  [KERNEL32.DLL+0x1259d]
C  [ntdll.dll+0x5af38]


---------------  P R O C E S S  ---------------

Threads class SMR info:
_java_thread_list=0x00007ffa7cab1b88, length=0, elements={
}

Java Threads: ( => current thread )
Total: 0

Other Threads:
  0x00000203276711c0 WorkerThread "GC Thread#0"                     [id=2888, stack(0x0000002cde300000,0x0000002cde400000) (1024K)]
  0x00000203276829b0 ConcurrentGCThread "G1 Main Marker"            [id=22664, stack(0x0000002cde400000,0x0000002cde500000) (1024K)]
  0x00000203276834b0 WorkerThread "G1 Conc#0"                       [id=13340, stack(0x0000002cde500000,0x0000002cde600000) (1024K)]

[error occurred during error reporting (printing all threads), id 0xc0000005, EXCEPTION_ACCESS_VIOLATION (0xc0000005) at pc=0x00007ffa7c227077]
VM state: not at safepoint (not fully initialized)

VM Mutex/Monitor currently owned by a thread:  ([mutex/lock_event])
[0x00007ffa7cb22ea8] Heap_lock - owner thread: 0x0000020325363910

Heap address: 0x0000000600000000, size: 8192 MB, Compressed Oops mode: Zero based, Oop shift amount: 3

CDS archive(s) mapped at: [0x0000000000000000-0x0000000000000000-0x0000000000000000), size 0, SharedBaseAddress: 0x0000000800000000, ArchiveRelocationMode: 1.
Narrow klass base: 0x0000000000000000, Narrow klass shift: 0, Narrow klass range: 0x0

GC Precious Log:
 CardTable entry size: 512
 Card Set container configuration: InlinePtr #cards 4 size 8 Array Of Cards #cards 32 size 80 Howl #buckets 8 coarsen threshold 7372 Howl Bitmap #cards 1024 size 144 coarsen threshold 921 Card regions per heap region 1 cards per card region 8192

Heap:
 garbage-first heap   total 0K, used 0K [0x0000000600000000, 0x0000000800000000)
  region size 4096K, 0 young (0K), 0 survivors (0K)

[error occurred during error reporting (printing heap information), id 0xc0000005, EXCEPTION_ACCESS_VIOLATION (0xc0000005) at pc=0x00007ffa7c60e669]
GC Heap History (0 events):
No events

Dll operation events (1 events):
Event: 0.025 Loaded shared library C:\Program Files\Java\jdk-21\bin\java.dll

Deoptimization events (0 events):
No events

Classes loaded (0 events):
No events

Classes unloaded (0 events):
No events

Classes redefined (0 events):
No events

Internal exceptions (0 events):
No events

ZGC Phase Switch (0 events):
No events

VM Operations (0 events):
No events

Events (0 events):
No events


Dynamic libraries:
0x00007ff7bcef0000 - 0x00007ff7bcf00000 	C:\Program Files\Java\jdk-21\bin\java.exe
0x00007ffaae110000 - 0x00007ffaae327000 	C:\WINDOWS\SYSTEM32\ntdll.dll
0x00007ffaad8e0000 - 0x00007ffaad9a4000 	C:\WINDOWS\System32\KERNEL32.DLL
0x00007ffaab880000 - 0x00007ffaabc3a000 	C:\WINDOWS\System32\KERNELBASE.dll
0x00007ffaab4a0000 - 0x00007ffaab5b1000 	C:\WINDOWS\System32\ucrtbase.dll
0x00007ffa7cf10000 - 0x00007ffa7cf29000 	C:\Program Files\Java\jdk-21\bin\jli.dll
0x00007ffa7cef0000 - 0x00007ffa7cf0b000 	C:\Program Files\Java\jdk-21\bin\VCRUNTIME140.dll
0x00007ffaac730000 - 0x00007ffaac7e2000 	C:\WINDOWS\System32\ADVAPI32.dll
0x00007ffaae020000 - 0x00007ffaae0c7000 	C:\WINDOWS\System32\msvcrt.dll
0x00007ffaadf70000 - 0x00007ffaae017000 	C:\WINDOWS\System32\sechost.dll
0x00007ffaab850000 - 0x00007ffaab878000 	C:\WINDOWS\System32\bcrypt.dll
0x00007ffaad5b0000 - 0x00007ffaad6c4000 	C:\WINDOWS\System32\RPCRT4.dll
0x00007ffaadcc0000 - 0x00007ffaade6e000 	C:\WINDOWS\System32\USER32.dll
0x00007ffaabce0000 - 0x00007ffaabd06000 	C:\WINDOWS\System32\win32u.dll
0x00007ffa92130000 - 0x00007ffa923c2000 	C:\WINDOWS\WinSxS\amd64_microsoft.windows.common-controls_6595b64144ccf1df_6.0.22621.4541_none_2710d1c57384c085\COMCTL32.dll
0x00007ffaac920000 - 0x00007ffaac949000 	C:\WINDOWS\System32\GDI32.dll
0x00007ffaab730000 - 0x00007ffaab84b000 	C:\WINDOWS\System32\gdi32full.dll
0x00007ffaabc40000 - 0x00007ffaabcda000 	C:\WINDOWS\System32\msvcp_win.dll
0x00007ffaa2f20000 - 0x00007ffaa2f2a000 	C:\WINDOWS\SYSTEM32\VERSION.dll
0x00007ffaadc80000 - 0x00007ffaadcb1000 	C:\WINDOWS\System32\IMM32.DLL
0x00007ffa80bd0000 - 0x00007ffa80bdc000 	C:\Program Files\Java\jdk-21\bin\vcruntime140_1.dll
0x00007ffa7cc00000 - 0x00007ffa7cc8e000 	C:\Program Files\Java\jdk-21\bin\msvcp140.dll
0x00007ffa7bef0000 - 0x00007ffa7cbfd000 	C:\Program Files\Java\jdk-21\bin\server\jvm.dll
0x00007ffaac8a0000 - 0x00007ffaac911000 	C:\WINDOWS\System32\WS2_32.dll
0x00007ffaa57f0000 - 0x00007ffaa5824000 	C:\WINDOWS\SYSTEM32\WINMM.dll
0x00007ffaab2b0000 - 0x00007ffaab2fd000 	C:\WINDOWS\SYSTEM32\POWRPROF.dll
0x00007ffaab290000 - 0x00007ffaab2a3000 	C:\WINDOWS\SYSTEM32\UMPDC.dll
0x00007ffaaa3e0000 - 0x00007ffaaa3f8000 	C:\WINDOWS\SYSTEM32\kernel.appcore.dll
0x00007ffa90b50000 - 0x00007ffa90b5a000 	C:\Program Files\Java\jdk-21\bin\jimage.dll
0x00007ffaa8ca0000 - 0x00007ffaa8ed2000 	C:\WINDOWS\SYSTEM32\DBGHELP.DLL
0x00007ffaacd50000 - 0x00007ffaad0df000 	C:\WINDOWS\System32\combase.dll
0x00007ffaad9b0000 - 0x00007ffaada87000 	C:\WINDOWS\System32\OLEAUT32.dll
0x00007ffa8cce0000 - 0x00007ffa8cd12000 	C:\WINDOWS\SYSTEM32\dbgcore.DLL
0x00007ffaabd90000 - 0x00007ffaabe0b000 	C:\WINDOWS\System32\bcryptPrimitives.dll
0x00007ffa7f2f0000 - 0x00007ffa7f30f000 	C:\Program Files\Java\jdk-21\bin\java.dll

dbghelp: loaded successfully - version: 4.0.5 - missing functions: none
symbol engine: initialized successfully - sym options: 0x614 - pdb path: .;C:\Program Files\Java\jdk-21\bin;C:\WINDOWS\SYSTEM32;C:\WINDOWS\WinSxS\amd64_microsoft.windows.common-controls_6595b64144ccf1df_6.0.22621.4541_none_2710d1c57384c085;C:\Program Files\Java\jdk-21\bin\server

VM Arguments:
jvm_args: -Xmx8g -Xms2g -Djdk.java.options=--add-opens=java.base/java.util=ALL-UNNAMED --add-opens=java.base/java.lang.reflect=ALL-UNNAMED --add-opens=java.base/java.text=ALL-UNNAMED --add-opens=java.desktop/java.awt.font=ALL-UNNAMED -Dclassworlds.conf=C:\Program Files\maven\apache-maven-3.9.6\bin\m2.conf -Dmaven.home=C:\Program Files\maven\apache-maven-3.9.6 -Dlibrary.jansi.path=C:\Program Files\maven\apache-maven-3.9.6\lib\jansi-native -Dmaven.multiModuleProjectDirectory=C:\UI&APIFramework\UIAndAPIAutomationFramework 
java_command: org.codehaus.plexus.classworlds.launcher.Launcher clean verify sonar:sonar -Dsonar .login=ab21cc1b34671deced4a4fc399adddfe58e0cae4
java_class_path (initial): C:\Program Files\maven\apache-maven-3.9.6\boot\plexus-classworlds-2.7.0.jar
Launcher Type: SUN_STANDARD

[Global flags]
     intx CICompilerCount                          = 4                                         {product} {ergonomic}
     uint ConcGCThreads                            = 2                                         {product} {ergonomic}
     uint G1ConcRefinementThreads                  = 8                                         {product} {ergonomic}
   size_t G1HeapRegionSize                         = 4194304                                   {product} {ergonomic}
    uintx GCDrainStackTargetSize                   = 64                                        {product} {ergonomic}
   size_t InitialHeapSize                          = 2147483648                                {product} {command line}
   size_t MarkStackSize                            = 4194304                                   {product} {ergonomic}
   size_t MaxHeapSize                              = 8589934592                                {product} {command line}
   size_t MinHeapDeltaBytes                        = 4194304                                   {product} {ergonomic}
   size_t MinHeapSize                              = 2147483648                                {product} {command line}
    uintx NonNMethodCodeHeapSize                   = 5839372                                {pd product} {ergonomic}
    uintx NonProfiledCodeHeapSize                  = 122909434                              {pd product} {ergonomic}
    uintx ProfiledCodeHeapSize                     = 122909434                              {pd product} {ergonomic}
    uintx ReservedCodeCacheSize                    = 251658240                              {pd product} {ergonomic}
     bool SegmentedCodeCache                       = true                                      {product} {ergonomic}
   size_t SoftMaxHeapSize                          = 8589934592                             {manageable} {ergonomic}
     bool UseCompressedOops                        = true                           {product lp64_product} {ergonomic}
     bool UseG1GC                                  = true                                      {product} {ergonomic}
     bool UseLargePagesIndividualAllocation        = false                                  {pd product} {ergonomic}

Logging:
Log output configuration:
 #0: stdout all=warning uptime,level,tags foldmultilines=false
 #1: stderr all=off uptime,level,tags foldmultilines=false

Environment Variables:
JAVA_HOME=C:\Program Files\Java\jdk-21
PATH=C:\Program Files (x86)\TRICENTIS\Tosca Testsuite\ToscaCommander;;C:\Program Files\Java\jdk-21\bin;C:\app\Nikshepa\product\18.0.0\dbhomeXE\bin;C:\Users\Nikshepa\Downloads\instantclient-sqlplus-windows.x64-23.6.0.24.10\instantclient_23_6;C:\Program Files\maven\apache-maven-3.9.6\bin;C:\Windows\System32;C:\Program Files\Docker\Docker\Resources\bin;C:\Program Files\dotnet\;C:\Users\Nikshepa\AppData\Local\Microsoft\WindowsApps;C:\sonarqube\sonarqube-9.9.5.90363\bin\windows-x86-64;C:\Users\Nikshepa\AppData\Roaming\npm
USERNAME=Nikshepa
OS=Windows_NT
PROCESSOR_IDENTIFIER=Intel64 Family 6 Model 142 Stepping 12, GenuineIntel
TMP=C:\Users\Nikshepa\AppData\Local\Temp
TEMP=C:\Users\Nikshepa\AppData\Local\Temp




Periodic native trim disabled

---------------  S Y S T E M  ---------------

OS:
 Windows 11 , 64 bit Build 22621 (10.0.22621.4391)
OS uptime: 3 days 18:17 hours
Hyper-V role detected

CPU: total 8 (initial active 8) (4 cores per cpu, 2 threads per core) family 6 model 142 stepping 12 microcode 0xde, cx8, cmov, fxsr, ht, mmx, 3dnowpref, sse, sse2, sse3, ssse3, sse4.1, sse4.2, popcnt, lzcnt, tsc, tscinvbit, avx, avx2, aes, erms, clmul, bmi1, bmi2, adx, fma, vzeroupper, clflush, clflushopt, hv, rdtscp, f16c
Processor Information for all 8 processors :
  Max Mhz: 1800, Current Mhz: 1600, Mhz Limit: 1584

Memory: 4k page, system-wide physical 3982M (327M free)
TotalPageFile size 16270M (AvailPageFile size 225M)
current process WorkingSet (physical memory assigned to process): 11M, peak: 11M
current process commit charge ("private bytes"): 60M, peak: 2108M

vm_info: Java HotSpot(TM) 64-Bit Server VM (21.0.3+7-LTS-152) for windows-amd64 JRE (21.0.3+7-LTS-152), built on 2024-03-11T17:42:26Z by "mach5one" with MS VC++ 17.6 (VS2022)

END.
