#
# There is insufficient memory for the Java Runtime Environment to continue.
# Native memory allocation (mmap) failed to map 31457280 bytes for G1 virtual space
# Possible reasons:
#   The system is out of physical RAM or swap space
#   The process is running with CompressedOops enabled, and the Java Heap may be blocking the growth of the native heap
# Possible solutions:
#   Reduce memory load on the system
#   Increase physical memory or swap space
#   Check if swap backing store is full
#   Decrease Java heap size (-Xmx/-Xms)
#   Decrease number of Java threads
#   Decrease Java thread stack sizes (-Xss)
#   Set larger code cache with -XX:ReservedCodeCacheSize=
#   JVM is running with Unscaled Compressed Oops mode in which the Java heap is
#     placed in the first 4GB address space. The Java Heap base address is the
#     maximum limit for the native heap growth. Please use -XX:HeapBaseMinAddress
#     to set the Java Heap base and to place the Java Heap above 4GB virtual address.
# This output file may be truncated or incomplete.
#
#  Out of Memory Error (os_windows.cpp:3600), pid=17672, tid=21216
#
# JRE version: Java(TM) SE Runtime Environment (21.0.3+7) (build 21.0.3+7-LTS-152)
# Java VM: Java HotSpot(TM) 64-Bit Server VM (21.0.3+7-LTS-152, mixed mode, sharing, tiered, compressed oops, compressed class ptrs, g1 gc, windows-amd64)
# No core dump will be written. Minidumps are not enabled by default on client versions of Windows
#

---------------  S U M M A R Y ------------

Command Line: --add-opens=java.base/java.lang=ALL-UNNAMED -Dclassworlds.conf=C:\Program Files\maven\apache-maven-3.9.6\bin\m2.conf -Dmaven.home=C:\Program Files\maven\apache-maven-3.9.6 -Dlibrary.jansi.path=C:\Program Files\maven\apache-maven-3.9.6\lib\jansi-native -Dmaven.multiModuleProjectDirectory=C:\UI&APIFramework\UIAndAPIAutomationFramework org.codehaus.plexus.classworlds.launcher.Launcher clean verify -X

Host: Intel(R) Core(TM) i5-8265U CPU @ 1.60GHz, 8 cores, 3G,  Windows 11 , 64 bit Build 22621 (10.0.22621.4391)
Time: Tue Jan 14 15:45:30 2025 India Standard Time elapsed time: 19.757635 seconds (0d 0h 0m 19s)

---------------  T H R E A D  ---------------

Current thread (0x00000282f9cba940):  VMThread "VM Thread"          [id=21216, stack(0x000000fb38200000,0x000000fb38300000) (1024K)]

Stack: [0x000000fb38200000,0x000000fb38300000]
Native frames: (J=compiled Java code, j=interpreted, Vv=VM code, C=native code)
V  [jvm.dll+0x6c63b9]
V  [jvm.dll+0x84fa11]
V  [jvm.dll+0x851f3e]
V  [jvm.dll+0x852613]
V  [jvm.dll+0x27cd46]
V  [jvm.dll+0x6c2b55]
V  [jvm.dll+0x6b76da]
V  [jvm.dll+0x35051a]
V  [jvm.dll+0x358176]
V  [jvm.dll+0x3aa84e]
V  [jvm.dll+0x3aaaf8]
V  [jvm.dll+0x32491c]
V  [jvm.dll+0x3249a7]
V  [jvm.dll+0x36923c]
V  [jvm.dll+0x367a7e]
V  [jvm.dll+0x324091]
V  [jvm.dll+0x36719a]
V  [jvm.dll+0x857fd0]
V  [jvm.dll+0x8590d4]
V  [jvm.dll+0x859610]
V  [jvm.dll+0x8598b3]
V  [jvm.dll+0x7f9ffb]
V  [jvm.dll+0x6c4a9d]
C  [ucrtbase.dll+0x29333]
C  [KERNEL32.DLL+0x1259d]
C  [ntdll.dll+0x5af38]

VM_Operation (0x000000fb37bfc610): G1CollectForAllocation, mode: safepoint, requested by thread 0x00000282eb5e0b60


---------------  P R O C E S S  ---------------

Threads class SMR info:
_java_thread_list=0x00000282ff4a3a40, length=11, elements={
0x00000282eb5e0b60, 0x00000282f9cd6980, 0x00000282f9cd7a50, 0x00000282f9cdc360,
0x00000282f9cdcdc0, 0x00000282f9cdd9d0, 0x00000282f9cde5e0, 0x00000282f9cece50,
0x00000282f9cedb50, 0x00000282fe0ba690, 0x00000282fe0bad20
}

Java Threads: ( => current thread )
  0x00000282eb5e0b60 JavaThread "main"                              [_thread_blocked, id=8424, stack(0x000000fb37b00000,0x000000fb37c00000) (1024K)]
  0x00000282f9cd6980 JavaThread "Reference Handler"          daemon [_thread_blocked, id=20288, stack(0x000000fb38300000,0x000000fb38400000) (1024K)]
  0x00000282f9cd7a50 JavaThread "Finalizer"                  daemon [_thread_blocked, id=22304, stack(0x000000fb38400000,0x000000fb38500000) (1024K)]
  0x00000282f9cdc360 JavaThread "Signal Dispatcher"          daemon [_thread_blocked, id=16484, stack(0x000000fb38500000,0x000000fb38600000) (1024K)]
  0x00000282f9cdcdc0 JavaThread "Attach Listener"            daemon [_thread_blocked, id=9400, stack(0x000000fb38600000,0x000000fb38700000) (1024K)]
  0x00000282f9cdd9d0 JavaThread "Service Thread"             daemon [_thread_blocked, id=22940, stack(0x000000fb38700000,0x000000fb38800000) (1024K)]
  0x00000282f9cde5e0 JavaThread "Monitor Deflation Thread"   daemon [_thread_blocked, id=22584, stack(0x000000fb38800000,0x000000fb38900000) (1024K)]
  0x00000282f9cece50 JavaThread "C2 CompilerThread0"         daemon [_thread_blocked, id=21892, stack(0x000000fb38900000,0x000000fb38a00000) (1024K)]
  0x00000282f9cedb50 JavaThread "C1 CompilerThread0"         daemon [_thread_blocked, id=9664, stack(0x000000fb38a00000,0x000000fb38b00000) (1024K)]
  0x00000282fe0ba690 JavaThread "Common-Cleaner"             daemon [_thread_blocked, id=7944, stack(0x000000fb38b00000,0x000000fb38c00000) (1024K)]
  0x00000282fe0bad20 JavaThread "Notification Thread"        daemon [_thread_blocked, id=2076, stack(0x000000fb38c00000,0x000000fb38d00000) (1024K)]
Total: 11

Other Threads:
=>0x00000282f9cba940 VMThread "VM Thread"                           [id=21216, stack(0x000000fb38200000,0x000000fb38300000) (1024K)]
  0x00000282f9cac3d0 WatcherThread "VM Periodic Task Thread"        [id=22604, stack(0x000000fb38100000,0x000000fb38200000) (1024K)]
  0x00000282ed80e920 WorkerThread "GC Thread#0"                     [id=14252, stack(0x000000fb37c00000,0x000000fb37d00000) (1024K)]
  0x00000282ff21ae50 WorkerThread "GC Thread#1"                     [id=16476, stack(0x000000fb38e00000,0x000000fb38f00000) (1024K)]
  0x00000282fed84640 WorkerThread "GC Thread#2"                     [id=15012, stack(0x000000fb38f00000,0x000000fb39000000) (1024K)]
  0x00000282ff338c30 WorkerThread "GC Thread#3"                     [id=14952, stack(0x000000fb39000000,0x000000fb39100000) (1024K)]
  0x00000282fee401b0 WorkerThread "GC Thread#4"                     [id=15592, stack(0x000000fb39100000,0x000000fb39200000) (1024K)]
  0x00000282ff0e7420 WorkerThread "GC Thread#5"                     [id=4168, stack(0x000000fb39200000,0x000000fb39300000) (1024K)]
  0x00000282fefde2b0 WorkerThread "GC Thread#6"                     [id=6332, stack(0x000000fb39300000,0x000000fb39400000) (1024K)]
  0x00000282fefdea50 WorkerThread "GC Thread#7"                     [id=17632, stack(0x000000fb39400000,0x000000fb39500000) (1024K)]
  0x00000282ed817d90 ConcurrentGCThread "G1 Main Marker"            [id=23532, stack(0x000000fb37d00000,0x000000fb37e00000) (1024K)]
  0x00000282ed818890 WorkerThread "G1 Conc#0"                       [id=14088, stack(0x000000fb37e00000,0x000000fb37f00000) (1024K)]
  0x00000282ff48a580 WorkerThread "G1 Conc#1"                       [id=5224, stack(0x000000fb38d00000,0x000000fb38e00000) (1024K)]
  0x00000282ed881bd0 ConcurrentGCThread "G1 Refine#0"               [id=7160, stack(0x000000fb37f00000,0x000000fb38000000) (1024K)]
  0x00000282ed882740 ConcurrentGCThread "G1 Service"                [id=7144, stack(0x000000fb38000000,0x000000fb38100000) (1024K)]
Total: 15

Threads with active compile tasks:
C2 CompilerThread0    19800 7183   !   4       java.nio.file.FileTreeWalker::next (144 bytes)
C1 CompilerThread0    19800 7213       2       java.nio.file.FileTreeWalker::<init> (144 bytes)
Total: 2

VM state: at safepoint (normal execution)

VM Mutex/Monitor currently owned by a thread:  ([mutex/lock_event])
[0x00007ffa7cb22da8] Threads_lock - owner thread: 0x00000282f9cba940
[0x00007ffa7cb22ea8] Heap_lock - owner thread: 0x00000282eb5e0b60

Heap address: 0x00000000c1c00000, size: 996 MB, Compressed Oops mode: 32-bit

CDS archive(s) mapped at: [0x000002828f000000-0x000002828fc90000-0x000002828fc90000), size 13172736, SharedBaseAddress: 0x000002828f000000, ArchiveRelocationMode: 1.
Compressed class space mapped at: 0x0000028290000000-0x00000282d0000000, reserved size: 1073741824
Narrow klass base: 0x000002828f000000, Narrow klass shift: 0, Narrow klass range: 0x100000000

GC Precious Log:
 CardTable entry size: 512
 Card Set container configuration: InlinePtr #cards 5 size 8 Array Of Cards #cards 12 size 40 Howl #buckets 4 coarsen threshold 1843 Howl Bitmap #cards 512 size 80 coarsen threshold 460 Card regions per heap region 1 cards per card region 2048
 CPUs: 8 total, 8 available
 Memory: 3982M
 Large Page Support: Disabled
 NUMA Support: Disabled
 Compressed Oops: Enabled (32-bit)
 Heap Region Size: 1M
 Heap Min Capacity: 8M
 Heap Initial Capacity: 64M
 Heap Max Capacity: 996M
 Pre-touch: Disabled
 Parallel Workers: 8
 Concurrent Workers: 2
 Concurrent Refinement Workers: 8
 Periodic GC: Disabled

Heap:
 garbage-first heap   total 88064K, used 68096K [0x00000000c1c00000, 0x0000000100000000)
  region size 1024K, 2 young (2048K), 2 survivors (2048K)
 Metaspace       used 30730K, committed 31168K, reserved 1114112K
  class space    used 3477K, committed 3648K, reserved 1048576K

Heap Regions: E=young(eden), S=young(survivor), O=old, HS=humongous(starts), HC=humongous(continues), CS=collection set, F=free, TAMS=top-at-mark-start, PB=parsable bottom
|   0|0x00000000c1c00000, 0x00000000c1d00000, 0x00000000c1d00000|100%| O|  |TAMS 0x00000000c1d00000| PB 0x00000000c1c00000| Untracked 
|   1|0x00000000c1d00000, 0x00000000c1e00000, 0x00000000c1e00000|100%| O|  |TAMS 0x00000000c1e00000| PB 0x00000000c1d00000| Untracked 
|   2|0x00000000c1e00000, 0x00000000c1f00000, 0x00000000c1f00000|100%| O|  |TAMS 0x00000000c1f00000| PB 0x00000000c1e00000| Untracked 
|   3|0x00000000c1f00000, 0x00000000c2000000, 0x00000000c2000000|100%| O|  |TAMS 0x00000000c2000000| PB 0x00000000c1f00000| Untracked 
|   4|0x00000000c2000000, 0x00000000c2100000, 0x00000000c2100000|100%| O|  |TAMS 0x00000000c2100000| PB 0x00000000c2000000| Untracked 
|   5|0x00000000c2100000, 0x00000000c2200000, 0x00000000c2200000|100%| O|  |TAMS 0x00000000c2200000| PB 0x00000000c2100000| Untracked 
|   6|0x00000000c2200000, 0x00000000c2300000, 0x00000000c2300000|100%| O|  |TAMS 0x00000000c2300000| PB 0x00000000c2200000| Untracked 
|   7|0x00000000c2300000, 0x00000000c2400000, 0x00000000c2400000|100%| O|  |TAMS 0x00000000c2400000| PB 0x00000000c2300000| Untracked 
|   8|0x00000000c2400000, 0x00000000c2500000, 0x00000000c2500000|100%| O|  |TAMS 0x00000000c2500000| PB 0x00000000c2400000| Untracked 
|   9|0x00000000c2500000, 0x00000000c2600000, 0x00000000c2600000|100%| O|  |TAMS 0x00000000c2600000| PB 0x00000000c2500000| Untracked 
|  10|0x00000000c2600000, 0x00000000c2700000, 0x00000000c2700000|100%| O|  |TAMS 0x00000000c2700000| PB 0x00000000c2600000| Untracked 
|  11|0x00000000c2700000, 0x00000000c2800000, 0x00000000c2800000|100%| O|  |TAMS 0x00000000c2800000| PB 0x00000000c2700000| Untracked 
|  12|0x00000000c2800000, 0x00000000c2900000, 0x00000000c2900000|100%| O|  |TAMS 0x00000000c2900000| PB 0x00000000c2800000| Untracked 
|  13|0x00000000c2900000, 0x00000000c2a00000, 0x00000000c2a00000|100%| O|  |TAMS 0x00000000c2a00000| PB 0x00000000c2900000| Untracked 
|  14|0x00000000c2a00000, 0x00000000c2b00000, 0x00000000c2b00000|100%|HS|  |TAMS 0x00000000c2b00000| PB 0x00000000c2a00000| Complete 
|  15|0x00000000c2b00000, 0x00000000c2c00000, 0x00000000c2c00000|100%| O|  |TAMS 0x00000000c2c00000| PB 0x00000000c2b00000| Untracked 
|  16|0x00000000c2c00000, 0x00000000c2d00000, 0x00000000c2d00000|100%| O|  |TAMS 0x00000000c2d00000| PB 0x00000000c2c00000| Untracked 
|  17|0x00000000c2d00000, 0x00000000c2e00000, 0x00000000c2e00000|100%| O|  |TAMS 0x00000000c2e00000| PB 0x00000000c2d00000| Untracked 
|  18|0x00000000c2e00000, 0x00000000c2f00000, 0x00000000c2f00000|100%|HS|  |TAMS 0x00000000c2f00000| PB 0x00000000c2e00000| Complete 
|  19|0x00000000c2f00000, 0x00000000c3000000, 0x00000000c3000000|100%| O|  |TAMS 0x00000000c3000000| PB 0x00000000c2f00000| Untracked 
|  20|0x00000000c3000000, 0x00000000c3100000, 0x00000000c3100000|100%| O|  |TAMS 0x00000000c3100000| PB 0x00000000c3000000| Untracked 
|  21|0x00000000c3100000, 0x00000000c3200000, 0x00000000c3200000|100%| O|  |TAMS 0x00000000c3200000| PB 0x00000000c3100000| Untracked 
|  22|0x00000000c3200000, 0x00000000c3300000, 0x00000000c3300000|100%| O|  |TAMS 0x00000000c3300000| PB 0x00000000c3200000| Untracked 
|  23|0x00000000c3300000, 0x00000000c3400000, 0x00000000c3400000|100%| O|  |TAMS 0x00000000c3400000| PB 0x00000000c3300000| Untracked 
|  24|0x00000000c3400000, 0x00000000c3500000, 0x00000000c3500000|100%| O|  |TAMS 0x00000000c3500000| PB 0x00000000c3400000| Untracked 
|  25|0x00000000c3500000, 0x00000000c3600000, 0x00000000c3600000|100%| O|  |TAMS 0x00000000c3500000| PB 0x00000000c3500000| Untracked 
|  26|0x00000000c3600000, 0x00000000c3700000, 0x00000000c3700000|100%| O|  |TAMS 0x00000000c3700000| PB 0x00000000c3600000| Untracked 
|  27|0x00000000c3700000, 0x00000000c3800000, 0x00000000c3800000|100%| O|  |TAMS 0x00000000c3800000| PB 0x00000000c3700000| Untracked 
|  28|0x00000000c3800000, 0x00000000c3900000, 0x00000000c3900000|100%| O|  |TAMS 0x00000000c3900000| PB 0x00000000c3800000| Untracked 
|  29|0x00000000c3900000, 0x00000000c3a00000, 0x00000000c3a00000|100%| O|  |TAMS 0x00000000c3a00000| PB 0x00000000c3900000| Untracked 
|  30|0x00000000c3a00000, 0x00000000c3b00000, 0x00000000c3b00000|100%| O|  |TAMS 0x00000000c3b00000| PB 0x00000000c3a00000| Untracked 
|  31|0x00000000c3b00000, 0x00000000c3c00000, 0x00000000c3c00000|100%| O|  |TAMS 0x00000000c3c00000| PB 0x00000000c3b00000| Untracked 
|  32|0x00000000c3c00000, 0x00000000c3d00000, 0x00000000c3d00000|100%| O|  |TAMS 0x00000000c3d00000| PB 0x00000000c3c00000| Untracked 
|  33|0x00000000c3d00000, 0x00000000c3e00000, 0x00000000c3e00000|100%| O|  |TAMS 0x00000000c3e00000| PB 0x00000000c3d00000| Untracked 
|  34|0x00000000c3e00000, 0x00000000c3f00000, 0x00000000c3f00000|100%| O|  |TAMS 0x00000000c3f00000| PB 0x00000000c3e00000| Untracked 
|  35|0x00000000c3f00000, 0x00000000c4000000, 0x00000000c4000000|100%| O|  |TAMS 0x00000000c4000000| PB 0x00000000c3f00000| Untracked 
|  36|0x00000000c4000000, 0x00000000c4100000, 0x00000000c4100000|100%| O|  |TAMS 0x00000000c4100000| PB 0x00000000c4000000| Untracked 
|  37|0x00000000c4100000, 0x00000000c4200000, 0x00000000c4200000|100%| O|  |TAMS 0x00000000c4200000| PB 0x00000000c4100000| Untracked 
|  38|0x00000000c4200000, 0x00000000c4300000, 0x00000000c4300000|100%|HS|  |TAMS 0x00000000c4300000| PB 0x00000000c4200000| Complete 
|  39|0x00000000c4300000, 0x00000000c4400000, 0x00000000c4400000|100%| O|  |TAMS 0x00000000c4400000| PB 0x00000000c4300000| Untracked 
|  40|0x00000000c4400000, 0x00000000c4500000, 0x00000000c4500000|100%| O|  |TAMS 0x00000000c4500000| PB 0x00000000c4400000| Untracked 
|  41|0x00000000c4500000, 0x00000000c4600000, 0x00000000c4600000|100%| O|  |TAMS 0x00000000c4600000| PB 0x00000000c4500000| Untracked 
|  42|0x00000000c4600000, 0x00000000c4700000, 0x00000000c4700000|100%| O|  |TAMS 0x00000000c4700000| PB 0x00000000c4600000| Untracked 
|  43|0x00000000c4700000, 0x00000000c4800000, 0x00000000c4800000|100%| O|  |TAMS 0x00000000c4800000| PB 0x00000000c4700000| Untracked 
|  44|0x00000000c4800000, 0x00000000c4900000, 0x00000000c4900000|100%| O|  |TAMS 0x00000000c4900000| PB 0x00000000c4800000| Untracked 
|  45|0x00000000c4900000, 0x00000000c4a00000, 0x00000000c4a00000|100%| O|  |TAMS 0x00000000c4a00000| PB 0x00000000c4900000| Untracked 
|  46|0x00000000c4a00000, 0x00000000c4b00000, 0x00000000c4b00000|100%| O|  |TAMS 0x00000000c4a00000| PB 0x00000000c4a00000| Untracked 
|  47|0x00000000c4b00000, 0x00000000c4c00000, 0x00000000c4c00000|100%| O|  |TAMS 0x00000000c4c00000| PB 0x00000000c4b00000| Untracked 
|  48|0x00000000c4c00000, 0x00000000c4d00000, 0x00000000c4d00000|100%| O|  |TAMS 0x00000000c4d00000| PB 0x00000000c4c00000| Untracked 
|  49|0x00000000c4d00000, 0x00000000c4e00000, 0x00000000c4e00000|100%| O|  |TAMS 0x00000000c4d00000| PB 0x00000000c4d00000| Untracked 
|  50|0x00000000c4e00000, 0x00000000c4f00000, 0x00000000c4f00000|100%| O|  |TAMS 0x00000000c4e00000| PB 0x00000000c4e00000| Untracked 
|  51|0x00000000c4f00000, 0x00000000c5000000, 0x00000000c5000000|100%| O|  |TAMS 0x00000000c4f00000| PB 0x00000000c4f00000| Untracked 
|  52|0x00000000c5000000, 0x00000000c5100000, 0x00000000c5100000|100%| O|  |TAMS 0x00000000c5100000| PB 0x00000000c5000000| Untracked 
|  53|0x00000000c5100000, 0x00000000c5200000, 0x00000000c5200000|100%| O|  |TAMS 0x00000000c5200000| PB 0x00000000c5100000| Untracked 
|  54|0x00000000c5200000, 0x00000000c5300000, 0x00000000c5300000|100%| O|  |TAMS 0x00000000c5300000| PB 0x00000000c5200000| Untracked 
|  55|0x00000000c5300000, 0x00000000c5400000, 0x00000000c5400000|100%| O|  |TAMS 0x00000000c5400000| PB 0x00000000c5300000| Untracked 
|  56|0x00000000c5400000, 0x00000000c5500000, 0x00000000c5500000|100%| O|  |TAMS 0x00000000c5500000| PB 0x00000000c5400000| Untracked 
|  57|0x00000000c5500000, 0x00000000c5600000, 0x00000000c5600000|100%| O|  |TAMS 0x00000000c5580000| PB 0x00000000c5500000| Untracked 
|  58|0x00000000c5600000, 0x00000000c5600000, 0x00000000c5700000|  0%| F|  |TAMS 0x00000000c5600000| PB 0x00000000c5600000| Untracked 
|  59|0x00000000c5700000, 0x00000000c5700000, 0x00000000c5800000|  0%| F|  |TAMS 0x00000000c5700000| PB 0x00000000c5700000| Untracked 
|  60|0x00000000c5800000, 0x00000000c5800000, 0x00000000c5900000|  0%| F|  |TAMS 0x00000000c5800000| PB 0x00000000c5800000| Untracked 
|  61|0x00000000c5900000, 0x00000000c5980000, 0x00000000c5a00000| 50%| O|  |TAMS 0x00000000c5900000| PB 0x00000000c5900000| Untracked 
|  62|0x00000000c5a00000, 0x00000000c5a00000, 0x00000000c5b00000|  0%| F|  |TAMS 0x00000000c5a00000| PB 0x00000000c5a00000| Untracked 
|  63|0x00000000c5b00000, 0x00000000c5b00000, 0x00000000c5c00000|  0%| F|  |TAMS 0x00000000c5b00000| PB 0x00000000c5b00000| Untracked 
|  64|0x00000000c5c00000, 0x00000000c5c00000, 0x00000000c5d00000|  0%| F|  |TAMS 0x00000000c5c00000| PB 0x00000000c5c00000| Untracked 
|  65|0x00000000c5d00000, 0x00000000c5d00000, 0x00000000c5e00000|  0%| F|  |TAMS 0x00000000c5d00000| PB 0x00000000c5d00000| Untracked 
|  66|0x00000000c5e00000, 0x00000000c5f00000, 0x00000000c5f00000|100%| S|CS|TAMS 0x00000000c5e00000| PB 0x00000000c5e00000| Complete 
|  67|0x00000000c5f00000, 0x00000000c6000000, 0x00000000c6000000|100%| S|CS|TAMS 0x00000000c5f00000| PB 0x00000000c5f00000| Complete 
|  68|0x00000000c6000000, 0x00000000c6000000, 0x00000000c6100000|  0%| F|  |TAMS 0x00000000c6000000| PB 0x00000000c6000000| Untracked 
|  69|0x00000000c6100000, 0x00000000c6100000, 0x00000000c6200000|  0%| F|  |TAMS 0x00000000c6100000| PB 0x00000000c6100000| Untracked 
|  70|0x00000000c6200000, 0x00000000c6200000, 0x00000000c6300000|  0%| F|  |TAMS 0x00000000c6200000| PB 0x00000000c6200000| Untracked 
|  71|0x00000000c6300000, 0x00000000c6300000, 0x00000000c6400000|  0%| F|  |TAMS 0x00000000c6300000| PB 0x00000000c6300000| Untracked 
|  72|0x00000000c6400000, 0x00000000c6400000, 0x00000000c6500000|  0%| F|  |TAMS 0x00000000c6400000| PB 0x00000000c6400000| Untracked 
|  73|0x00000000c6500000, 0x00000000c6500000, 0x00000000c6600000|  0%| F|  |TAMS 0x00000000c6500000| PB 0x00000000c6500000| Untracked 
|  74|0x00000000c6600000, 0x00000000c6600000, 0x00000000c6700000|  0%| F|  |TAMS 0x00000000c6600000| PB 0x00000000c6600000| Untracked 
|  75|0x00000000c6700000, 0x00000000c6700000, 0x00000000c6800000|  0%| F|  |TAMS 0x00000000c6700000| PB 0x00000000c6700000| Untracked 
|  76|0x00000000c6800000, 0x00000000c6800000, 0x00000000c6900000|  0%| F|  |TAMS 0x00000000c6800000| PB 0x00000000c6800000| Untracked 
|  77|0x00000000c6900000, 0x00000000c6900000, 0x00000000c6a00000|  0%| F|  |TAMS 0x00000000c6900000| PB 0x00000000c6900000| Untracked 
|  78|0x00000000c6a00000, 0x00000000c6a00000, 0x00000000c6b00000|  0%| F|  |TAMS 0x00000000c6a00000| PB 0x00000000c6a00000| Untracked 
| 989|0x00000000ff900000, 0x00000000ff900000, 0x00000000ffa00000|  0%| F|  |TAMS 0x00000000ff900000| PB 0x00000000ff900000| Untracked 
| 990|0x00000000ffa00000, 0x00000000ffb00000, 0x00000000ffb00000|100%| O|  |TAMS 0x00000000ffb00000| PB 0x00000000ffa00000| Untracked 
| 991|0x00000000ffb00000, 0x00000000ffc00000, 0x00000000ffc00000|100%| O|  |TAMS 0x00000000ffc00000| PB 0x00000000ffb00000| Untracked 
| 992|0x00000000ffc00000, 0x00000000ffd00000, 0x00000000ffd00000|100%| O|  |TAMS 0x00000000ffd00000| PB 0x00000000ffc00000| Untracked 
| 993|0x00000000ffd00000, 0x00000000ffe00000, 0x00000000ffe00000|100%| O|  |TAMS 0x00000000ffe00000| PB 0x00000000ffd00000| Untracked 
| 994|0x00000000ffe00000, 0x00000000fff00000, 0x00000000fff00000|100%| O|  |TAMS 0x00000000fff00000| PB 0x00000000ffe00000| Untracked 
| 995|0x00000000fff00000, 0x0000000100000000, 0x0000000100000000|100%| O|  |TAMS 0x0000000100000000| PB 0x00000000fff00000| Untracked 

Card table byte_map: [0x00000282f6180000,0x00000282f6380000] _byte_map_base: 0x00000282f5b72000

Marking Bits: (CMBitMap*) 0x00000282ed80f830
 Bits: [0x00000282f6380000, 0x00000282f7310000)

Polling page: 0x00000282ecfa0000

Metaspace:

Usage:
  Non-class:     26.61 MB used.
      Class:      3.40 MB used.
       Both:     30.01 MB used.

Virtual space:
  Non-class space:       64.00 MB reserved,      26.88 MB ( 42%) committed,  1 nodes.
      Class space:        1.00 GB reserved,       3.56 MB ( <1%) committed,  1 nodes.
             Both:        1.06 GB reserved,      30.44 MB (  3%) committed. 

Chunk freelists:
   Non-Class:  4.94 MB
       Class:  12.41 MB
        Both:  17.35 MB

MaxMetaspaceSize: unlimited
CompressedClassSpaceSize: 1.00 GB
Initial GC threshold: 21.00 MB
Current GC threshold: 49.69 MB
CDS: on
 - commit_granule_bytes: 65536.
 - commit_granule_words: 8192.
 - virtual_space_node_default_size: 8388608.
 - enlarge_chunks_in_place: 1.
 - use_allocation_guard: 0.


Internal statistics:

num_allocs_failed_limit: 3.
num_arena_births: 380.
num_arena_deaths: 0.
num_vsnodes_births: 2.
num_vsnodes_deaths: 0.
num_space_committed: 487.
num_space_uncommitted: 0.
num_chunks_returned_to_freelist: 3.
num_chunks_taken_from_freelist: 1494.
num_chunk_merges: 3.
num_chunk_splits: 1062.
num_chunks_enlarged: 808.
num_inconsistent_stats: 0.

CodeHeap 'non-profiled nmethods': size=120000Kb used=3029Kb max_used=3218Kb free=116970Kb
 bounds [0x0000028287ad0000, 0x0000028287e00000, 0x000002828f000000]
CodeHeap 'profiled nmethods': size=120000Kb used=14051Kb max_used=14306Kb free=105948Kb
 bounds [0x0000028280000000, 0x0000028280e30000, 0x0000028287530000]
CodeHeap 'non-nmethods': size=5760Kb used=1467Kb max_used=1527Kb free=4292Kb
 bounds [0x0000028287530000, 0x00000282877a0000, 0x0000028287ad0000]
 total_blobs=7082 nmethods=6532 adapters=454
 compilation: enabled
              stopped_count=0, restarted_count=0
 full_count=0

Compilation events (20 events):
Event: 19.634 Thread 0x00000282f9cedb50 nmethod 7201 0x0000028280638790 code [0x0000028280638c20, 0x000002828063aab0]
Event: 19.634 Thread 0x00000282f9cedb50 7202   !   2       sun.nio.fs.WindowsFileSystemProvider::checkReadAccess (70 bytes)
Event: 19.634 Thread 0x00000282f9cedb50 nmethod 7202 0x0000028280637d90 code [0x0000028280637fc0, 0x00000282806383f8]
Event: 19.639 Thread 0x00000282f9cedb50 7203   !   3       sun.nio.ch.FileChannelImpl::readInternal (274 bytes)
Event: 19.641 Thread 0x00000282f9cedb50 nmethod 7203 0x000002828012ac10 code [0x000002828012aee0, 0x000002828012bb28]
Event: 19.650 Thread 0x00000282f9cece50 nmethod 7138 0x0000028287b6b410 code [0x0000028287b6b780, 0x0000028287b6dff0]
Event: 19.651 Thread 0x00000282f9cece50 7183   !   4       java.nio.file.FileTreeWalker::next (144 bytes)
Event: 19.657 Thread 0x00000282f9cedb50 7205       3       jdk.nio.zipfs.ZipFileSystem$Entry::readLocEXTT (290 bytes)
Event: 19.660 Thread 0x00000282f9cedb50 nmethod 7205 0x0000028280665990 code [0x0000028280665de0, 0x0000028280667ee0]
Event: 19.662 Thread 0x00000282f9cedb50 7206       3       jdk.nio.zipfs.ZipFileSystem$Entry::readExtra (648 bytes)
Event: 19.666 Thread 0x00000282f9cedb50 nmethod 7206 0x00000282800a8790 code [0x00000282800a8d20, 0x00000282800abcd0]
Event: 19.666 Thread 0x00000282f9cedb50 7207       2       java.util.jar.Manifest::read (411 bytes)
Event: 19.667 Thread 0x00000282f9cedb50 nmethod 7207 0x0000028280278090 code [0x0000028280278440, 0x00000282802798a0]
Event: 19.670 Thread 0x00000282f9cedb50 7208       3       jdk.nio.zipfs.ZipFileSystem::initCEN (473 bytes)
Event: 19.673 Thread 0x00000282f9cedb50 nmethod 7208 0x00000282806e8090 code [0x00000282806e85a0, 0x00000282806eaa28]
Event: 19.673 Thread 0x00000282f9cedb50 7209   !   3       jdk.nio.zipfs.ZipFileSystem::buildNodeTree (123 bytes)
Event: 19.675 Thread 0x00000282f9cedb50 nmethod 7209 0x00000282800b0e90 code [0x00000282800b11e0, 0x00000282800b2928]
Event: 19.675 Thread 0x00000282f9cedb50 7210   !   3       java.nio.file.Files::walkFileTree (297 bytes)
Event: 19.677 Thread 0x00000282f9cedb50 nmethod 7210 0x00000282800e1310 code [0x00000282800e1780, 0x00000282800e36b8]
Event: 19.743 Thread 0x00000282f9cedb50 7213       2       java.nio.file.FileTreeWalker::<init> (144 bytes)

GC Heap History (20 events):
Event: 11.982 GC heap after
{Heap after GC invocations=3 (full 0):
 garbage-first heap   total 65536K, used 10240K [0x00000000c1c00000, 0x0000000100000000)
  region size 1024K, 5 young (5120K), 5 survivors (5120K)
 Metaspace       used 15636K, committed 15808K, reserved 1114112K
  class space    used 1841K, committed 1920K, reserved 1048576K
}
Event: 13.167 GC heap before
{Heap before GC invocations=3 (full 0):
 garbage-first heap   total 65536K, used 44032K [0x00000000c1c00000, 0x0000000100000000)
  region size 1024K, 38 young (38912K), 5 survivors (5120K)
 Metaspace       used 16254K, committed 16512K, reserved 1114112K
  class space    used 1865K, committed 1984K, reserved 1048576K
}
Event: 13.182 GC heap after
{Heap after GC invocations=4 (full 0):
 garbage-first heap   total 65536K, used 14020K [0x00000000c1c00000, 0x0000000100000000)
  region size 1024K, 4 young (4096K), 4 survivors (4096K)
 Metaspace       used 16254K, committed 16512K, reserved 1114112K
  class space    used 1865K, committed 1984K, reserved 1048576K
}
Event: 14.282 GC heap before
{Heap before GC invocations=4 (full 0):
 garbage-first heap   total 65536K, used 48836K [0x00000000c1c00000, 0x0000000100000000)
  region size 1024K, 38 young (38912K), 4 survivors (4096K)
 Metaspace       used 17176K, committed 17408K, reserved 1114112K
  class space    used 1949K, committed 2048K, reserved 1048576K
}
Event: 14.294 GC heap after
{Heap after GC invocations=5 (full 0):
 garbage-first heap   total 65536K, used 16798K [0x00000000c1c00000, 0x0000000100000000)
  region size 1024K, 3 young (3072K), 3 survivors (3072K)
 Metaspace       used 17176K, committed 17408K, reserved 1114112K
  class space    used 1949K, committed 2048K, reserved 1048576K
}
Event: 15.425 GC heap before
{Heap before GC invocations=5 (full 0):
 garbage-first heap   total 65536K, used 44446K [0x00000000c1c00000, 0x0000000100000000)
  region size 1024K, 31 young (31744K), 3 survivors (3072K)
 Metaspace       used 21196K, committed 21504K, reserved 1114112K
  class space    used 2431K, committed 2560K, reserved 1048576K
}
Event: 15.436 GC heap after
{Heap after GC invocations=6 (full 0):
 garbage-first heap   total 65536K, used 18771K [0x00000000c1c00000, 0x0000000100000000)
  region size 1024K, 2 young (2048K), 2 survivors (2048K)
 Metaspace       used 21196K, committed 21504K, reserved 1114112K
  class space    used 2431K, committed 2560K, reserved 1048576K
}
Event: 16.709 GC heap before
{Heap before GC invocations=7 (full 0):
 garbage-first heap   total 65536K, used 54611K [0x00000000c1c00000, 0x0000000100000000)
  region size 1024K, 36 young (36864K), 2 survivors (2048K)
 Metaspace       used 26170K, committed 26560K, reserved 1114112K
  class space    used 2961K, committed 3136K, reserved 1048576K
}
Event: 16.736 GC heap after
{Heap after GC invocations=8 (full 0):
 garbage-first heap   total 72704K, used 35840K [0x00000000c1c00000, 0x0000000100000000)
  region size 1024K, 5 young (5120K), 5 survivors (5120K)
 Metaspace       used 26170K, committed 26560K, reserved 1114112K
  class space    used 2961K, committed 3136K, reserved 1048576K
}
Event: 16.999 GC heap before
{Heap before GC invocations=8 (full 0):
 garbage-first heap   total 72704K, used 59392K [0x00000000c1c00000, 0x0000000100000000)
  region size 1024K, 28 young (28672K), 5 survivors (5120K)
 Metaspace       used 26621K, committed 26880K, reserved 1114112K
  class space    used 3016K, committed 3136K, reserved 1048576K
}
Event: 17.011 GC heap after
{Heap after GC invocations=9 (full 0):
 garbage-first heap   total 88064K, used 41472K [0x00000000c1c00000, 0x0000000100000000)
  region size 1024K, 4 young (4096K), 4 survivors (4096K)
 Metaspace       used 26621K, committed 26880K, reserved 1114112K
  class space    used 3016K, committed 3136K, reserved 1048576K
}
Event: 17.648 GC heap before
{Heap before GC invocations=9 (full 0):
 garbage-first heap   total 88064K, used 68096K [0x00000000c1c00000, 0x0000000100000000)
  region size 1024K, 31 young (31744K), 4 survivors (4096K)
 Metaspace       used 27749K, committed 28096K, reserved 1114112K
  class space    used 3148K, committed 3328K, reserved 1048576K
}
Event: 17.665 GC heap after
{Heap after GC invocations=10 (full 0):
 garbage-first heap   total 88064K, used 45000K [0x00000000c1c00000, 0x0000000100000000)
  region size 1024K, 3 young (3072K), 3 survivors (3072K)
 Metaspace       used 27749K, committed 28096K, reserved 1114112K
  class space    used 3148K, committed 3328K, reserved 1048576K
}
Event: 18.900 GC heap before
{Heap before GC invocations=10 (full 0):
 garbage-first heap   total 88064K, used 71624K [0x00000000c1c00000, 0x0000000100000000)
  region size 1024K, 30 young (30720K), 3 survivors (3072K)
 Metaspace       used 29963K, committed 30400K, reserved 1114112K
  class space    used 3410K, committed 3584K, reserved 1048576K
}
Event: 18.913 GC heap after
{Heap after GC invocations=11 (full 0):
 garbage-first heap   total 88064K, used 46927K [0x00000000c1c00000, 0x0000000100000000)
  region size 1024K, 2 young (2048K), 2 survivors (2048K)
 Metaspace       used 29963K, committed 30400K, reserved 1114112K
  class space    used 3410K, committed 3584K, reserved 1048576K
}
Event: 19.512 GC heap before
{Heap before GC invocations=12 (full 0):
 garbage-first heap   total 88064K, used 75599K [0x00000000c1c00000, 0x0000000100000000)
  region size 1024K, 29 young (29696K), 2 survivors (2048K)
 Metaspace       used 30708K, committed 31104K, reserved 1114112K
  class space    used 3477K, committed 3648K, reserved 1048576K
}
Event: 19.525 GC heap after
{Heap after GC invocations=13 (full 0):
 garbage-first heap   total 88064K, used 56106K [0x00000000c1c00000, 0x0000000100000000)
  region size 1024K, 4 young (4096K), 4 survivors (4096K)
 Metaspace       used 30708K, committed 31104K, reserved 1114112K
  class space    used 3477K, committed 3648K, reserved 1048576K
}
Event: 19.681 GC heap before
{Heap before GC invocations=13 (full 0):
 garbage-first heap   total 88064K, used 74538K [0x00000000c1c00000, 0x0000000100000000)
  region size 1024K, 22 young (22528K), 4 survivors (4096K)
 Metaspace       used 30730K, committed 31168K, reserved 1114112K
  class space    used 3477K, committed 3648K, reserved 1048576K
}
Event: 19.692 GC heap after
{Heap after GC invocations=14 (full 0):
 garbage-first heap   total 88064K, used 62976K [0x00000000c1c00000, 0x0000000100000000)
  region size 1024K, 3 young (3072K), 3 survivors (3072K)
 Metaspace       used 30730K, committed 31168K, reserved 1114112K
  class space    used 3477K, committed 3648K, reserved 1048576K
}
Event: 19.743 GC heap before
{Heap before GC invocations=14 (full 0):
 garbage-first heap   total 88064K, used 74240K [0x00000000c1c00000, 0x0000000100000000)
  region size 1024K, 15 young (15360K), 3 survivors (3072K)
 Metaspace       used 30730K, committed 31168K, reserved 1114112K
  class space    used 3477K, committed 3648K, reserved 1048576K
}

Dll operation events (8 events):
Event: 0.010 Loaded shared library C:\Program Files\Java\jdk-21\bin\java.dll
Event: 0.187 Loaded shared library C:\Program Files\Java\jdk-21\bin\jsvml.dll
Event: 0.230 Loaded shared library C:\Program Files\Java\jdk-21\bin\net.dll
Event: 0.241 Loaded shared library C:\Program Files\Java\jdk-21\bin\nio.dll
Event: 0.251 Loaded shared library C:\Program Files\Java\jdk-21\bin\zip.dll
Event: 0.614 Loaded shared library C:\Program Files\Java\jdk-21\bin\jimage.dll
Event: 4.692 Loaded shared library C:\Program Files\maven\apache-maven-3.9.6\lib\jansi-native\Windows\x86_64\jansi.dll
Event: 4.718 Loaded shared library C:\Program Files\Java\jdk-21\bin\verify.dll

Deoptimization events (20 events):
Event: 19.422 Thread 0x00000282eb5e0b60 DEOPT PACKING pc=0x0000028287b05c90 sp=0x000000fb37bfd370
Event: 19.422 Thread 0x00000282eb5e0b60 DEOPT UNPACKING pc=0x00000282875846a2 sp=0x000000fb37bfd340 mode 2
Event: 19.429 Thread 0x00000282eb5e0b60 DEOPT PACKING pc=0x0000028280a370e6 sp=0x000000fb37bfc760
Event: 19.429 Thread 0x00000282eb5e0b60 DEOPT UNPACKING pc=0x0000028287584e42 sp=0x000000fb37bfbce0 mode 0
Event: 19.612 Thread 0x00000282eb5e0b60 Uncommon trap: trap_request=0xffffff45 fr.pc=0x0000028287d87480 relative=0x0000000000000c00
Event: 19.612 Thread 0x00000282eb5e0b60 Uncommon trap: reason=unstable_if action=reinterpret pc=0x0000028287d87480 method=java.time.LocalDate.create(III)Ljava/time/LocalDate; @ 7 c2
Event: 19.612 Thread 0x00000282eb5e0b60 DEOPT PACKING pc=0x0000028287d87480 sp=0x000000fb37bfc990
Event: 19.612 Thread 0x00000282eb5e0b60 DEOPT UNPACKING pc=0x00000282875846a2 sp=0x000000fb37bfc710 mode 2
Event: 19.613 Thread 0x00000282eb5e0b60 Uncommon trap: trap_request=0xffffff45 fr.pc=0x0000028287d8af2c relative=0x0000000000000bac
Event: 19.613 Thread 0x00000282eb5e0b60 Uncommon trap: reason=unstable_if action=reinterpret pc=0x0000028287d8af2c method=java.time.LocalDate.create(III)Ljava/time/LocalDate; @ 7 c2
Event: 19.613 Thread 0x00000282eb5e0b60 DEOPT PACKING pc=0x0000028287d8af2c sp=0x000000fb37bfc780
Event: 19.613 Thread 0x00000282eb5e0b60 DEOPT UNPACKING pc=0x00000282875846a2 sp=0x000000fb37bfc570 mode 2
Event: 19.670 Thread 0x00000282eb5e0b60 DEOPT PACKING pc=0x00000282803931bb sp=0x000000fb37bfcaf0
Event: 19.670 Thread 0x00000282eb5e0b60 DEOPT UNPACKING pc=0x0000028287584e42 sp=0x000000fb37bfc060 mode 0
Event: 19.672 Thread 0x00000282eb5e0b60 DEOPT PACKING pc=0x0000028280090e81 sp=0x000000fb37bfca00
Event: 19.672 Thread 0x00000282eb5e0b60 DEOPT UNPACKING pc=0x0000028287584e42 sp=0x000000fb37bfbef8 mode 0
Event: 19.674 Thread 0x00000282eb5e0b60 DEOPT PACKING pc=0x0000028280bd3798 sp=0x000000fb37bfcce0
Event: 19.674 Thread 0x00000282eb5e0b60 DEOPT UNPACKING pc=0x0000028287584e42 sp=0x000000fb37bfc220 mode 0
Event: 19.736 Thread 0x00000282eb5e0b60 DEOPT PACKING pc=0x00000282800c93f5 sp=0x000000fb37bfc6f0
Event: 19.736 Thread 0x00000282eb5e0b60 DEOPT UNPACKING pc=0x0000028287584e42 sp=0x000000fb37bfbcb0 mode 0

Classes loaded (20 events):
Event: 18.861 Loading class java/lang/invoke/MethodHandleImpl$Makers$3
Event: 18.861 Loading class java/lang/invoke/MethodHandleImpl$Makers$3 done
Event: 18.866 Loading class java/lang/runtime/ObjectMethods$1
Event: 18.866 Loading class java/lang/runtime/ObjectMethods$1 done
Event: 18.870 Loading class java/lang/invoke/DirectMethodHandle$1
Event: 18.871 Loading class java/lang/invoke/DirectMethodHandle$1 done
Event: 19.034 Loading class java/util/stream/ReduceOps$2
Event: 19.034 Loading class java/util/stream/ReduceOps$2 done
Event: 19.034 Loading class java/util/stream/ReduceOps$2ReducingSink
Event: 19.034 Loading class java/util/stream/ReduceOps$2ReducingSink done
Event: 19.084 Loading class java/lang/invoke/MethodHandleImpl$CountingWrapper
Event: 19.085 Loading class java/lang/invoke/MethodHandleImpl$CountingWrapper done
Event: 19.109 Loading class java/util/EnumMap$Values
Event: 19.109 Loading class java/util/EnumMap$Values done
Event: 19.109 Loading class java/util/EnumMap$ValueIterator
Event: 19.109 Loading class java/util/EnumMap$ValueIterator done
Event: 19.112 Loading class java/util/WeakHashMap$KeyIterator
Event: 19.112 Loading class java/util/WeakHashMap$KeyIterator done
Event: 19.116 Loading class java/text/MessageFormat$Field
Event: 19.117 Loading class java/text/MessageFormat$Field done

Classes unloaded (0 events):
No events

Classes redefined (0 events):
No events

Internal exceptions (20 events):
Event: 19.095 Thread 0x00000282eb5e0b60 Exception <a 'sun/nio/fs/WindowsException'{0x00000000c66ff020}> (0x00000000c66ff020) 
thrown [s\open\src\hotspot\share\prims\jni.cpp, line 520]
Event: 19.095 Thread 0x00000282eb5e0b60 Exception <a 'sun/nio/fs/WindowsException'{0x00000000c6500560}> (0x00000000c6500560) 
thrown [s\open\src\hotspot\share\prims\jni.cpp, line 520]
Event: 19.097 Thread 0x00000282eb5e0b60 Exception <a 'sun/nio/fs/WindowsException'{0x00000000c651ff90}> (0x00000000c651ff90) 
thrown [s\open\src\hotspot\share\prims\jni.cpp, line 520]
Event: 19.097 Thread 0x00000282eb5e0b60 Exception <a 'sun/nio/fs/WindowsException'{0x00000000c65352a8}> (0x00000000c65352a8) 
thrown [s\open\src\hotspot\share\prims\jni.cpp, line 520]
Event: 19.098 Thread 0x00000282eb5e0b60 Exception <a 'sun/nio/fs/WindowsException'{0x00000000c6571e10}> (0x00000000c6571e10) 
thrown [s\open\src\hotspot\share\prims\jni.cpp, line 520]
Event: 19.098 Thread 0x00000282eb5e0b60 Exception <a 'sun/nio/fs/WindowsException'{0x00000000c6573030}> (0x00000000c6573030) 
thrown [s\open\src\hotspot\share\prims\jni.cpp, line 520]
Event: 19.107 Thread 0x00000282eb5e0b60 Exception <a 'sun/nio/fs/WindowsException'{0x00000000c65c0c10}> (0x00000000c65c0c10) 
thrown [s\open\src\hotspot\share\prims\jni.cpp, line 520]
Event: 19.107 Thread 0x00000282eb5e0b60 Exception <a 'sun/nio/fs/WindowsException'{0x00000000c65c12c8}> (0x00000000c65c12c8) 
thrown [s\open\src\hotspot\share\prims\jni.cpp, line 520]
Event: 19.107 Thread 0x00000282eb5e0b60 Exception <a 'sun/nio/fs/WindowsException'{0x00000000c65c1af0}> (0x00000000c65c1af0) 
thrown [s\open\src\hotspot\share\prims\jni.cpp, line 520]
Event: 19.107 Thread 0x00000282eb5e0b60 Exception <a 'sun/nio/fs/WindowsException'{0x00000000c65c2228}> (0x00000000c65c2228) 
thrown [s\open\src\hotspot\share\prims\jni.cpp, line 520]
Event: 19.206 Thread 0x00000282eb5e0b60 Exception <a 'sun/nio/fs/WindowsException'{0x00000000c6346b70}> (0x00000000c6346b70) 
thrown [s\open\src\hotspot\share\prims\jni.cpp, line 520]
Event: 19.209 Thread 0x00000282eb5e0b60 Exception <a 'sun/nio/fs/WindowsException'{0x00000000c6349430}> (0x00000000c6349430) 
thrown [s\open\src\hotspot\share\prims\jni.cpp, line 520]
Event: 19.212 Thread 0x00000282eb5e0b60 Exception <a 'sun/nio/fs/WindowsException'{0x00000000c634b8b0}> (0x00000000c634b8b0) 
thrown [s\open\src\hotspot\share\prims\jni.cpp, line 520]
Event: 19.218 Thread 0x00000282eb5e0b60 Exception <a 'sun/nio/fs/WindowsException'{0x00000000c634dd18}> (0x00000000c634dd18) 
thrown [s\open\src\hotspot\share\prims\jni.cpp, line 520]
Event: 19.265 Thread 0x00000282eb5e0b60 Exception <a 'sun/nio/fs/WindowsException'{0x00000000c622ac90}> (0x00000000c622ac90) 
thrown [s\open\src\hotspot\share\prims\jni.cpp, line 520]
Event: 19.415 Thread 0x00000282eb5e0b60 Exception <a 'sun/nio/fs/WindowsException'{0x00000000c5b9cdf0}> (0x00000000c5b9cdf0) 
thrown [s\open\src\hotspot\share\prims\jni.cpp, line 520]
Event: 19.417 Thread 0x00000282eb5e0b60 Exception <a 'sun/nio/fs/WindowsException'{0x00000000c5a31568}> (0x00000000c5a31568) 
thrown [s\open\src\hotspot\share\prims\jni.cpp, line 520]
Event: 19.470 Thread 0x00000282eb5e0b60 Exception <a 'sun/nio/fs/WindowsException'{0x00000000c5473f58}> (0x00000000c5473f58) 
thrown [s\open\src\hotspot\share\prims\jni.cpp, line 520]
Event: 19.470 Thread 0x00000282eb5e0b60 Exception <a 'sun/nio/fs/WindowsException'{0x00000000c5474ac0}> (0x00000000c5474ac0) 
thrown [s\open\src\hotspot\share\prims\jni.cpp, line 520]
Event: 19.470 Thread 0x00000282eb5e0b60 Exception <a 'sun/nio/fs/WindowsException'{0x00000000c54756b8}> (0x00000000c54756b8) 
thrown [s\open\src\hotspot\share\prims\jni.cpp, line 520]

ZGC Phase Switch (0 events):
No events

VM Operations (20 events):
Event: 18.846 Executing VM operation: HandshakeAllThreads (Deoptimize) done
Event: 18.890 Executing VM operation: HandshakeAllThreads (Deoptimize)
Event: 18.890 Executing VM operation: HandshakeAllThreads (Deoptimize) done
Event: 18.899 Executing VM operation: G1CollectForAllocation (G1 Evacuation Pause)
Event: 18.913 Executing VM operation: G1CollectForAllocation (G1 Evacuation Pause) done
Event: 18.954 Executing VM operation: G1PauseRemark
Event: 18.962 Executing VM operation: G1PauseRemark done
Event: 18.978 Executing VM operation: G1PauseCleanup
Event: 18.979 Executing VM operation: G1PauseCleanup done
Event: 19.038 Executing VM operation: HandshakeAllThreads (Deoptimize)
Event: 19.038 Executing VM operation: HandshakeAllThreads (Deoptimize) done
Event: 19.040 Executing VM operation: HandshakeAllThreads (Deoptimize)
Event: 19.040 Executing VM operation: HandshakeAllThreads (Deoptimize) done
Event: 19.079 Executing VM operation: ICBufferFull
Event: 19.079 Executing VM operation: ICBufferFull done
Event: 19.512 Executing VM operation: G1CollectForAllocation (G1 Evacuation Pause)
Event: 19.525 Executing VM operation: G1CollectForAllocation (G1 Evacuation Pause) done
Event: 19.681 Executing VM operation: G1CollectForAllocation (G1 Evacuation Pause)
Event: 19.692 Executing VM operation: G1CollectForAllocation (G1 Evacuation Pause) done
Event: 19.743 Executing VM operation: G1CollectForAllocation (G1 Evacuation Pause)

Events (20 events):
Event: 18.962 Thread 0x00000282f9cba940 flushing nmethod 0x0000028287b1fd90
Event: 18.962 Thread 0x00000282f9cba940 flushing nmethod 0x0000028287b1f110
Event: 18.962 Thread 0x00000282f9cba940 flushing nmethod 0x0000028287b1ed10
Event: 18.962 Thread 0x00000282f9cba940 flushing nmethod 0x0000028287b17d90
Event: 18.962 Thread 0x00000282f9cba940 flushing nmethod 0x0000028287b13710
Event: 18.962 Thread 0x00000282f9cba940 flushing nmethod 0x0000028287b12410
Event: 18.962 Thread 0x00000282f9cba940 flushing nmethod 0x0000028287b10d10
Event: 18.962 Thread 0x00000282f9cba940 flushing nmethod 0x0000028287b06710
Event: 18.962 Thread 0x00000282f9cba940 flushing nmethod 0x0000028287b03f90
Event: 18.962 Thread 0x00000282f9cba940 flushing nmethod 0x0000028287b02190
Event: 18.962 Thread 0x00000282f9cba940 flushing nmethod 0x0000028287b00f10
Event: 18.962 Thread 0x00000282f9cba940 flushing nmethod 0x0000028287af8190
Event: 18.962 Thread 0x00000282f9cba940 flushing nmethod 0x0000028287af5d10
Event: 18.962 Thread 0x00000282f9cba940 flushing nmethod 0x0000028287af4110
Event: 18.962 Thread 0x00000282f9cba940 flushing nmethod 0x0000028287aeea10
Event: 18.962 Thread 0x00000282f9cba940 flushing nmethod 0x0000028287ae4710
Event: 18.962 Thread 0x00000282f9cba940 flushing nmethod 0x0000028287add890
Event: 18.962 Thread 0x00000282f9cba940 flushing nmethod 0x0000028287adcf90
Event: 18.962 Thread 0x00000282f9cba940 flushing nmethod 0x0000028287adc790
Event: 18.962 Thread 0x00000282f9cba940 flushing nmethod 0x0000028287ad6d10


Dynamic libraries:
0x00007ff7bcef0000 - 0x00007ff7bcf00000 	C:\Program Files\Java\jdk-21\bin\java.exe
0x00007ffaae110000 - 0x00007ffaae327000 	C:\WINDOWS\SYSTEM32\ntdll.dll
0x00007ffaad8e0000 - 0x00007ffaad9a4000 	C:\WINDOWS\System32\KERNEL32.DLL
0x00007ffaab880000 - 0x00007ffaabc3a000 	C:\WINDOWS\System32\KERNELBASE.dll
0x00007ffaab4a0000 - 0x00007ffaab5b1000 	C:\WINDOWS\System32\ucrtbase.dll
0x00007ffa7cf10000 - 0x00007ffa7cf29000 	C:\Program Files\Java\jdk-21\bin\jli.dll
0x00007ffa7cef0000 - 0x00007ffa7cf0b000 	C:\Program Files\Java\jdk-21\bin\VCRUNTIME140.dll
0x00007ffaac730000 - 0x00007ffaac7e2000 	C:\WINDOWS\System32\ADVAPI32.dll
0x00007ffaae020000 - 0x00007ffaae0c7000 	C:\WINDOWS\System32\msvcrt.dll
0x00007ffaadf70000 - 0x00007ffaae017000 	C:\WINDOWS\System32\sechost.dll
0x00007ffaab850000 - 0x00007ffaab878000 	C:\WINDOWS\System32\bcrypt.dll
0x00007ffaad5b0000 - 0x00007ffaad6c4000 	C:\WINDOWS\System32\RPCRT4.dll
0x00007ffaadcc0000 - 0x00007ffaade6e000 	C:\WINDOWS\System32\USER32.dll
0x00007ffaabce0000 - 0x00007ffaabd06000 	C:\WINDOWS\System32\win32u.dll
0x00007ffa92130000 - 0x00007ffa923c2000 	C:\WINDOWS\WinSxS\amd64_microsoft.windows.common-controls_6595b64144ccf1df_6.0.22621.4541_none_2710d1c57384c085\COMCTL32.dll
0x00007ffaac920000 - 0x00007ffaac949000 	C:\WINDOWS\System32\GDI32.dll
0x00007ffaab730000 - 0x00007ffaab84b000 	C:\WINDOWS\System32\gdi32full.dll
0x00007ffaabc40000 - 0x00007ffaabcda000 	C:\WINDOWS\System32\msvcp_win.dll
0x00007ffaa2f20000 - 0x00007ffaa2f2a000 	C:\WINDOWS\SYSTEM32\VERSION.dll
0x00007ffaadc80000 - 0x00007ffaadcb1000 	C:\WINDOWS\System32\IMM32.DLL
0x00007ffa80bd0000 - 0x00007ffa80bdc000 	C:\Program Files\Java\jdk-21\bin\vcruntime140_1.dll
0x00007ffa7cc00000 - 0x00007ffa7cc8e000 	C:\Program Files\Java\jdk-21\bin\msvcp140.dll
0x00007ffa7bef0000 - 0x00007ffa7cbfd000 	C:\Program Files\Java\jdk-21\bin\server\jvm.dll
0x00007ffaac8a0000 - 0x00007ffaac911000 	C:\WINDOWS\System32\WS2_32.dll
0x00007ffaab2b0000 - 0x00007ffaab2fd000 	C:\WINDOWS\SYSTEM32\POWRPROF.dll
0x00007ffaa57f0000 - 0x00007ffaa5824000 	C:\WINDOWS\SYSTEM32\WINMM.dll
0x00007ffaab290000 - 0x00007ffaab2a3000 	C:\WINDOWS\SYSTEM32\UMPDC.dll
0x00007ffaaa3e0000 - 0x00007ffaaa3f8000 	C:\WINDOWS\SYSTEM32\kernel.appcore.dll
0x00007ffa90b50000 - 0x00007ffa90b5a000 	C:\Program Files\Java\jdk-21\bin\jimage.dll
0x00007ffaa8ca0000 - 0x00007ffaa8ed2000 	C:\WINDOWS\SYSTEM32\DBGHELP.DLL
0x00007ffaacd50000 - 0x00007ffaad0df000 	C:\WINDOWS\System32\combase.dll
0x00007ffaad9b0000 - 0x00007ffaada87000 	C:\WINDOWS\System32\OLEAUT32.dll
0x00007ffa8cce0000 - 0x00007ffa8cd12000 	C:\WINDOWS\SYSTEM32\dbgcore.DLL
0x00007ffaabd90000 - 0x00007ffaabe0b000 	C:\WINDOWS\System32\bcryptPrimitives.dll
0x00007ffa7f2f0000 - 0x00007ffa7f30f000 	C:\Program Files\Java\jdk-21\bin\java.dll
0x00007ffaabe30000 - 0x00007ffaac6a8000 	C:\WINDOWS\System32\SHELL32.dll
0x00007ffaa92d0000 - 0x00007ffaa9bd8000 	C:\WINDOWS\SYSTEM32\windows.storage.dll
0x00007ffaa9190000 - 0x00007ffaa92cf000 	C:\WINDOWS\SYSTEM32\wintypes.dll
0x00007ffaacb90000 - 0x00007ffaacc8a000 	C:\WINDOWS\System32\SHCORE.dll
0x00007ffaac970000 - 0x00007ffaac9ce000 	C:\WINDOWS\System32\shlwapi.dll
0x00007ffaab310000 - 0x00007ffaab33b000 	C:\WINDOWS\SYSTEM32\profapi.dll
0x00007ffa7b4a0000 - 0x00007ffa7b577000 	C:\Program Files\Java\jdk-21\bin\jsvml.dll
0x00007ffa7cd90000 - 0x00007ffa7cda0000 	C:\Program Files\Java\jdk-21\bin\net.dll
0x00007ffaa5d80000 - 0x00007ffaa5eb6000 	C:\WINDOWS\SYSTEM32\WINHTTP.dll
0x00007ffaaa850000 - 0x00007ffaaa8b9000 	C:\WINDOWS\system32\mswsock.dll
0x00007ffa7bc70000 - 0x00007ffa7bc86000 	C:\Program Files\Java\jdk-21\bin\nio.dll
0x00007ffa7b480000 - 0x00007ffa7b498000 	C:\Program Files\Java\jdk-21\bin\zip.dll
0x0000000069ac0000 - 0x0000000069ae4000 	C:\Program Files\maven\apache-maven-3.9.6\lib\jansi-native\Windows\x86_64\jansi.dll
0x00007ffa6f480000 - 0x00007ffa6f490000 	C:\Program Files\Java\jdk-21\bin\verify.dll
0x00007ffaaa4f0000 - 0x00007ffaaa524000 	C:\WINDOWS\SYSTEM32\ntmarta.dll

dbghelp: loaded successfully - version: 4.0.5 - missing functions: none
symbol engine: initialized successfully - sym options: 0x614 - pdb path: .;C:\Program Files\Java\jdk-21\bin;C:\WINDOWS\SYSTEM32;C:\WINDOWS\WinSxS\amd64_microsoft.windows.common-controls_6595b64144ccf1df_6.0.22621.4541_none_2710d1c57384c085;C:\Program Files\Java\jdk-21\bin\server;C:\Program Files\maven\apache-maven-3.9.6\lib\jansi-native\Windows\x86_64

VM Arguments:
jvm_args: --add-opens=java.base/java.lang=ALL-UNNAMED -Dclassworlds.conf=C:\Program Files\maven\apache-maven-3.9.6\bin\m2.conf -Dmaven.home=C:\Program Files\maven\apache-maven-3.9.6 -Dlibrary.jansi.path=C:\Program Files\maven\apache-maven-3.9.6\lib\jansi-native -Dmaven.multiModuleProjectDirectory=C:\UI&APIFramework\UIAndAPIAutomationFramework 
java_command: org.codehaus.plexus.classworlds.launcher.Launcher clean verify -X
java_class_path (initial): C:\Program Files\maven\apache-maven-3.9.6\boot\plexus-classworlds-2.7.0.jar
Launcher Type: SUN_STANDARD

[Global flags]
     intx CICompilerCount                          = 4                                         {product} {ergonomic}
     uint ConcGCThreads                            = 2                                         {product} {ergonomic}
     uint G1ConcRefinementThreads                  = 8                                         {product} {ergonomic}
   size_t G1HeapRegionSize                         = 1048576                                   {product} {ergonomic}
    uintx GCDrainStackTargetSize                   = 64                                        {product} {ergonomic}
   size_t InitialHeapSize                          = 67108864                                  {product} {ergonomic}
   size_t MarkStackSize                            = 4194304                                   {product} {ergonomic}
   size_t MaxHeapSize                              = 1044381696                                {product} {ergonomic}
   size_t MaxNewSize                               = 625999872                                 {product} {ergonomic}
   size_t MinHeapDeltaBytes                        = 1048576                                   {product} {ergonomic}
   size_t MinHeapSize                              = 8388608                                   {product} {ergonomic}
    uintx NonNMethodCodeHeapSize                   = 5839372                                {pd product} {ergonomic}
    uintx NonProfiledCodeHeapSize                  = 122909434                              {pd product} {ergonomic}
    uintx ProfiledCodeHeapSize                     = 122909434                              {pd product} {ergonomic}
    uintx ReservedCodeCacheSize                    = 251658240                              {pd product} {ergonomic}
     bool SegmentedCodeCache                       = true                                      {product} {ergonomic}
   size_t SoftMaxHeapSize                          = 1044381696                             {manageable} {ergonomic}
     bool UseCompressedOops                        = true                           {product lp64_product} {ergonomic}
     bool UseG1GC                                  = true                                      {product} {ergonomic}
     bool UseLargePagesIndividualAllocation        = false                                  {pd product} {ergonomic}

Logging:
Log output configuration:
 #0: stdout all=warning uptime,level,tags foldmultilines=false
 #1: stderr all=off uptime,level,tags foldmultilines=false

Environment Variables:
JAVA_HOME=C:\Program Files\Java\jdk-21
PATH=C:\Program Files (x86)\TRICENTIS\Tosca Testsuite\ToscaCommander;;C:\Program Files\Java\jdk-21\bin;C:\app\Nikshepa\product\18.0.0\dbhomeXE\bin;C:\Users\Nikshepa\Downloads\instantclient-sqlplus-windows.x64-23.6.0.24.10\instantclient_23_6;C:\Program Files\maven\apache-maven-3.9.6\bin;C:\Windows\System32;C:\Program Files\Docker\Docker\Resources\bin;C:\Program Files\dotnet\;C:\Users\Nikshepa\AppData\Local\Microsoft\WindowsApps;C:\sonarqube\sonarqube-9.9.5.90363\bin\windows-x86-64;C:\Users\Nikshepa\AppData\Roaming\npm
USERNAME=Nikshepa
OS=Windows_NT
PROCESSOR_IDENTIFIER=Intel64 Family 6 Model 142 Stepping 12, GenuineIntel
TMP=C:\Users\Nikshepa\AppData\Local\Temp
TEMP=C:\Users\Nikshepa\AppData\Local\Temp




Periodic native trim disabled

---------------  S Y S T E M  ---------------

OS:
 Windows 11 , 64 bit Build 22621 (10.0.22621.4391)
OS uptime: 3 days 18:18 hours
Hyper-V role detected

CPU: total 8 (initial active 8) (4 cores per cpu, 2 threads per core) family 6 model 142 stepping 12 microcode 0xde, cx8, cmov, fxsr, ht, mmx, 3dnowpref, sse, sse2, sse3, ssse3, sse4.1, sse4.2, popcnt, lzcnt, tsc, tscinvbit, avx, avx2, aes, erms, clmul, bmi1, bmi2, adx, fma, vzeroupper, clflush, clflushopt, hv, rdtscp, f16c
Processor Information for all 8 processors :
  Max Mhz: 1800, Current Mhz: 1600, Mhz Limit: 1584

Memory: 4k page, system-wide physical 3982M (297M free)
TotalPageFile size 16270M (AvailPageFile size 15M)
current process WorkingSet (physical memory assigned to process): 220M, peak: 225M
current process commit charge ("private bytes"): 252M, peak: 287M

vm_info: Java HotSpot(TM) 64-Bit Server VM (21.0.3+7-LTS-152) for windows-amd64 JRE (21.0.3+7-LTS-152), built on 2024-03-11T17:42:26Z by "mach5one" with MS VC++ 17.6 (VS2022)

END.
