#
# There is insufficient memory for the Java Runtime Environment to continue.
# Native memory allocation (malloc) failed to allocate 32744 bytes for ChunkPool::allocate
# Possible reasons:
#   The system is out of physical RAM or swap space
#   The process is running with CompressedOops enabled, and the Java Heap may be blocking the growth of the native heap
# Possible solutions:
#   Reduce memory load on the system
#   Increase physical memory or swap space
#   Check if swap backing store is full
#   Decrease Java heap size (-Xmx/-Xms)
#   Decrease number of Java threads
#   Decrease Java thread stack sizes (-Xss)
#   Set larger code cache with -XX:ReservedCodeCacheSize=
#   JVM is running with Unscaled Compressed Oops mode in which the Java heap is
#     placed in the first 4GB address space. The Java Heap base address is the
#     maximum limit for the native heap growth. Please use -XX:HeapBaseMinAddress
#     to set the Java Heap base and to place the Java Heap above 4GB virtual address.
# This output file may be truncated or incomplete.
#
#  Out of Memory Error (arena.cpp:78), pid=21768, tid=10064
#
# JRE version: Java(TM) SE Runtime Environment (17.0.12+8) (build 17.0.12+8-LTS-286)
# Java VM: Java HotSpot(TM) 64-Bit Server VM (17.0.12+8-LTS-286, mixed mode, sharing, tiered, compressed oops, compressed class ptrs, g1 gc, windows-amd64)
# No core dump will be written. Minidumps are not enabled by default on client versions of Windows
#

---------------  S U M M A R Y ------------

Command Line: -javaagent:C:\\Users\\Nikshepa\\.m2\\repository\\org\\jacoco\\org.jacoco.agent\\0.8.12\\org.jacoco.agent-0.8.12-runtime.jar=destfile=C:\\UIAndAPIFramework\\UIAndAPIAutomationFramework\\target\\jacoco.exec C:\Users\Nikshepa\AppData\Local\Temp\surefire5598943000386915267\surefirebooter-20250114190208343_3.jar C:\Users\Nikshepa\AppData\Local\Temp\surefire5598943000386915267 2025-01-14T19-02-07_265-jvmRun1 surefire-20250114190208343_1tmp surefire_0-20250114190208343_2tmp

Host: Intel(R) Core(TM) i5-8265U CPU @ 1.60GHz, 8 cores, 3G,  Windows 11 , 64 bit Build 22621 (10.0.22621.4391)
Time: Tue Jan 14 19:02:39 2025 India Standard Time elapsed time: 30.442585 seconds (0d 0h 0m 30s)

---------------  T H R E A D  ---------------

Current thread (0x000001a479bae080):  JavaThread "C2 CompilerThread0" daemon [_thread_in_native, id=10064, stack(0x000000923a500000,0x000000923a600000)]


Current CompileTask:
C2:  30443 3223 %     4       org.jacoco.agent.rt.internal_aeaf9ab.asm.ClassReader::readCode @ 2187 (5117 bytes)

Stack: [0x000000923a500000,0x000000923a600000]
Native frames: (J=compiled Java code, j=interpreted, Vv=VM code, C=native code)
V  [jvm.dll+0x67a04a]
V  [jvm.dll+0x7da4ed]
V  [jvm.dll+0x7dbe33]
V  [jvm.dll+0x7dc4a3]
V  [jvm.dll+0x24508f]
V  [jvm.dll+0xab9a4]
V  [jvm.dll+0xabd3c]
V  [jvm.dll+0x366cd9]
V  [jvm.dll+0x564128]
V  [jvm.dll+0x563185]
V  [jvm.dll+0x563d4b]
V  [jvm.dll+0x32c460]
V  [jvm.dll+0x32b8ca]
V  [jvm.dll+0x21683f]
V  [jvm.dll+0x215c6f]
V  [jvm.dll+0x1a2960]
V  [jvm.dll+0x22610b]
V  [jvm.dll+0x2242ab]
V  [jvm.dll+0x79075c]
V  [jvm.dll+0x78abea]
V  [jvm.dll+0x678f35]
C  [ucrtbase.dll+0x29333]
C  [KERNEL32.DLL+0x1259d]
C  [ntdll.dll+0x5af38]


---------------  P R O C E S S  ---------------

Threads class SMR info:
_java_thread_list=0x000001a47efb1160, length=61, elements={
0x000001a46d0daab0, 0x000001a479b92f80, 0x000001a479b93d10, 0x000001a479ba9a00,
0x000001a479bac2e0, 0x000001a479bacbb0, 0x000001a479bad480, 0x000001a479bae080,
0x000001a479bbf7a0, 0x000001a479bc20c0, 0x000001a47e051720, 0x000001a47e796d80,
0x000001a47f5f59a0, 0x000001a47e886d00, 0x000001a47f07b850, 0x000001a47f10de90,
0x000001a47f1feeb0, 0x000001a47e01e9e0, 0x000001a47e01cb80, 0x000001a47e01f400,
0x000001a47e01dfc0, 0x000001a47e01e4d0, 0x000001a47e01dab0, 0x000001a47e01f910,
0x000001a47e01eef0, 0x000001a47e01d090, 0x000001a47e01fe20, 0x000001a47e020330,
0x000001a47e01d5a0, 0x000001a47eb35a00, 0x000001a47eb38790, 0x000001a47eb38280,
0x000001a47eb3ab00, 0x000001a47eb3b010, 0x000001a47eb3b520, 0x000001a47eb38ca0,
0x000001a47eb396c0, 0x000001a47eb391b0, 0x000001a47eb3a5f0, 0x000001a47eb3ba30,
0x000001a47eb3ce70, 0x000001a47eb3d380, 0x000001a47eb3bf40, 0x000001a47eb39bd0,
0x000001a47eb3c450, 0x000001a47eb3c960, 0x000001a47eb36930, 0x000001a47eb3a0e0,
0x000001a47eb35f10, 0x000001a47eb36420, 0x000001a47eb36e40, 0x000001a47eb37350,
0x000001a47eb37860, 0x000001a47eb37d70, 0x000001a450f529b0, 0x000001a450f52ec0,
0x000001a450f51a80, 0x000001a450f533d0, 0x000001a450f538e0, 0x000001a450f524a0,
0x000001a450f53df0
}

Java Threads: ( => current thread )
  0x000001a46d0daab0 JavaThread "main" [_thread_blocked, id=17768, stack(0x0000009239800000,0x0000009239900000)]
  0x000001a479b92f80 JavaThread "Reference Handler" daemon [_thread_blocked, id=18088, stack(0x0000009239f00000,0x000000923a000000)]
  0x000001a479b93d10 JavaThread "Finalizer" daemon [_thread_blocked, id=14684, stack(0x000000923a000000,0x000000923a100000)]
  0x000001a479ba9a00 JavaThread "Signal Dispatcher" daemon [_thread_blocked, id=22852, stack(0x000000923a100000,0x000000923a200000)]
  0x000001a479bac2e0 JavaThread "Attach Listener" daemon [_thread_blocked, id=14468, stack(0x000000923a200000,0x000000923a300000)]
  0x000001a479bacbb0 JavaThread "Service Thread" daemon [_thread_blocked, id=8808, stack(0x000000923a300000,0x000000923a400000)]
  0x000001a479bad480 JavaThread "Monitor Deflation Thread" daemon [_thread_blocked, id=22652, stack(0x000000923a400000,0x000000923a500000)]
=>0x000001a479bae080 JavaThread "C2 CompilerThread0" daemon [_thread_in_native, id=10064, stack(0x000000923a500000,0x000000923a600000)]
  0x000001a479bbf7a0 JavaThread "C1 CompilerThread0" daemon [_thread_in_vm, id=8416, stack(0x000000923a600000,0x000000923a700000)]
  0x000001a479bc20c0 JavaThread "Sweeper thread" daemon [_thread_blocked, id=1688, stack(0x000000923a700000,0x000000923a800000)]
  0x000001a47e051720 JavaThread "Common-Cleaner" daemon [_thread_blocked, id=13208, stack(0x000000923a800000,0x000000923a900000)]
  0x000001a47e796d80 JavaThread "Notification Thread" daemon [_thread_blocked, id=14016, stack(0x000000923a900000,0x000000923aa00000)]
  0x000001a47f5f59a0 JavaThread "surefire-forkedjvm-stream-flusher" daemon [_thread_blocked, id=4568, stack(0x000000923ab00000,0x000000923ac00000)]
  0x000001a47e886d00 JavaThread "surefire-forkedjvm-command-thread" daemon [_thread_in_native, id=9780, stack(0x000000923af00000,0x000000923b000000)]
  0x000001a47f07b850 JavaThread "ForkJoinPool.commonPool-worker-1" daemon [_thread_blocked, id=10460, stack(0x000000923b400000,0x000000923b500000)]
  0x000001a47f10de90 JavaThread "ForkJoinPool.commonPool-worker-2" daemon [_thread_blocked, id=4676, stack(0x000000923b500000,0x000000923b600000)]
  0x000001a47f1feeb0 JavaThread "ForkJoinPool.commonPool-worker-3" daemon [_thread_blocked, id=17880, stack(0x000000923b600000,0x000000923b700000)]
  0x000001a47e01e9e0 JavaThread "ForkJoinPool.commonPool-worker-4" daemon [_thread_blocked, id=19844, stack(0x000000923b700000,0x000000923b800000)]
  0x000001a47e01cb80 JavaThread "TestNG-test-Test-1" [_thread_blocked, id=7976, stack(0x000000923b800000,0x000000923b900000)]
  0x000001a47e01f400 JavaThread "TestNG-test-Test-2" [_thread_blocked, id=21276, stack(0x000000923b900000,0x000000923ba00000)]
  0x000001a47e01dfc0 JavaThread "TestNG-test-Test-3" [_thread_in_Java, id=21572, stack(0x000000923ba00000,0x000000923bb00000)]
  0x000001a47e01e4d0 JavaThread "HttpClient-2-SelectorManager" daemon [_thread_in_native, id=22584, stack(0x000000923bb00000,0x000000923bc00000)]
  0x000001a47e01dab0 JavaThread "HttpClient-3-SelectorManager" daemon [_thread_in_native, id=5808, stack(0x000000923bc00000,0x000000923bd00000)]
  0x000001a47e01f910 JavaThread "HttpClient-1-SelectorManager" daemon [_thread_in_native, id=4872, stack(0x000000923bd00000,0x000000923be00000)]
  0x000001a47e01eef0 JavaThread "External Process Output Forwarder - C:\Users\Nikshepa\.cache\selenium\chromedriver\win64\131.0.6778.264\chromedriver.exe" daemon [_thread_in_native, id=14304, stack(0x000000923be00000,0x000000923bf00000)]
  0x000001a47e01d090 JavaThread "Driver Service Executor" daemon [_thread_blocked, id=21432, stack(0x000000923bf00000,0x000000923c000000)]
  0x000001a47e01fe20 JavaThread "Driver Service Executor" daemon [_thread_in_native, id=9440, stack(0x000000923c000000,0x000000923c100000)]
  0x000001a47e020330 JavaThread "UrlChecker-2" daemon [_thread_blocked, id=19040, stack(0x000000923c100000,0x000000923c200000)]
  0x000001a47e01d5a0 JavaThread "External Process Output Forwarder - C:\Users\Nikshepa\.cache\selenium\chromedriver\win64\131.0.6778.264\chromedriver.exe" daemon [_thread_in_native, id=15976, stack(0x000000923c200000,0x000000923c300000)]
  0x000001a47eb35a00 JavaThread "Driver Service Executor" daemon [_thread_blocked, id=11548, stack(0x000000923c300000,0x000000923c400000)]
  0x000001a47eb38790 JavaThread "Driver Service Executor" daemon [_thread_in_native, id=20592, stack(0x000000923c400000,0x000000923c500000)]
  0x000001a47eb38280 JavaThread "UrlChecker-3" daemon [_thread_blocked, id=6540, stack(0x000000923c500000,0x000000923c600000)]
  0x000001a47eb3ab00 JavaThread "External Process Output Forwarder - C:\Users\Nikshepa\.cache\selenium\chromedriver\win64\131.0.6778.264\chromedriver.exe" daemon [_thread_in_native, id=12160, stack(0x000000923c700000,0x000000923c800000)]
  0x000001a47eb3b010 JavaThread "Driver Service Executor" daemon [_thread_blocked, id=7556, stack(0x000000923c800000,0x000000923c900000)]
  0x000001a47eb3b520 JavaThread "Driver Service Executor" daemon [_thread_in_native, id=16792, stack(0x000000923c900000,0x000000923ca00000)]
  0x000001a47eb38ca0 JavaThread "UrlChecker-4" daemon [_thread_blocked, id=12048, stack(0x000000923ca00000,0x000000923cb00000)]
  0x000001a47eb396c0 JavaThread "JdkHttpClient-2-0" daemon [_thread_blocked, id=7320, stack(0x000000923cc00000,0x000000923cd00000)]
  0x000001a47eb391b0 JavaThread "JdkHttpClient-0-0" daemon [_thread_blocked, id=12872, stack(0x000000923cd00000,0x000000923ce00000)]
  0x000001a47eb3a5f0 JavaThread "CompletableFutureDelayScheduler" daemon [_thread_blocked, id=21376, stack(0x000000923ce00000,0x000000923cf00000)]
  0x000001a47eb3ba30 JavaThread "JdkHttpClient-1-0" daemon [_thread_blocked, id=17900, stack(0x000000923cf00000,0x000000923d000000)]
  0x000001a47eb3ce70 JavaThread "JdkHttpClient-2-1" daemon [_thread_blocked, id=3484, stack(0x000000923d000000,0x000000923d100000)]
  0x000001a47eb3d380 JavaThread "JdkHttpClient-0-1" daemon [_thread_blocked, id=23244, stack(0x000000923d100000,0x000000923d200000)]
  0x000001a47eb3bf40 JavaThread "JdkHttpClient-1-1" daemon [_thread_blocked, id=18580, stack(0x000000923d200000,0x000000923d300000)]
  0x000001a47eb39bd0 JavaThread "JdkHttpClient-1-2" daemon [_thread_blocked, id=15232, stack(0x000000923d300000,0x000000923d400000)]
  0x000001a47eb3c450 JavaThread "JdkHttpClient-0-2" daemon [_thread_blocked, id=3520, stack(0x000000923d400000,0x000000923d500000)]
  0x000001a47eb3c960 JavaThread "JdkHttpClient-2-2" daemon [_thread_blocked, id=8376, stack(0x000000923d500000,0x000000923d600000)]
  0x000001a47eb36930 JavaThread "HttpClient-6-SelectorManager" daemon [_thread_in_native, id=21272, stack(0x000000923d600000,0x000000923d700000)]
  0x000001a47eb3a0e0 JavaThread "HttpClient-5-SelectorManager" daemon [_thread_in_native, id=15928, stack(0x000000923d700000,0x000000923d800000)]
  0x000001a47eb35f10 JavaThread "HttpClient-4-SelectorManager" daemon [_thread_in_native, id=2348, stack(0x000000923d800000,0x000000923d900000)]
  0x000001a47eb36420 JavaThread "JdkHttpClient-4-0" daemon [_thread_blocked, id=9712, stack(0x000000923d900000,0x000000923da00000)]
  0x000001a47eb36e40 JavaThread "JdkHttpClient-5-0" daemon [_thread_blocked, id=11968, stack(0x000000923da00000,0x000000923db00000)]
  0x000001a47eb37350 JavaThread "JdkHttpClient-3-0" daemon [_thread_blocked, id=22556, stack(0x000000923db00000,0x000000923dc00000)]
  0x000001a47eb37860 JavaThread "JdkHttpClient-5-1" daemon [_thread_blocked, id=8788, stack(0x000000923dc00000,0x000000923dd00000)]
  0x000001a47eb37d70 JavaThread "JdkHttpClient-4-1" daemon [_thread_blocked, id=23360, stack(0x000000923dd00000,0x000000923de00000)]
  0x000001a450f529b0 JavaThread "JdkHttpClient-3-1" daemon [_thread_blocked, id=9024, stack(0x000000923de00000,0x000000923df00000)]
  0x000001a450f52ec0 JavaThread "JdkHttpClient-4-2" daemon [_thread_blocked, id=12484, stack(0x000000923df00000,0x000000923e000000)]
  0x000001a450f51a80 JavaThread "JdkHttpClient-3-2" daemon [_thread_blocked, id=11748, stack(0x000000923e000000,0x000000923e100000)]
  0x000001a450f533d0 JavaThread "JdkHttpClient-5-2" daemon [_thread_blocked, id=7488, stack(0x000000923e100000,0x000000923e200000)]
  0x000001a450f538e0 JavaThread "JdkHttpClient-4-3" daemon [_thread_blocked, id=21552, stack(0x000000923e200000,0x000000923e300000)]
  0x000001a450f524a0 JavaThread "JdkHttpClient-3-3" daemon [_thread_blocked, id=1724, stack(0x000000923e300000,0x000000923e400000)]
  0x000001a450f53df0 JavaThread "JdkHttpClient-5-3" daemon [_thread_blocked, id=15756, stack(0x000000923e400000,0x000000923e500000)]

Other Threads:
  0x000001a46d19d4d0 VMThread "VM Thread" [stack: 0x0000009239e00000,0x0000009239f00000] [id=11072]
  0x000001a46d122c60 WatcherThread [stack: 0x000000923aa00000,0x000000923ab00000] [id=1088]
  0x000001a46d1153c0 GCTaskThread "GC Thread#0" [stack: 0x0000009239900000,0x0000009239a00000] [id=612]
  0x000001a47f766010 GCTaskThread "GC Thread#1" [stack: 0x000000923ac00000,0x000000923ad00000] [id=14032]
  0x000001a47e817670 GCTaskThread "GC Thread#2" [stack: 0x000000923ad00000,0x000000923ae00000] [id=11660]
  0x000001a47f7862a0 GCTaskThread "GC Thread#3" [stack: 0x000000923ae00000,0x000000923af00000] [id=21260]
  0x000001a47f09c0d0 GCTaskThread "GC Thread#4" [stack: 0x000000923b000000,0x000000923b100000] [id=15112]
  0x000001a47e11adb0 GCTaskThread "GC Thread#5" [stack: 0x000000923b100000,0x000000923b200000] [id=16052]
  0x000001a47eb41120 GCTaskThread "GC Thread#6" [stack: 0x000000923b200000,0x000000923b300000] [id=16520]
  0x000001a47eb413e0 GCTaskThread "GC Thread#7" [stack: 0x000000923b300000,0x000000923b400000] [id=16080]
  0x000001a46b02e020 ConcurrentGCThread "G1 Main Marker" [stack: 0x0000009239a00000,0x0000009239b00000] [id=18440]
  0x000001a46b02e840 ConcurrentGCThread "G1 Conc#0" [stack: 0x0000009239b00000,0x0000009239c00000] [id=23500]
  0x000001a47fbb0bb0 ConcurrentGCThread "G1 Conc#1" [stack: 0x000000923cb00000,0x000000923cc00000] [id=16376]
  0x000001a46d180050 ConcurrentGCThread "G1 Refine#0" [stack: 0x0000009239c00000,0x0000009239d00000] [id=1976]
  0x000001a46d180990 ConcurrentGCThread "G1 Service" [stack: 0x0000009239d00000,0x0000009239e00000] [id=18464]

Threads with active compile tasks:
C2 CompilerThread0    30606 3223 %     4       org.jacoco.agent.rt.internal_aeaf9ab.asm.ClassReader::readCode @ 2187 (5117 bytes)
C1 CompilerThread0    30606 3427       2       java.util.concurrent.locks.AbstractQueuedSynchronizer$ConditionObject::signal (34 bytes)

VM state: not at safepoint (normal execution)

VM Mutex/Monitor currently owned by a thread: None

Heap address: 0x00000000c1c00000, size: 996 MB, Compressed Oops mode: 32-bit

CDS archive(s) mapped at: [0x000001a40f000000-0x000001a40fbd0000-0x000001a40fbd0000), size 12386304, SharedBaseAddress: 0x000001a40f000000, ArchiveRelocationMode: 1.
Compressed class space mapped at: 0x000001a410000000-0x000001a450000000, reserved size: 1073741824
Narrow klass base: 0x000001a40f000000, Narrow klass shift: 0, Narrow klass range: 0x100000000

GC Precious Log:
 CPUs: 8 total, 8 available
 Memory: 3982M
 Large Page Support: Disabled
 NUMA Support: Disabled
 Compressed Oops: Enabled (32-bit)
 Heap Region Size: 1M
 Heap Min Capacity: 8M
 Heap Initial Capacity: 64M
 Heap Max Capacity: 996M
 Pre-touch: Disabled
 Parallel Workers: 8
 Concurrent Workers: 2
 Concurrent Refinement Workers: 8
 Periodic GC: Disabled

Heap:
 garbage-first heap   total 58368K, used 39129K [0x00000000c1c00000, 0x0000000100000000)
  region size 1024K, 25 young (25600K), 1 survivors (1024K)
 Metaspace       used 22469K, committed 22848K, reserved 1114112K
  class space    used 2642K, committed 2816K, reserved 1048576K

Heap Regions: E=young(eden), S=young(survivor), O=old, HS=humongous(starts), HC=humongous(continues), CS=collection set, F=free, OA=open archive, CA=closed archive, TAMS=top-at-mark-start (previous, next)
|   0|0x00000000c1c00000, 0x00000000c1d00000, 0x00000000c1d00000|100%|HS|  |TAMS 0x00000000c1d00000, 0x00000000c1c00000| Complete 
|   1|0x00000000c1d00000, 0x00000000c1e00000, 0x00000000c1e00000|100%|HS|  |TAMS 0x00000000c1e00000, 0x00000000c1d00000| Complete 
|   2|0x00000000c1e00000, 0x00000000c1f00000, 0x00000000c1f00000|100%| O|  |TAMS 0x00000000c1f00000, 0x00000000c1e00000| Untracked 
|   3|0x00000000c1f00000, 0x00000000c2000000, 0x00000000c2000000|100%| O|  |TAMS 0x00000000c2000000, 0x00000000c1f00000| Untracked 
|   4|0x00000000c2000000, 0x00000000c2100000, 0x00000000c2100000|100%| O|  |TAMS 0x00000000c2100000, 0x00000000c2000000| Untracked 
|   5|0x00000000c2100000, 0x00000000c2200000, 0x00000000c2200000|100%| O|  |TAMS 0x00000000c2200000, 0x00000000c2100000| Untracked 
|   6|0x00000000c2200000, 0x00000000c2300000, 0x00000000c2300000|100%| O|  |TAMS 0x00000000c2300000, 0x00000000c2200000| Untracked 
|   7|0x00000000c2300000, 0x00000000c2400000, 0x00000000c2400000|100%| O|  |TAMS 0x00000000c2400000, 0x00000000c2300000| Untracked 
|   8|0x00000000c2400000, 0x00000000c2500000, 0x00000000c2500000|100%| O|  |TAMS 0x00000000c2500000, 0x00000000c2400000| Untracked 
|   9|0x00000000c2500000, 0x00000000c2600000, 0x00000000c2600000|100%| O|  |TAMS 0x00000000c25f3e00, 0x00000000c2500000| Untracked 
|  10|0x00000000c2600000, 0x00000000c2700000, 0x00000000c2700000|100%| O|  |TAMS 0x00000000c2600000, 0x00000000c2600000| Untracked 
|  11|0x00000000c2700000, 0x00000000c2800000, 0x00000000c2800000|100%| O|  |TAMS 0x00000000c2700000, 0x00000000c2700000| Untracked 
|  12|0x00000000c2800000, 0x00000000c2900000, 0x00000000c2900000|100%| O|  |TAMS 0x00000000c2800000, 0x00000000c2800000| Untracked 
|  13|0x00000000c2900000, 0x00000000c2a00000, 0x00000000c2a00000|100%| O|  |TAMS 0x00000000c2900000, 0x00000000c2900000| Untracked 
|  14|0x00000000c2a00000, 0x00000000c2a50a00, 0x00000000c2b00000| 31%| O|  |TAMS 0x00000000c2a00000, 0x00000000c2a00000| Complete 
|  15|0x00000000c2b00000, 0x00000000c2b00000, 0x00000000c2c00000|  0%| F|  |TAMS 0x00000000c2b00000, 0x00000000c2b00000| Untracked 
|  16|0x00000000c2c00000, 0x00000000c2c00000, 0x00000000c2d00000|  0%| F|  |TAMS 0x00000000c2c00000, 0x00000000c2c00000| Untracked 
|  17|0x00000000c2d00000, 0x00000000c2d00000, 0x00000000c2e00000|  0%| F|  |TAMS 0x00000000c2d00000, 0x00000000c2d00000| Untracked 
|  18|0x00000000c2e00000, 0x00000000c2e00000, 0x00000000c2f00000|  0%| F|  |TAMS 0x00000000c2e00000, 0x00000000c2e00000| Untracked 
|  19|0x00000000c2f00000, 0x00000000c2f00000, 0x00000000c3000000|  0%| F|  |TAMS 0x00000000c2f00000, 0x00000000c2f00000| Untracked 
|  20|0x00000000c3000000, 0x00000000c3000000, 0x00000000c3100000|  0%| F|  |TAMS 0x00000000c3000000, 0x00000000c3000000| Untracked 
|  21|0x00000000c3100000, 0x00000000c3100000, 0x00000000c3200000|  0%| F|  |TAMS 0x00000000c3100000, 0x00000000c3100000| Untracked 
|  22|0x00000000c3200000, 0x00000000c3200000, 0x00000000c3300000|  0%| F|  |TAMS 0x00000000c3200000, 0x00000000c3200000| Untracked 
|  23|0x00000000c3300000, 0x00000000c3300000, 0x00000000c3400000|  0%| F|  |TAMS 0x00000000c3300000, 0x00000000c3300000| Untracked 
|  24|0x00000000c3400000, 0x00000000c3400000, 0x00000000c3500000|  0%| F|  |TAMS 0x00000000c3400000, 0x00000000c3400000| Untracked 
|  25|0x00000000c3500000, 0x00000000c3500000, 0x00000000c3600000|  0%| F|  |TAMS 0x00000000c3500000, 0x00000000c3500000| Untracked 
|  26|0x00000000c3600000, 0x00000000c3600000, 0x00000000c3700000|  0%| F|  |TAMS 0x00000000c3600000, 0x00000000c3600000| Untracked 
|  27|0x00000000c3700000, 0x00000000c3700000, 0x00000000c3800000|  0%| F|  |TAMS 0x00000000c3700000, 0x00000000c3700000| Untracked 
|  28|0x00000000c3800000, 0x00000000c3800000, 0x00000000c3900000|  0%| F|  |TAMS 0x00000000c3800000, 0x00000000c3800000| Untracked 
|  29|0x00000000c3900000, 0x00000000c3900000, 0x00000000c3a00000|  0%| F|  |TAMS 0x00000000c3900000, 0x00000000c3900000| Untracked 
|  30|0x00000000c3a00000, 0x00000000c3a00000, 0x00000000c3b00000|  0%| F|  |TAMS 0x00000000c3a00000, 0x00000000c3a00000| Untracked 
|  31|0x00000000c3b00000, 0x00000000c3b00000, 0x00000000c3c00000|  0%| F|  |TAMS 0x00000000c3b00000, 0x00000000c3b00000| Untracked 
|  32|0x00000000c3c00000, 0x00000000c3cf9cc0, 0x00000000c3d00000| 97%| E|  |TAMS 0x00000000c3c00000, 0x00000000c3c00000| Complete 
|  33|0x00000000c3d00000, 0x00000000c3e00000, 0x00000000c3e00000|100%| E|CS|TAMS 0x00000000c3d00000, 0x00000000c3d00000| Complete 
|  34|0x00000000c3e00000, 0x00000000c3f00000, 0x00000000c3f00000|100%| E|CS|TAMS 0x00000000c3e00000, 0x00000000c3e00000| Complete 
|  35|0x00000000c3f00000, 0x00000000c4000000, 0x00000000c4000000|100%| E|CS|TAMS 0x00000000c3f00000, 0x00000000c3f00000| Complete 
|  36|0x00000000c4000000, 0x00000000c4100000, 0x00000000c4100000|100%| E|CS|TAMS 0x00000000c4000000, 0x00000000c4000000| Complete 
|  37|0x00000000c4100000, 0x00000000c4200000, 0x00000000c4200000|100%| E|CS|TAMS 0x00000000c4100000, 0x00000000c4100000| Complete 
|  38|0x00000000c4200000, 0x00000000c4300000, 0x00000000c4300000|100%| E|CS|TAMS 0x00000000c4200000, 0x00000000c4200000| Complete 
|  39|0x00000000c4300000, 0x00000000c4400000, 0x00000000c4400000|100%| E|CS|TAMS 0x00000000c4300000, 0x00000000c4300000| Complete 
|  40|0x00000000c4400000, 0x00000000c4500000, 0x00000000c4500000|100%| E|CS|TAMS 0x00000000c4400000, 0x00000000c4400000| Complete 
|  41|0x00000000c4500000, 0x00000000c4600000, 0x00000000c4600000|100%| E|CS|TAMS 0x00000000c4500000, 0x00000000c4500000| Complete 
|  42|0x00000000c4600000, 0x00000000c4700000, 0x00000000c4700000|100%| E|CS|TAMS 0x00000000c4600000, 0x00000000c4600000| Complete 
|  43|0x00000000c4700000, 0x00000000c4800000, 0x00000000c4800000|100%| E|CS|TAMS 0x00000000c4700000, 0x00000000c4700000| Complete 
|  44|0x00000000c4800000, 0x00000000c4900000, 0x00000000c4900000|100%| E|CS|TAMS 0x00000000c4800000, 0x00000000c4800000| Complete 
|  45|0x00000000c4900000, 0x00000000c4a00000, 0x00000000c4a00000|100%| E|CS|TAMS 0x00000000c4900000, 0x00000000c4900000| Complete 
|  46|0x00000000c4a00000, 0x00000000c4ae5a30, 0x00000000c4b00000| 89%| S|CS|TAMS 0x00000000c4a00000, 0x00000000c4a00000| Complete 
|  47|0x00000000c4b00000, 0x00000000c4c00000, 0x00000000c4c00000|100%| E|CS|TAMS 0x00000000c4b00000, 0x00000000c4b00000| Complete 
|  48|0x00000000c4c00000, 0x00000000c4d00000, 0x00000000c4d00000|100%| E|CS|TAMS 0x00000000c4c00000, 0x00000000c4c00000| Complete 
|  49|0x00000000c4d00000, 0x00000000c4e00000, 0x00000000c4e00000|100%| E|CS|TAMS 0x00000000c4d00000, 0x00000000c4d00000| Complete 
|  50|0x00000000c4e00000, 0x00000000c4f00000, 0x00000000c4f00000|100%| E|CS|TAMS 0x00000000c4e00000, 0x00000000c4e00000| Complete 
|  51|0x00000000c4f00000, 0x00000000c5000000, 0x00000000c5000000|100%| E|CS|TAMS 0x00000000c4f00000, 0x00000000c4f00000| Complete 
|  52|0x00000000c5000000, 0x00000000c5100000, 0x00000000c5100000|100%| E|CS|TAMS 0x00000000c5000000, 0x00000000c5000000| Complete 
|  53|0x00000000c5100000, 0x00000000c5200000, 0x00000000c5200000|100%| E|CS|TAMS 0x00000000c5100000, 0x00000000c5100000| Complete 
|  54|0x00000000c5200000, 0x00000000c5300000, 0x00000000c5300000|100%| E|CS|TAMS 0x00000000c5200000, 0x00000000c5200000| Complete 
|  55|0x00000000c5300000, 0x00000000c5400000, 0x00000000c5400000|100%| E|CS|TAMS 0x00000000c5300000, 0x00000000c5300000| Complete 
|  63|0x00000000c5b00000, 0x00000000c5c00000, 0x00000000c5c00000|100%| E|CS|TAMS 0x00000000c5b00000, 0x00000000c5b00000| Complete 

Card table byte_map: [0x000001a474ed0000,0x000001a4750d0000] _byte_map_base: 0x000001a4748c2000

Marking Bits (Prev, Next): (CMBitMap*) 0x000001a46d115930, (CMBitMap*) 0x000001a46d1158f0
 Prev Bits: [0x000001a476260000, 0x000001a4771f0000)
 Next Bits: [0x000001a4752d0000, 0x000001a476260000)

Polling page: 0x000001a46c8a0000

Metaspace:

Usage:
  Non-class:     19.37 MB used.
      Class:      2.58 MB used.
       Both:     21.95 MB used.

Virtual space:
  Non-class space:       64.00 MB reserved,      19.56 MB ( 31%) committed,  1 nodes.
      Class space:        1.00 GB reserved,       2.75 MB ( <1%) committed,  1 nodes.
             Both:        1.06 GB reserved,      22.31 MB (  2%) committed. 

Chunk freelists:
   Non-Class:  12.38 MB
       Class:  13.16 MB
        Both:  25.53 MB

MaxMetaspaceSize: unlimited
CompressedClassSpaceSize: 1.00 GB
Initial GC threshold: 21.00 MB
Current GC threshold: 35.12 MB
CDS: on
MetaspaceReclaimPolicy: balanced
 - commit_granule_bytes: 65536.
 - commit_granule_words: 8192.
 - virtual_space_node_default_size: 8388608.
 - enlarge_chunks_in_place: 1.
 - new_chunks_are_fully_committed: 0.
 - uncommit_free_chunks: 1.
 - use_allocation_guard: 0.
 - handle_deallocations: 1.


Internal statistics:

num_allocs_failed_limit: 3.
num_arena_births: 446.
num_arena_deaths: 0.
num_vsnodes_births: 2.
num_vsnodes_deaths: 0.
num_space_committed: 357.
num_space_uncommitted: 0.
num_chunks_returned_to_freelist: 3.
num_chunks_taken_from_freelist: 1076.
num_chunk_merges: 0.
num_chunk_splits: 709.
num_chunks_enlarged: 458.
num_inconsistent_stats: 0.

CodeHeap 'non-profiled nmethods': size=120000Kb used=1561Kb max_used=2126Kb free=118438Kb
 bounds [0x000001a407ad0000, 0x000001a407d40000, 0x000001a40f000000]
CodeHeap 'profiled nmethods': size=120000Kb used=5319Kb max_used=7072Kb free=114680Kb
 bounds [0x000001a400000000, 0x000001a4006f0000, 0x000001a407530000]
CodeHeap 'non-nmethods': size=5760Kb used=1254Kb max_used=1342Kb free=4505Kb
 bounds [0x000001a407530000, 0x000001a4077a0000, 0x000001a407ad0000]
 total_blobs=3470 nmethods=2904 adapters=478
 compilation: enabled
              stopped_count=0, restarted_count=0
 full_count=0

Compilation events (20 events):
Event: 29.889 Thread 0x000001a479bbf7a0 3417  s    2       java.io.ByteArrayInputStream::read (73 bytes)
Event: 29.890 Thread 0x000001a479bbf7a0 nmethod 3417 0x000001a4003f7090 code [0x000001a4003f7260, 0x000001a4003f7678]
Event: 29.890 Thread 0x000001a479bbf7a0 3418       2       java.time.Instant::toEpochMilli (72 bytes)
Event: 29.891 Thread 0x000001a479bbf7a0 nmethod 3418 0x000001a4003f6990 code [0x000001a4003f6b60, 0x000001a4003f6db8]
Event: 29.891 Thread 0x000001a479bbf7a0 3420       2       java.util.concurrent.CompletableFuture::completeValue (20 bytes)
Event: 29.892 Thread 0x000001a479bbf7a0 nmethod 3420 0x000001a4000a5590 code [0x000001a4000a5760, 0x000001a4000a5b78]
Event: 29.892 Thread 0x000001a479bbf7a0 3419       2       java.lang.System::getProperty (26 bytes)
Event: 29.893 Thread 0x000001a479bbf7a0 nmethod 3419 0x000001a4000a4e90 code [0x000001a4000a5060, 0x000001a4000a5398]
Event: 29.964 Thread 0x000001a479bbf7a0 3421       2       java.util.concurrent.ScheduledThreadPoolExecutor::triggerTime (22 bytes)
Event: 29.965 Thread 0x000001a479bbf7a0 nmethod 3421 0x000001a40065f890 code [0x000001a40065fa20, 0x000001a40065fb88]
Event: 29.965 Thread 0x000001a479bbf7a0 3422       2       java.util.concurrent.ScheduledThreadPoolExecutor$DelayedWorkQueue::add (9 bytes)
Event: 29.965 Thread 0x000001a479bbf7a0 nmethod 3422 0x000001a40065f490 code [0x000001a40065f640, 0x000001a40065f7c8]
Event: 29.965 Thread 0x000001a479bbf7a0 3423       2       java.util.concurrent.ThreadPoolExecutor::ensurePrestart (41 bytes)
Event: 29.966 Thread 0x000001a479bbf7a0 nmethod 3423 0x000001a40065f010 code [0x000001a40065f1c0, 0x000001a40065f378]
Event: 30.083 Thread 0x000001a479bbf7a0 3424       2       java.util.concurrent.locks.AbstractQueuedSynchronizer$Node::<init> (5 bytes)
Event: 30.083 Thread 0x000001a479bbf7a0 nmethod 3424 0x000001a400069c90 code [0x000001a400069e20, 0x000001a400069f18]
Event: 30.333 Thread 0x000001a479bbf7a0 3425       2       java.util.concurrent.locks.AbstractQueuedSynchronizer$ConditionNode::<init> (5 bytes)
Event: 30.333 Thread 0x000001a479bbf7a0 nmethod 3425 0x000001a4000a4b90 code [0x000001a4000a4d20, 0x000001a4000a4e18]
Event: 30.333 Thread 0x000001a479bbf7a0 3426       2       java.util.concurrent.locks.AbstractQueuedSynchronizer$ConditionObject::enableWait (84 bytes)
Event: 30.335 Thread 0x000001a479bbf7a0 nmethod 3426 0x000001a400405e10 code [0x000001a400406000, 0x000001a400406488]

GC Heap History (16 events):
Event: 3.097 GC heap before
{Heap before GC invocations=0 (full 0):
 garbage-first heap   total 65536K, used 24576K [0x00000000c1c00000, 0x0000000100000000)
  region size 1024K, 23 young (23552K), 0 survivors (0K)
 Metaspace       used 3209K, committed 3264K, reserved 1114112K
  class space    used 303K, committed 320K, reserved 1048576K
}
Event: 3.104 GC heap after
{Heap after GC invocations=1 (full 0):
 garbage-first heap   total 65536K, used 9408K [0x00000000c1c00000, 0x0000000100000000)
  region size 1024K, 3 young (3072K), 3 survivors (3072K)
 Metaspace       used 3209K, committed 3264K, reserved 1114112K
  class space    used 303K, committed 320K, reserved 1048576K
}
Event: 5.799 GC heap before
{Heap before GC invocations=1 (full 0):
 garbage-first heap   total 65536K, used 31936K [0x00000000c1c00000, 0x0000000100000000)
  region size 1024K, 26 young (26624K), 3 survivors (3072K)
 Metaspace       used 4676K, committed 4864K, reserved 1114112K
  class space    used 418K, committed 512K, reserved 1048576K
}
Event: 5.811 GC heap after
{Heap after GC invocations=2 (full 0):
 garbage-first heap   total 65536K, used 10415K [0x00000000c1c00000, 0x0000000100000000)
  region size 1024K, 2 young (2048K), 2 survivors (2048K)
 Metaspace       used 4676K, committed 4864K, reserved 1114112K
  class space    used 418K, committed 512K, reserved 1048576K
}
Event: 8.206 GC heap before
{Heap before GC invocations=2 (full 0):
 garbage-first heap   total 65536K, used 33967K [0x00000000c1c00000, 0x0000000100000000)
  region size 1024K, 26 young (26624K), 2 survivors (2048K)
 Metaspace       used 8083K, committed 8256K, reserved 1114112K
  class space    used 799K, committed 896K, reserved 1048576K
}
Event: 8.222 GC heap after
{Heap after GC invocations=3 (full 0):
 garbage-first heap   total 65536K, used 11205K [0x00000000c1c00000, 0x0000000100000000)
  region size 1024K, 3 young (3072K), 3 survivors (3072K)
 Metaspace       used 8083K, committed 8256K, reserved 1114112K
  class space    used 799K, committed 896K, reserved 1048576K
}
Event: 9.528 GC heap before
{Heap before GC invocations=3 (full 0):
 garbage-first heap   total 65536K, used 43973K [0x00000000c1c00000, 0x0000000100000000)
  region size 1024K, 35 young (35840K), 3 survivors (3072K)
 Metaspace       used 9933K, committed 10240K, reserved 1114112K
  class space    used 1000K, committed 1152K, reserved 1048576K
}
Event: 9.541 GC heap after
{Heap after GC invocations=4 (full 0):
 garbage-first heap   total 65536K, used 11713K [0x00000000c1c00000, 0x0000000100000000)
  region size 1024K, 3 young (3072K), 3 survivors (3072K)
 Metaspace       used 9933K, committed 10240K, reserved 1114112K
  class space    used 1000K, committed 1152K, reserved 1048576K
}
Event: 12.468 GC heap before
{Heap before GC invocations=4 (full 0):
 garbage-first heap   total 65536K, used 46529K [0x00000000c1c00000, 0x0000000100000000)
  region size 1024K, 37 young (37888K), 3 survivors (3072K)
 Metaspace       used 11872K, committed 12160K, reserved 1114112K
  class space    used 1213K, committed 1344K, reserved 1048576K
}
Event: 12.482 GC heap after
{Heap after GC invocations=5 (full 0):
 garbage-first heap   total 65536K, used 11981K [0x00000000c1c00000, 0x0000000100000000)
  region size 1024K, 3 young (3072K), 3 survivors (3072K)
 Metaspace       used 11872K, committed 12160K, reserved 1114112K
  class space    used 1213K, committed 1344K, reserved 1048576K
}
Event: 15.739 GC heap before
{Heap before GC invocations=5 (full 0):
 garbage-first heap   total 65536K, used 47821K [0x00000000c1c00000, 0x0000000100000000)
  region size 1024K, 38 young (38912K), 3 survivors (3072K)
 Metaspace       used 14429K, committed 14720K, reserved 1114112K
  class space    used 1579K, committed 1728K, reserved 1048576K
}
Event: 15.747 GC heap after
{Heap after GC invocations=6 (full 0):
 garbage-first heap   total 65536K, used 12872K [0x00000000c1c00000, 0x0000000100000000)
  region size 1024K, 3 young (3072K), 3 survivors (3072K)
 Metaspace       used 14429K, committed 14720K, reserved 1114112K
  class space    used 1579K, committed 1728K, reserved 1048576K
}
Event: 17.326 GC heap before
{Heap before GC invocations=6 (full 0):
 garbage-first heap   total 65536K, used 47688K [0x00000000c1c00000, 0x0000000100000000)
  region size 1024K, 38 young (38912K), 3 survivors (3072K)
 Metaspace       used 19947K, committed 20288K, reserved 1114112K
  class space    used 2238K, committed 2368K, reserved 1048576K
}
Event: 17.334 GC heap after
{Heap after GC invocations=7 (full 0):
 garbage-first heap   total 65536K, used 15311K [0x00000000c1c00000, 0x0000000100000000)
  region size 1024K, 5 young (5120K), 5 survivors (5120K)
 Metaspace       used 19947K, committed 20288K, reserved 1114112K
  class space    used 2238K, committed 2368K, reserved 1048576K
}
Event: 28.793 GC heap before
{Heap before GC invocations=7 (full 0):
 garbage-first heap   total 65536K, used 30671K [0x00000000c1c00000, 0x0000000100000000)
  region size 1024K, 22 young (22528K), 5 survivors (5120K)
 Metaspace       used 21159K, committed 21504K, reserved 1114112K
  class space    used 2448K, committed 2624K, reserved 1048576K
}
Event: 28.854 GC heap after
{Heap after GC invocations=8 (full 0):
 garbage-first heap   total 65536K, used 15577K [0x00000000c1c00000, 0x0000000100000000)
  region size 1024K, 1 young (1024K), 1 survivors (1024K)
 Metaspace       used 21159K, committed 21504K, reserved 1114112K
  class space    used 2448K, committed 2624K, reserved 1048576K
}

Deoptimization events (20 events):
Event: 28.733 Thread 0x000001a47eb3c450 DEOPT PACKING pc=0x000001a400290e70 sp=0x000000923d4fba10
Event: 28.734 Thread 0x000001a47eb3c450 DEOPT UNPACKING pc=0x000001a407582b43 sp=0x000000923d4faef0 mode 0
Event: 28.734 Thread 0x000001a47eb3c450 DEOPT PACKING pc=0x000001a400294472 sp=0x000000923d4fb970
Event: 28.734 Thread 0x000001a47eb3c450 DEOPT UNPACKING pc=0x000001a407582b43 sp=0x000000923d4faef0 mode 0
Event: 29.128 Thread 0x000001a47e01f400 DEOPT PACKING pc=0x000001a40054b14a sp=0x000000923b9fa950
Event: 29.128 Thread 0x000001a47e01f400 DEOPT UNPACKING pc=0x000001a407582b43 sp=0x000000923b9fa060 mode 0
Event: 29.389 Thread 0x000001a47e01f400 DEOPT PACKING pc=0x000001a40054b14a sp=0x000000923b9fa350
Event: 29.389 Thread 0x000001a47e01f400 DEOPT UNPACKING pc=0x000001a407582b43 sp=0x000000923b9f9a60 mode 0
Event: 29.403 Thread 0x000001a47e01f400 DEOPT PACKING pc=0x000001a400294472 sp=0x000000923b9f8030
Event: 29.403 Thread 0x000001a47e01f400 DEOPT UNPACKING pc=0x000001a407582b43 sp=0x000000923b9f75b0 mode 0
Event: 29.499 Thread 0x000001a47e01cb80 DEOPT PACKING pc=0x000001a40054b14a sp=0x000000923b8faa70
Event: 29.499 Thread 0x000001a47e01cb80 DEOPT UNPACKING pc=0x000001a407582b43 sp=0x000000923b8fa180 mode 0
Event: 29.567 Thread 0x000001a47f07b850 Uncommon trap: trap_request=0xffffff45 fr.pc=0x000001a407bf31bc relative=0x0000000000000a9c
Event: 29.567 Thread 0x000001a47f07b850 Uncommon trap: reason=unstable_if action=reinterpret pc=0x000001a407bf31bc method=sun.security.provider.SHA.implCompress0([BI)V @ 4 c2
Event: 29.568 Thread 0x000001a47f07b850 DEOPT PACKING pc=0x000001a407bf31bc sp=0x000000923b4fea90
Event: 29.571 Thread 0x000001a47f07b850 DEOPT UNPACKING pc=0x000001a4075823a3 sp=0x000000923b4fea00 mode 2
Event: 29.608 Thread 0x000001a47f10de90 DEOPT PACKING pc=0x000001a40054b14a sp=0x000000923b5fc3c0
Event: 29.608 Thread 0x000001a47f10de90 DEOPT UNPACKING pc=0x000001a407582b43 sp=0x000000923b5fbad0 mode 0
Event: 29.652 Thread 0x000001a47f10de90 DEOPT PACKING pc=0x000001a40054b14a sp=0x000000923b5fc1c0
Event: 29.652 Thread 0x000001a47f10de90 DEOPT UNPACKING pc=0x000001a407582b43 sp=0x000000923b5fb8d0 mode 0

Classes unloaded (0 events):
No events

Classes redefined (0 events):
No events

Internal exceptions (20 events):
Event: 17.083 Thread 0x000001a47e020330 Exception <a 'java/net/ConnectException'{0x00000000c42730a8}: Connection refused: no further information> (0x00000000c42730a8) 
thrown [s\open\src\hotspot\share\prims\jni.cpp, line 535]
Event: 17.083 Thread 0x000001a47e020330 Exception <a 'java/net/SocketException'{0x00000000c42733e0}: Socket is not connected: shutdown> (0x00000000c42733e0) 
thrown [s\open\src\hotspot\share\prims\jni.cpp, line 535]
Event: 17.169 Thread 0x000001a47e01f400 Exception <a 'java/lang/NoSuchMethodError'{0x00000000c41f5590}: 'void java.lang.invoke.DirectMethodHandle$Holder.invokeSpecial(java.lang.Object, java.lang.Object, java.lang.Object, int, int)'> (0x00000000c41f5590) 
thrown [s\open\src\hotspot\share\interpreter\linkResolver.cpp, line 759]
Event: 17.200 Thread 0x000001a47e01cb80 Exception <a 'java/lang/NoSuchMethodError'{0x00000000c3fb3838}: 'java.lang.Object java.lang.invoke.DirectMethodHandle$Holder.newInvokeSpecial(java.lang.Object, java.lang.Object, int, int)'> (0x00000000c3fb3838) 
thrown [s\open\src\hotspot\share\interpreter\linkResolver.cpp, line 759]
Event: 17.203 Thread 0x000001a47e01cb80 Exception <a 'java/lang/NoSuchMethodError'{0x00000000c3fbe320}: 'void java.lang.invoke.DirectMethodHandle$Holder.invokeStatic(java.lang.Object, java.lang.Object, int)'> (0x00000000c3fbe320) 
thrown [s\open\src\hotspot\share\interpreter\linkResolver.cpp, line 759]
Event: 17.203 Thread 0x000001a47e01f400 Exception <a 'java/lang/NoSuchMethodError'{0x00000000c3fda320}: 'void java.lang.invoke.DirectMethodHandle$Holder.invokeStatic(java.lang.Object, java.lang.Object, int)'> (0x00000000c3fda320) 
thrown [s\open\src\hotspot\share\interpreter\linkResolver.cpp, line 759]
Event: 17.425 Thread 0x000001a47eb391b0 Exception <a 'java/lang/NoSuchMethodError'{0x00000000c5743818}: 'java.lang.Object java.lang.invoke.DirectMethodHandle$Holder.invokeSpecial(java.lang.Object, java.lang.Object, java.lang.Object, java.lang.Object, int)'> (0x00000000c5743818) 
thrown [s\open\src\hotspot\share\interpreter\linkResolver.cpp, line 759]
Event: 17.425 Thread 0x000001a47eb396c0 Exception <a 'java/lang/NoSuchMethodError'{0x00000000c573ba78}: 'java.lang.Object java.lang.invoke.DirectMethodHandle$Holder.invokeSpecial(java.lang.Object, java.lang.Object, java.lang.Object, java.lang.Object, int)'> (0x00000000c573ba78) 
thrown [s\open\src\hotspot\share\interpreter\linkResolver.cpp, line 759]
Event: 17.425 Thread 0x000001a47eb3ba30 Exception <a 'java/lang/NoSuchMethodError'{0x00000000c5712970}: 'java.lang.Object java.lang.invoke.DirectMethodHandle$Holder.invokeSpecial(java.lang.Object, java.lang.Object, java.lang.Object, java.lang.Object, int)'> (0x00000000c5712970) 
thrown [s\open\src\hotspot\share\interpreter\linkResolver.cpp, line 759]
Event: 17.425 Thread 0x000001a47eb391b0 Exception <a 'java/lang/NoSuchMethodError'{0x00000000c57470c0}: 'java.lang.Object java.lang.invoke.Invokers$Holder.linkToTargetMethod(java.lang.Object, java.lang.Object, int, java.lang.Object)'> (0x00000000c57470c0) 
thrown [s\open\src\hotspot\share\interpreter\linkResolver.cpp, line 759]
Event: 17.425 Thread 0x000001a47eb396c0 Exception <a 'java/lang/NoSuchMethodError'{0x00000000c5764240}: 'java.lang.Object java.lang.invoke.Invokers$Holder.linkToTargetMethod(java.lang.Object, java.lang.Object, int, java.lang.Object)'> (0x00000000c5764240) 
thrown [s\open\src\hotspot\share\interpreter\linkResolver.cpp, line 759]
Event: 17.425 Thread 0x000001a47eb3ba30 Exception <a 'java/lang/NoSuchMethodError'{0x00000000c5752100}: 'java.lang.Object java.lang.invoke.Invokers$Holder.linkToTargetMethod(java.lang.Object, java.lang.Object, int, java.lang.Object)'> (0x00000000c5752100) 
thrown [s\open\src\hotspot\share\interpreter\linkResolver.cpp, line 759]
Event: 17.558 Thread 0x000001a47eb396c0 Exception <a 'java/lang/NoSuchMethodError'{0x00000000c52cfaa0}: 'void java.lang.invoke.DirectMethodHandle$Holder.invokeSpecial(java.lang.Object, java.lang.Object, java.lang.Object, java.lang.Object, java.lang.Object)'> (0x00000000c52cfaa0) 
thrown [s\open\src\hotspot\share\interpreter\linkResolver.cpp, line 759]
Event: 17.558 Thread 0x000001a47eb391b0 Exception <a 'java/lang/NoSuchMethodError'{0x00000000c51b8e18}: 'void java.lang.invoke.DirectMethodHandle$Holder.invokeSpecial(java.lang.Object, java.lang.Object, java.lang.Object, java.lang.Object, java.lang.Object)'> (0x00000000c51b8e18) 
thrown [s\open\src\hotspot\share\interpreter\linkResolver.cpp, line 759]
Event: 17.558 Thread 0x000001a47eb3ba30 Exception <a 'java/lang/NoSuchMethodError'{0x00000000c518e990}: 'void java.lang.invoke.DirectMethodHandle$Holder.invokeSpecial(java.lang.Object, java.lang.Object, java.lang.Object, java.lang.Object, java.lang.Object)'> (0x00000000c518e990) 
thrown [s\open\src\hotspot\share\interpreter\linkResolver.cpp, line 759]
Event: 28.958 Thread 0x000001a47eb3c450 Exception <a 'java/lang/NoSuchMethodError'{0x00000000c5b2e800}: 'java.lang.Object java.lang.invoke.DirectMethodHandle$Holder.newInvokeSpecial(java.lang.Object, java.lang.Object, long, java.lang.Object, java.lang.Object, java.lang.Object)'> (0x00000000c5b2e800) 
thrown [s\open\src\hotspot\share\interpreter\linkResolver.cpp, line 759]
Event: 28.987 Thread 0x000001a47eb3c450 Exception <a 'java/lang/NoSuchMethodError'{0x00000000c5b85938}: 'void java.lang.invoke.DirectMethodHandle$Holder.invokeSpecial(java.lang.Object, java.lang.Object, java.lang.Object, java.lang.Object, java.lang.Object, java.lang.Object, java.lang.Object)'> (0x00000000c5b85938) 
thrown [s\open\src\hotspot\share\interpreter\linkResolver.cpp, line 759]
Event: 29.075 Thread 0x000001a47e01dfc0 Exception <a 'java/lang/NoSuchMethodError'{0x00000000c53f2f78}: 'java.lang.Object java.lang.invoke.DirectMethodHandle$Holder.invokeSpecialIFC(java.lang.Object, java.lang.Object, java.lang.Object)'> (0x00000000c53f2f78) 
thrown [s\open\src\hotspot\share\interpreter\linkResolver.cpp, line 759]
Event: 29.075 Thread 0x000001a47e01f400 Exception <a 'java/lang/NoSuchMethodError'{0x00000000c522c300}: 'java.lang.Object java.lang.invoke.DirectMethodHandle$Holder.invokeSpecialIFC(java.lang.Object, java.lang.Object, java.lang.Object)'> (0x00000000c522c300) 
thrown [s\open\src\hotspot\share\interpreter\linkResolver.cpp, line 759]
Event: 29.567 Thread 0x000001a47f07b850 Implicit null exception at 0x000001a407bf2756 to 0x000001a407bf31a0

VM Operations (20 events):
Event: 19.154 Executing VM operation: HandshakeAllThreads
Event: 19.154 Executing VM operation: HandshakeAllThreads done
Event: 19.265 Executing VM operation: HandshakeAllThreads
Event: 19.265 Executing VM operation: HandshakeAllThreads done
Event: 19.326 Executing VM operation: HandshakeAllThreads
Event: 19.326 Executing VM operation: HandshakeAllThreads done
Event: 20.329 Executing VM operation: Cleanup
Event: 20.329 Executing VM operation: Cleanup done
Event: 22.348 Executing VM operation: Cleanup
Event: 22.349 Executing VM operation: Cleanup done
Event: 28.664 Executing VM operation: HandshakeAllThreads
Event: 28.665 Executing VM operation: HandshakeAllThreads done
Event: 28.665 Executing VM operation: Cleanup
Event: 28.665 Executing VM operation: Cleanup done
Event: 28.788 Executing VM operation: CollectForMetadataAllocation
Event: 28.855 Executing VM operation: CollectForMetadataAllocation done
Event: 28.916 Executing VM operation: G1Concurrent
Event: 28.941 Executing VM operation: G1Concurrent done
Event: 28.951 Executing VM operation: G1Concurrent
Event: 28.952 Executing VM operation: G1Concurrent done

Events (20 events):
Event: 29.367 Thread 0x000001a450f533d0 Thread added: 0x000001a450f533d0
Event: 29.367 Thread 0x000001a450f538e0 Thread added: 0x000001a450f538e0
Event: 29.368 Thread 0x000001a450f524a0 Thread added: 0x000001a450f524a0
Event: 29.368 Thread 0x000001a450f53df0 Thread added: 0x000001a450f53df0
Event: 29.396 loading class java/util/concurrent/locks/ReadWriteLock
Event: 29.397 loading class java/util/concurrent/locks/ReadWriteLock done
Event: 29.406 loading class java/util/concurrent/locks/ReentrantReadWriteLock
Event: 29.407 loading class java/util/concurrent/locks/ReentrantReadWriteLock done
Event: 29.408 loading class java/util/concurrent/locks/ReentrantReadWriteLock$FairSync
Event: 29.409 loading class java/util/concurrent/locks/ReentrantReadWriteLock$Sync
Event: 29.413 loading class java/util/concurrent/locks/ReentrantReadWriteLock$Sync done
Event: 29.413 loading class java/util/concurrent/locks/ReentrantReadWriteLock$FairSync done
Event: 29.417 loading class java/util/concurrent/locks/ReentrantReadWriteLock$Sync$ThreadLocalHoldCounter
Event: 29.420 loading class java/util/concurrent/locks/ReentrantReadWriteLock$Sync$ThreadLocalHoldCounter done
Event: 29.420 loading class java/util/concurrent/locks/ReentrantReadWriteLock$ReadLock
Event: 29.420 loading class java/util/concurrent/locks/ReentrantReadWriteLock$ReadLock done
Event: 29.420 loading class java/util/concurrent/locks/ReentrantReadWriteLock$WriteLock
Event: 29.421 loading class java/util/concurrent/locks/ReentrantReadWriteLock$WriteLock done
Event: 29.557 loading class sun/net/www/HeaderParser
Event: 29.559 loading class sun/net/www/HeaderParser done


Dynamic libraries:
0x00007ff75af90000 - 0x00007ff75afa0000 	C:\Program Files\Java\jdk-17\bin\java.exe
0x00007ffaae110000 - 0x00007ffaae327000 	C:\WINDOWS\SYSTEM32\ntdll.dll
0x00007ffaad8e0000 - 0x00007ffaad9a4000 	C:\WINDOWS\System32\KERNEL32.DLL
0x00007ffaab880000 - 0x00007ffaabc3a000 	C:\WINDOWS\System32\KERNELBASE.dll
0x00007ffaab4a0000 - 0x00007ffaab5b1000 	C:\WINDOWS\System32\ucrtbase.dll
0x00007ffaa1d30000 - 0x00007ffaa1d4b000 	C:\Program Files\Java\jdk-17\bin\VCRUNTIME140.dll
0x00007ffa983e0000 - 0x00007ffa983f9000 	C:\Program Files\Java\jdk-17\bin\jli.dll
0x00007ffaac730000 - 0x00007ffaac7e2000 	C:\WINDOWS\System32\ADVAPI32.dll
0x00007ffaae020000 - 0x00007ffaae0c7000 	C:\WINDOWS\System32\msvcrt.dll
0x00007ffaadf70000 - 0x00007ffaae017000 	C:\WINDOWS\System32\sechost.dll
0x00007ffaab850000 - 0x00007ffaab878000 	C:\WINDOWS\System32\bcrypt.dll
0x00007ffaad5b0000 - 0x00007ffaad6c4000 	C:\WINDOWS\System32\RPCRT4.dll
0x00007ffaadcc0000 - 0x00007ffaade6e000 	C:\WINDOWS\System32\USER32.dll
0x00007ffaabce0000 - 0x00007ffaabd06000 	C:\WINDOWS\System32\win32u.dll
0x00007ffa92130000 - 0x00007ffa923c2000 	C:\WINDOWS\WinSxS\amd64_microsoft.windows.common-controls_6595b64144ccf1df_6.0.22621.4541_none_2710d1c57384c085\COMCTL32.dll
0x00007ffaac920000 - 0x00007ffaac949000 	C:\WINDOWS\System32\GDI32.dll
0x00007ffaab730000 - 0x00007ffaab84b000 	C:\WINDOWS\System32\gdi32full.dll
0x00007ffaabc40000 - 0x00007ffaabcda000 	C:\WINDOWS\System32\msvcp_win.dll
0x00007ffaa2f20000 - 0x00007ffaa2f2a000 	C:\WINDOWS\SYSTEM32\VERSION.dll
0x00007ffaadc80000 - 0x00007ffaadcb1000 	C:\WINDOWS\System32\IMM32.DLL
0x00007ffa984c0000 - 0x00007ffa984cc000 	C:\Program Files\Java\jdk-17\bin\vcruntime140_1.dll
0x00007ffa5ddb0000 - 0x00007ffa5de3e000 	C:\Program Files\Java\jdk-17\bin\msvcp140.dll
0x00007ffa50790000 - 0x00007ffa51370000 	C:\Program Files\Java\jdk-17\bin\server\jvm.dll
0x00007ffaada90000 - 0x00007ffaada98000 	C:\WINDOWS\System32\PSAPI.DLL
0x00007ffaa57f0000 - 0x00007ffaa5824000 	C:\WINDOWS\SYSTEM32\WINMM.dll
0x00007ffa86bd0000 - 0x00007ffa86bd9000 	C:\WINDOWS\SYSTEM32\WSOCK32.dll
0x00007ffaac8a0000 - 0x00007ffaac911000 	C:\WINDOWS\System32\WS2_32.dll
0x00007ffaaa3e0000 - 0x00007ffaaa3f8000 	C:\WINDOWS\SYSTEM32\kernel.appcore.dll
0x00007ffa93690000 - 0x00007ffa9369a000 	C:\Program Files\Java\jdk-17\bin\jimage.dll
0x00007ffaa8ca0000 - 0x00007ffaa8ed2000 	C:\WINDOWS\SYSTEM32\DBGHELP.DLL
0x00007ffaacd50000 - 0x00007ffaad0df000 	C:\WINDOWS\System32\combase.dll
0x00007ffaad9b0000 - 0x00007ffaada87000 	C:\WINDOWS\System32\OLEAUT32.dll
0x00007ffa8cce0000 - 0x00007ffa8cd12000 	C:\WINDOWS\SYSTEM32\dbgcore.DLL
0x00007ffaabd90000 - 0x00007ffaabe0b000 	C:\WINDOWS\System32\bcryptPrimitives.dll
0x00007ffa91d80000 - 0x00007ffa91d8e000 	C:\Program Files\Java\jdk-17\bin\instrument.dll
0x00007ffa93440000 - 0x00007ffa93465000 	C:\Program Files\Java\jdk-17\bin\java.dll
0x00007ffa5caf0000 - 0x00007ffa5cbc7000 	C:\Program Files\Java\jdk-17\bin\jsvml.dll
0x00007ffaabe30000 - 0x00007ffaac6a8000 	C:\WINDOWS\System32\SHELL32.dll
0x00007ffaa92d0000 - 0x00007ffaa9bd8000 	C:\WINDOWS\SYSTEM32\windows.storage.dll
0x00007ffaa9190000 - 0x00007ffaa92cf000 	C:\WINDOWS\SYSTEM32\wintypes.dll
0x00007ffaacb90000 - 0x00007ffaacc8a000 	C:\WINDOWS\System32\SHCORE.dll
0x00007ffaac970000 - 0x00007ffaac9ce000 	C:\WINDOWS\System32\shlwapi.dll
0x00007ffaab310000 - 0x00007ffaab33b000 	C:\WINDOWS\SYSTEM32\profapi.dll
0x00007ffa93400000 - 0x00007ffa93418000 	C:\Program Files\Java\jdk-17\bin\zip.dll
0x00007ffa93670000 - 0x00007ffa93689000 	C:\Program Files\Java\jdk-17\bin\net.dll
0x00007ffaa5d80000 - 0x00007ffaa5eb6000 	C:\WINDOWS\SYSTEM32\WINHTTP.dll
0x00007ffaaa850000 - 0x00007ffaaa8b9000 	C:\WINDOWS\system32\mswsock.dll
0x00007ffa93420000 - 0x00007ffa93436000 	C:\Program Files\Java\jdk-17\bin\nio.dll
0x00007ffa931f0000 - 0x00007ffa93200000 	C:\Program Files\Java\jdk-17\bin\verify.dll
0x00007ffa7e9a0000 - 0x00007ffa7e9b7000 	C:\WINDOWS\system32\napinsp.dll
0x00007ffa7ea20000 - 0x00007ffa7ea3b000 	C:\WINDOWS\system32\pnrpnsp.dll
0x00007ffaa9eb0000 - 0x00007ffaa9fb2000 	C:\WINDOWS\SYSTEM32\DNSAPI.dll
0x00007ffaa9e40000 - 0x00007ffaa9e6d000 	C:\WINDOWS\SYSTEM32\IPHLPAPI.DLL
0x00007ffaacd40000 - 0x00007ffaacd49000 	C:\WINDOWS\System32\NSI.dll
0x00007ffa7e980000 - 0x00007ffa7e991000 	C:\WINDOWS\System32\winrnr.dll
0x00007ffaa57d0000 - 0x00007ffaa57e5000 	C:\WINDOWS\system32\wshbth.dll
0x00007ffa7e870000 - 0x00007ffa7e897000 	C:\WINDOWS\system32\nlansp_c.dll
0x00007ffa906a0000 - 0x00007ffa906aa000 	C:\Windows\System32\rasadhlp.dll
0x00007ffaa2de0000 - 0x00007ffaa2e63000 	C:\WINDOWS\System32\fwpuclnt.dll
0x00007ffa91360000 - 0x00007ffa9136a000 	C:\Program Files\Java\jdk-17\bin\management.dll
0x00007ffa90ac0000 - 0x00007ffa90acb000 	C:\Program Files\Java\jdk-17\bin\management_ext.dll
0x00007ffaaaa90000 - 0x00007ffaaaaab000 	C:\WINDOWS\SYSTEM32\CRYPTSP.dll
0x00007ffaaa340000 - 0x00007ffaaa375000 	C:\WINDOWS\system32\rsaenh.dll
0x00007ffaaa920000 - 0x00007ffaaa948000 	C:\WINDOWS\SYSTEM32\USERENV.dll
0x00007ffaaaa80000 - 0x00007ffaaaa8c000 	C:\WINDOWS\SYSTEM32\CRYPTBASE.dll
0x00007ffaa5850000 - 0x00007ffaa5869000 	C:\WINDOWS\SYSTEM32\dhcpcsvc6.DLL
0x00007ffaa5830000 - 0x00007ffaa584f000 	C:\WINDOWS\SYSTEM32\dhcpcsvc.DLL
0x00007ffa8ff50000 - 0x00007ffa8ff5e000 	C:\Program Files\Java\jdk-17\bin\sunmscapi.dll
0x00007ffaab5c0000 - 0x00007ffaab726000 	C:\WINDOWS\System32\CRYPT32.dll
0x00007ffaaacb0000 - 0x00007ffaaacdd000 	C:\WINDOWS\SYSTEM32\ncrypt.dll
0x00007ffaaac70000 - 0x00007ffaaaca7000 	C:\WINDOWS\SYSTEM32\NTASN1.dll
0x00007ffa6bcc0000 - 0x00007ffa6bcc8000 	C:\WINDOWS\system32\wshunix.dll

dbghelp: loaded successfully - version: 4.0.5 - missing functions: none
symbol engine: initialized successfully - sym options: 0x614 - pdb path: .;C:\Program Files\Java\jdk-17\bin;C:\WINDOWS\SYSTEM32;C:\WINDOWS\WinSxS\amd64_microsoft.windows.common-controls_6595b64144ccf1df_6.0.22621.4541_none_2710d1c57384c085;C:\Program Files\Java\jdk-17\bin\server

VM Arguments:
jvm_args: -javaagent:C:\\Users\\Nikshepa\\.m2\\repository\\org\\jacoco\\org.jacoco.agent\\0.8.12\\org.jacoco.agent-0.8.12-runtime.jar=destfile=C:\\UIAndAPIFramework\\UIAndAPIAutomationFramework\\target\\jacoco.exec 
java_command: C:\Users\Nikshepa\AppData\Local\Temp\surefire5598943000386915267\surefirebooter-20250114190208343_3.jar C:\Users\Nikshepa\AppData\Local\Temp\surefire5598943000386915267 2025-01-14T19-02-07_265-jvmRun1 surefire-20250114190208343_1tmp surefire_0-20250114190208343_2tmp
java_class_path (initial): C:\Users\Nikshepa\AppData\Local\Temp\surefire5598943000386915267\surefirebooter-20250114190208343_3.jar
Launcher Type: SUN_STANDARD

[Global flags]
     intx CICompilerCount                          = 4                                         {product} {ergonomic}
     uint ConcGCThreads                            = 2                                         {product} {ergonomic}
     uint G1ConcRefinementThreads                  = 8                                         {product} {ergonomic}
   size_t G1HeapRegionSize                         = 1048576                                   {product} {ergonomic}
    uintx GCDrainStackTargetSize                   = 64                                        {product} {ergonomic}
   size_t InitialHeapSize                          = 67108864                                  {product} {ergonomic}
   size_t MarkStackSize                            = 4194304                                   {product} {ergonomic}
   size_t MaxHeapSize                              = 1044381696                                {product} {ergonomic}
   size_t MaxNewSize                               = 625999872                                 {product} {ergonomic}
   size_t MinHeapDeltaBytes                        = 1048576                                   {product} {ergonomic}
   size_t MinHeapSize                              = 8388608                                   {product} {ergonomic}
    uintx NonNMethodCodeHeapSize                   = 5839372                                {pd product} {ergonomic}
    uintx NonProfiledCodeHeapSize                  = 122909434                              {pd product} {ergonomic}
    uintx ProfiledCodeHeapSize                     = 122909434                              {pd product} {ergonomic}
    uintx ReservedCodeCacheSize                    = 251658240                              {pd product} {ergonomic}
     bool SegmentedCodeCache                       = true                                      {product} {ergonomic}
   size_t SoftMaxHeapSize                          = 1044381696                             {manageable} {ergonomic}
     bool UseCompressedClassPointers               = true                           {product lp64_product} {ergonomic}
     bool UseCompressedOops                        = true                           {product lp64_product} {ergonomic}
     bool UseG1GC                                  = true                                      {product} {ergonomic}
     bool UseLargePagesIndividualAllocation        = false                                  {pd product} {ergonomic}

Logging:
Log output configuration:
 #0: stdout all=warning uptime,level,tags
 #1: stderr all=off uptime,level,tags

Environment Variables:
JAVA_HOME=C:\Program Files\Java\jdk-17
PATH=C:\Program Files (x86)\TRICENTIS\Tosca Testsuite\ToscaCommander;;C:\Program Files\Java\jdk-21\bin;C:\app\Nikshepa\product\18.0.0\dbhomeXE\bin;C:\Users\Nikshepa\Downloads\instantclient-sqlplus-windows.x64-23.6.0.24.10\instantclient_23_6;C:\Program Files\maven\apache-maven-3.9.6\bin;C:\Windows\System32;C:\Program Files\Docker\Docker\Resources\bin;C:\Program Files\dotnet\;C:\Program Files\Java\jdk-17\bin;C:\Users\Nikshepa\AppData\Local\Microsoft\WindowsApps;C:\sonarqube\sonarqube-9.9.5.90363\bin\windows-x86-64;C:\Users\Nikshepa\AppData\Roaming\npm
USERNAME=Nikshepa
OS=Windows_NT
PROCESSOR_IDENTIFIER=Intel64 Family 6 Model 142 Stepping 12, GenuineIntel



---------------  S Y S T E M  ---------------

OS:
 Windows 11 , 64 bit Build 22621 (10.0.22621.4391)
OS uptime: 3 days 21:35 hours
Hyper-V role detected

CPU: total 8 (initial active 8) (4 cores per cpu, 2 threads per core) family 6 model 142 stepping 12 microcode 0xde, cx8, cmov, fxsr, ht, mmx, 3dnowpref, sse, sse2, sse3, ssse3, sse4.1, sse4.2, popcnt, lzcnt, tsc, tscinvbit, avx, avx2, aes, erms, clmul, bmi1, bmi2, adx, fma, vzeroupper, clflush, clflushopt, hv

Memory: 4k page, system-wide physical 3982M (6M free)
TotalPageFile size 16270M (AvailPageFile size 0M)
current process WorkingSet (physical memory assigned to process): 122M, peak: 161M
current process commit charge ("private bytes"): 213M, peak: 229M

vm_info: Java HotSpot(TM) 64-Bit Server VM (17.0.12+8-LTS-286) for windows-amd64 JRE (17.0.12+8-LTS-286), built on Jun  5 2024 06:46:59 by "mach5one" with MS VC++ 17.6 (VS2022)

END.
